13:51:12 INFO  : Registering command handlers for SDK TCF services
13:51:14 INFO  : Launching XSCT server: xsct.bat -interactive D:\FPGA\hardware\Olimex_RGB_Matrix\matrix_vc\sdk2\temp_xsdb_launch_script.tcl
13:51:19 INFO  : XSCT server has started successfully.
13:51:20 INFO  : Successfully done setting XSCT server connection channel  
13:51:20 INFO  : Processing command line option -hwspec D:/FPGA/hardware/Olimex_RGB_Matrix/matrix_vc/sdk2/design_1_wrapper.hdf.
13:51:20 INFO  : Successfully done setting SDK workspace  
13:52:08 ERROR : (XSDB Server)ERROR: [Hsi 55-1594] Core cpu_cortexa9 of v
13:52:08 ERROR : (XSDB Server)ersion 2.3 not found in repositories
ERROR: [Hsi 55-1594] Core gpiops of version 3.1 not found in repositories

13:52:08 ERROR : (XSDB Server)ERROR: [Hsi 55-1452
13:52:08 ERROR : (XSDB Server)] Error: running open_sw_design.

13:52:08 ERROR :  [Common 17-39] 'hsi::open_sw_design' failed due to earlier errors.
13:52:08 ERROR : (XSDB Server)ERROR: [Hsi 55-1594] Core cpu_cortex
13:52:08 ERROR : (XSDB Server)a9 of version 2.3 not found in repositories

13:52:08 ERROR : (XSDB Server)ERROR: [Hsi 55-1594] Core gpiops of version 3.1 not fou
13:52:08 ERROR : (XSDB Server)nd in repositories

13:52:08 ERROR : (XSDB Server)ERROR: [Hsi 55-1452] Error: running 
13:52:08 ERROR : (XSDB Server)open_sw_design.

13:52:08 INFO  : Unable to read in MSS file D:\FPGA\hardware\Olimex_RGB_Matrix\matrix_vc\matrix_vc.sdk\matrix_vc_bsp\system.mss : null
13:52:08 ERROR : (XSDB Server)ERROR: [Hsi 55-1594] Co
13:52:08 ERROR : (XSDB Server)re cpu_cortexa9 of version 2.3 not found in 
13:52:08 ERROR : (XSDB Server)repositories
13:52:08 ERROR : (XSDB Server)
ERROR: [Hsi 55-1594] Core gpiops of version 3.1 not found in repositories
ERROR: [Hsi 55-1452] Error: running open_sw_design.

13:52:08 ERROR : (XSDB Server)ERROR: [Hsi 55-1594] Co
13:52:08 ERROR : (XSDB Server)re cpu_cortexa9 of version 2.3 not found in repositories

13:52:08 ERROR : (XSDB Server)ERROR: [Hsi 
13:52:08 ERROR : (XSDB Server)55-1594] Core gpiops of version
13:52:08 ERROR : (XSDB Server) 3.1 not found in
13:52:08 ERROR : (XSDB Server) repositories

13:52:08 ERROR : (XSDB Server)ERROR: [Hsi 55-1452] Error: running op
13:52:08 ERROR : (XSDB Server)en_sw_design.

13:52:08 ERROR : Failed to get_connected_periphs
Reason: ERROR: [Common 17-55] 'get_property' expects at least one object.
Resolution: If [get_<value>] was used to populate the object, check to make sure this command returns at least one valid object.

13:52:28 ERROR : (XSDB Server)ERROR: [Hsi 55-15
13:52:28 ERROR : (XSDB Server)94] Core cpu_cortexa9 of version 2.3 not found in repositories
ERROR: [Hsi 55-1594] Core gpiops of version 3.1 not found in repositories
ERROR: [Hsi 55-1452] Error: running open_sw_design.

13:52:28 ERROR :  [Common 17-39] 'hsi::open_sw_design' failed due to earlier errors.
13:52:28 ERROR : (XSDB Server)ERROR: [Hsi 55-1594] Core cpu_cortexa9 o
13:52:28 ERROR : (XSDB Server)f version 2.3 not found in repositories

13:52:28 ERROR : (XSDB Server)ERROR: 
13:52:28 ERROR : (XSDB Server)[Hsi 55-1594] Core
13:52:28 ERROR : (XSDB Server) gpio
13:52:28 ERROR : (XSDB Server)ps of 
13:52:28 ERROR : (XSDB Server)version 3.1 not foun
13:52:28 ERROR : (XSDB Server)d in repositories

13:52:28 ERROR : (XSDB Server)ERROR: [Hsi 
13:52:28 ERROR : (XSDB Server)55-1452] Error: runnin
13:52:28 ERROR : (XSDB Server)g open_sw_design.

13:52:28 INFO  : Unable to read in MSS file D:\FPGA\hardware\Olimex_RGB_Matrix\matrix_vc\matrix_vc.sdk\matrix_vc_bsp\system.mss : null
13:52:34 ERROR : (XSDB Server)ERROR: [Hsi 55-1594] 
13:52:34 ERROR : (XSDB Server)Core cpu_cortexa9 of version 2.3 not found in repositories
ERROR: [Hsi 55-1594] Core gpiops of version 3.1 not found in repositories
ERROR: [Hsi 55-1452] Error: running open_sw_design.

13:52:34 ERROR :  [Common 17-39] 'hsi::open_sw_design' failed due to earlier errors.
13:52:34 ERROR : (XSDB Server)ERROR: [Hsi 55-1594]
13:52:34 ERROR : (XSDB Server) Core cpu_cortexa9 of version 2.3 not found in repositori
13:52:34 ERROR : (XSDB Server)es

13:52:34 ERROR : (XSDB Server)ERROR: [Hsi 55-1594] Cor
13:52:34 ERROR : (XSDB Server)e gpiops of version 3.1 not found i
13:52:34 ERROR : (XSDB Server)n
13:52:34 ERROR : (XSDB Server) repositories

13:52:34 ERROR : (XSDB Server)ERROR: [Hsi 55-14
13:52:34 ERROR : (XSDB Server)52] Error: running open_sw_design
13:52:34 ERROR : (XSDB Server).

13:52:34 INFO  : Unable to read in MSS file D:\FPGA\hardware\Olimex_RGB_Matrix\matrix_vc\matrix_vc.sdk\matrix_vc_bsp\system.mss : null
13:52:34 ERROR : Failed to closesw "D:/FPGA/hardware/Olimex_RGB_Matrix/matrix_vc/matrix_vc.sdk/matrix_vc_bsp/system.mss"
Reason: Cannot close sw design 'D:/FPGA/hardware/Olimex_RGB_Matrix/matrix_vc/matrix_vc.sdk/matrix_vc_bsp/system.mss'.
Design is not opened in the current session.


14:05:36 ERROR : (XSDB Server)E
14:05:36 ERROR :  [Common 17-39] 'hsi::open_sw_design' failed due to earlier errors.
14:05:36 ERROR : (XSDB Server)RROR: [Hsi 55-1594] Core cpu_cortexa9 of version 2.3 not found in repositories
ERROR: [Hsi 55-1594] Core gpiops of version 3.1 not found in repositories
ERROR: [Hsi 55-1452] Error: running open_sw_design.

14:05:36 ERROR : (XSDB Server)ERROR: [Hsi 55-1594] Co
14:05:36 ERROR : (XSDB Server)re cpu_cortexa9 of version 2.3 not fo
14:05:36 ERROR : (XSDB Server)und in repositories

14:05:36 ERROR : (XSDB Server)E
14:05:36 ERROR : (XSDB Server)R
14:05:36 ERROR : (XSDB Server)R
14:05:36 ERROR : (XSDB Server)O
14:05:36 ERROR : (XSDB Server)R
14:05:36 ERROR : (XSDB Server):
14:05:36 ERROR : (XSDB Server) 
14:05:36 ERROR : (XSDB Server)[
14:05:36 ERROR : (XSDB Server)H
14:05:36 ERROR : (XSDB Server)s
14:05:36 ERROR : (XSDB Server)i
14:05:36 ERROR : (XSDB Server) 
14:05:36 ERROR : (XSDB Server)5
14:05:36 ERROR : (XSDB Server)5
14:05:36 ERROR : (XSDB Server)-
14:05:36 ERROR : (XSDB Server)1
14:05:36 ERROR : (XSDB Server)5
14:05:36 ERROR : (XSDB Server)9
14:05:36 ERROR : (XSDB Server)4
14:05:36 ERROR : (XSDB Server)]
14:05:36 ERROR : (XSDB Server) 
14:05:36 ERROR : (XSDB Server)C
14:05:36 ERROR : (XSDB Server)o
14:05:36 ERROR : (XSDB Server)r
14:05:36 ERROR : (XSDB Server)e
14:05:36 ERROR : (XSDB Server) 
14:05:36 ERROR : (XSDB Server)g
14:05:36 ERROR : (XSDB Server)p
14:05:36 ERROR : (XSDB Server)i
14:05:36 ERROR : (XSDB Server)o
14:05:36 ERROR : (XSDB Server)p
14:05:36 ERROR : (XSDB Server)s
14:05:36 ERROR : (XSDB Server) 
14:05:36 ERROR : (XSDB Server)o
14:05:36 ERROR : (XSDB Server)f
14:05:36 ERROR : (XSDB Server) 
14:05:36 ERROR : (XSDB Server)v
14:05:36 ERROR : (XSDB Server)e
14:05:36 ERROR : (XSDB Server)r
14:05:36 ERROR : (XSDB Server)s
14:05:36 ERROR : (XSDB Server)i
14:05:36 ERROR : (XSDB Server)o
14:05:36 ERROR : (XSDB Server)n
14:05:36 ERROR : (XSDB Server) 
14:05:36 ERROR : (XSDB Server)3
14:05:36 ERROR : (XSDB Server).
14:05:36 ERROR : (XSDB Server)1
14:05:36 ERROR : (XSDB Server) 
14:05:36 ERROR : (XSDB Server)n
14:05:36 ERROR : (XSDB Server)o
14:05:36 ERROR : (XSDB Server)t
14:05:36 ERROR : (XSDB Server) 
14:05:36 ERROR : (XSDB Server)f
14:05:36 ERROR : (XSDB Server)o
14:05:36 ERROR : (XSDB Server)u
14:05:36 ERROR : (XSDB Server)n
14:05:36 ERROR : (XSDB Server)d
14:05:36 ERROR : (XSDB Server) 
14:05:36 ERROR : (XSDB Server)i
14:05:36 ERROR : (XSDB Server)n
14:05:36 ERROR : (XSDB Server) 
14:05:36 ERROR : (XSDB Server)r
14:05:36 ERROR : (XSDB Server)e
14:05:36 ERROR : (XSDB Server)p
14:05:36 ERROR : (XSDB Server)o
14:05:36 ERROR : (XSDB Server)s
14:05:36 ERROR : (XSDB Server)itories

14:05:36 INFO  : Unable to read in MSS file D:\FPGA\hardware\Olimex_RGB_Matrix\matrix_vc\matrix_vc.sdk\matrix_vc_bsp\system.mss : null
14:05:36 ERROR : (XSDB Server)ERROR: [Hsi 55-1452] Error: running open_sw_design.

14:05:36 ERROR : (XSDB Server)ERROR: [Hsi 55
14:05:36 ERROR : (XSDB Server)-1594] Core cpu_cortexa9 of version 2.3 not fou
14:05:36 ERROR : (XSDB Server)nd in re
14:05:36 ERROR : (XSDB Server)positories

14:05:36 ERROR : (XSDB Server)ERROR: [Hsi 
14:05:36 ERROR : (XSDB Server)55-1594] Core gpiops of ve
14:05:36 ERROR : (XSDB Server)rsion 3.1 not found in repositories

14:05:36 ERROR : (XSDB Server)E
14:05:36 ERROR : (XSDB Server)RROR: [Hsi 55-1452
14:05:36 ERROR : (XSDB Server)] Er
14:05:36 ERROR : (XSDB Server)ror: running open_sw_design.

14:05:36 ERROR : (XSDB Server)E
14:05:36 ERROR : (XSDB Server)R
14:05:36 ERROR : (XSDB Server)R
14:05:36 ERROR : (XSDB Server)O
14:05:36 ERROR : (XSDB Server)R
14:05:36 ERROR : (XSDB Server):
14:05:36 ERROR : (XSDB Server) 
14:05:36 ERROR : (XSDB Server)[
14:05:36 ERROR : (XSDB Server)H
14:05:36 ERROR : (XSDB Server)s
14:05:36 ERROR : (XSDB Server)i
14:05:36 ERROR : (XSDB Server) 
14:05:36 ERROR : (XSDB Server)5
14:05:36 ERROR : (XSDB Server)5
14:05:36 ERROR : (XSDB Server)-
14:05:36 ERROR : (XSDB Server)1
14:05:36 ERROR : (XSDB Server)5
14:05:36 ERROR : (XSDB Server)9
14:05:36 ERROR : (XSDB Server)4
14:05:36 ERROR : (XSDB Server)]
14:05:36 ERROR : (XSDB Server) 
14:05:36 ERROR : (XSDB Server)C
14:05:36 ERROR : (XSDB Server)o
14:05:36 ERROR : (XSDB Server)r
14:05:36 ERROR : (XSDB Server)e
14:05:36 ERROR : (XSDB Server) 
14:05:36 ERROR : (XSDB Server)c
14:05:36 ERROR : (XSDB Server)p
14:05:36 ERROR : (XSDB Server)u
14:05:36 ERROR : (XSDB Server)_
14:05:36 ERROR : (XSDB Server)c
14:05:36 ERROR : (XSDB Server)o
14:05:36 ERROR : (XSDB Server)r
14:05:36 ERROR : (XSDB Server)t
14:05:36 ERROR : (XSDB Server)e
14:05:36 ERROR : (XSDB Server)x
14:05:36 ERROR : (XSDB Server)a
14:05:36 ERROR : (XSDB Server)9
14:05:36 ERROR : (XSDB Server) 
14:05:36 ERROR : (XSDB Server)o
14:05:36 ERROR : (XSDB Server)f
14:05:36 ERROR : (XSDB Server) 
14:05:36 ERROR : (XSDB Server)v
14:05:36 ERROR : (XSDB Server)e
14:05:36 ERROR : (XSDB Server)r
14:05:36 ERROR : (XSDB Server)s
14:05:36 ERROR : (XSDB Server)i
14:05:36 ERROR : (XSDB Server)o
14:05:36 ERROR : (XSDB Server)n
14:05:36 ERROR : (XSDB Server) 
14:05:36 ERROR : (XSDB Server)2
14:05:36 ERROR : (XSDB Server).
14:05:36 ERROR : (XSDB Server)3
14:05:36 ERROR : (XSDB Server) 
14:05:36 ERROR : (XSDB Server)n
14:05:36 ERROR : (XSDB Server)o
14:05:36 ERROR : (XSDB Server)t
14:05:36 ERROR : (XSDB Server) 
14:05:36 ERROR : (XSDB Server)f
14:05:36 ERROR : (XSDB Server)o
14:05:36 ERROR : (XSDB Server)u
14:05:36 ERROR : (XSDB Server)n
14:05:36 ERROR : (XSDB Server)d
14:05:36 ERROR : (XSDB Server) 
14:05:36 ERROR : (XSDB Server)i
14:05:36 ERROR : (XSDB Server)n
14:05:36 ERROR : (XSDB Server) 
14:05:36 ERROR : (XSDB Server)r
14:05:36 ERROR : (XSDB Server)e
14:05:36 ERROR : (XSDB Server)p
14:05:36 ERROR : (XSDB Server)o
14:05:36 ERROR : (XSDB Server)s
14:05:36 ERROR : (XSDB Server)i
14:05:36 ERROR : (XSDB Server)t
14:05:36 ERROR : (XSDB Server)o
14:05:36 ERROR : (XSDB Server)r
14:05:36 ERROR : (XSDB Server)i
14:05:36 ERROR : (XSDB Server)e
14:05:36 ERROR : (XSDB Server)s
14:05:36 ERROR : (XSDB Server)

14:05:36 ERROR : (XSDB Server)E
14:05:36 ERROR : (XSDB Server)R
14:05:36 ERROR : (XSDB Server)R
14:05:36 ERROR : (XSDB Server)O
14:05:36 ERROR : (XSDB Server)R
14:05:36 ERROR : (XSDB Server):
14:05:36 ERROR : (XSDB Server) 
14:05:36 ERROR : (XSDB Server)[
14:05:36 ERROR : (XSDB Server)H
14:05:36 ERROR : (XSDB Server)s
14:05:36 ERROR : (XSDB Server)i
14:05:36 ERROR : (XSDB Server) 
14:05:36 ERROR : (XSDB Server)5
14:05:36 ERROR : (XSDB Server)5
14:05:36 ERROR : (XSDB Server)-
14:05:36 ERROR : (XSDB Server)1
14:05:36 ERROR : (XSDB Server)5
14:05:36 ERROR : (XSDB Server)9
14:05:36 ERROR : (XSDB Server)4
14:05:36 ERROR : (XSDB Server)]
14:05:36 ERROR : (XSDB Server) 
14:05:36 ERROR : (XSDB Server)C
14:05:36 ERROR : (XSDB Server)o
14:05:36 ERROR : (XSDB Server)re gpiops of version 3.1 not found in 
14:05:36 ERROR : (XSDB Server)repositories

14:05:36 ERROR : (XSDB Server)ERROR: [Hsi 55-1452] Error: 
14:05:36 ERROR : (XSDB Server)running open_sw_design.

14:05:37 ERROR : Failed to get_connected_periphs
Reason: ERROR: [Common 17-55] 'get_property' expects at least one object.
Resolution: If [get_<value>] was used to populate the object, check to make sure this command returns at least one valid object.

14:05:42 ERROR : (XSDB Server)ERROR: [Hsi 55-1594] C
14:05:42 ERROR : (XSDB Server)ore cpu_cortexa9 of version 2.3 not found in repositories
ERROR: [Hsi 55-1594] Core gpiops of version 3.1 not found in repositories
ERROR: [Hsi 55-1452] Erro
14:05:42 ERROR : (XSDB Server)r: running open_sw_design.

14:05:42 ERROR :  [Common 17-39] 'hsi::open_sw_design' failed due to earlier errors.
14:05:42 ERROR : (XSDB Server)ERROR: [Hsi 55-1594] Core cpu_cort
14:05:42 ERROR : (XSDB Server)exa9 of version 2.3 n
14:05:42 ERROR : (XSDB Server)ot found in repositori
14:05:42 ERROR : (XSDB Server)es

14:05:42 ERROR : (XSDB Server)ERROR: [Hsi 55
14:05:42 ERROR : (XSDB Server)-1594] Core gpiops of version 3.1 not
14:05:42 ERROR : (XSDB Server) found in repositories

14:05:42 ERROR : (XSDB Server)ERROR: [Hsi 55-1452] Erro
14:05:42 ERROR : (XSDB Server)r: running open_sw_design.

14:05:42 INFO  : Unable to read in MSS file D:\FPGA\hardware\Olimex_RGB_Matrix\matrix_vc\matrix_vc.sdk\matrix_vc_bsp\system.mss : null
14:05:42 ERROR : Failed to closesw "D:/FPGA/hardware/Olimex_RGB_Matrix/matrix_vc/matrix_vc.sdk/matrix_vc_bsp/system.mss"
Reason: Cannot close sw design 'D:/FPGA/hardware/Olimex_RGB_Matrix/matrix_vc/matrix_vc.sdk/matrix_vc_bsp/system.mss'.
Design is not opened in the current session.


14:10:21 INFO  : Connected to target on host '127.0.0.1' and port '3121'.
14:10:22 INFO  : 'targets -set -filter {jtag_cable_name =~ "Digilent Zybo 210279574222A" && level==0} -index 1' command is executed.
14:10:23 INFO  : FPGA configured successfully with bitstream "D:/FPGA/hardware/Olimex_RGB_Matrix/matrix_vc/sdk2/design_1_wrapper_hw_platform_0/design_1_wrapper.bit"
14:33:41 INFO  : Connected to target on host '127.0.0.1' and port '3121'.
14:33:41 INFO  : 'targets -set -filter {jtag_cable_name =~ "Digilent Zybo 210279574222A" && level==0} -index 1' command is executed.
14:33:42 INFO  : FPGA configured successfully with bitstream "D:/FPGA/hardware/Olimex_RGB_Matrix/matrix_vc/sdk2/design_1_wrapper_hw_platform_0/design_1_wrapper.bit"
14:41:13 INFO  : Connected to target on host '127.0.0.1' and port '3121'.
14:41:13 INFO  : 'targets -set -filter {jtag_cable_name =~ "Digilent Zybo 210279574222A" && level==0} -index 1' command is executed.
14:41:15 INFO  : FPGA configured successfully with bitstream "D:/FPGA/hardware/Olimex_RGB_Matrix/matrix_vc/sdk2/design_1_wrapper_hw_platform_0/design_1_wrapper.bit"
14:41:26 INFO  : 'targets -set -filter {jtag_cable_name =~ "Digilent Zybo 210279574222A" && level==0} -index 1' command is executed.
14:41:26 INFO  : 'fpga -state' command is executed.
14:41:26 INFO  : Connected to target on host '127.0.0.1' and port '3121'.
14:41:26 INFO  : Jtag cable 'Digilent Zybo 210279574222A' is selected.
14:41:26 INFO  : 'jtag frequency' command is executed.
14:41:26 INFO  : Sourcing of 'D:/FPGA/hardware/Olimex_RGB_Matrix/matrix_vc/sdk2/design_1_wrapper_hw_platform_0/ps7_init.tcl' is done.
14:41:26 INFO  : Context for 'APU' is selected.
14:41:26 INFO  : Hardware design information is loaded from 'D:/FPGA/hardware/Olimex_RGB_Matrix/matrix_vc/sdk2/design_1_wrapper_hw_platform_0/system.hdf'.
14:41:26 INFO  : 'configparams force-mem-access 1' command is executed.
14:41:26 INFO  : Context for 'APU' is selected.
14:41:26 INFO  : 'stop' command is executed.
14:41:27 INFO  : 'ps7_init' command is executed.
14:41:27 INFO  : 'ps7_post_config' command is executed.
14:41:27 INFO  : Context for processor 'ps7_cortexa9_0' is selected.
14:41:27 INFO  : Processor reset is completed for 'ps7_cortexa9_0'.
14:41:27 INFO  : Context for processor 'ps7_cortexa9_0' is selected.
14:41:27 INFO  : The application 'D:/FPGA/hardware/Olimex_RGB_Matrix/matrix_vc/sdk2/Matrix_vc/Debug/Matrix_vc.elf' is downloaded to processor 'ps7_cortexa9_0'.
14:41:27 INFO  : 'configparams force-mem-access 0' command is executed.
14:41:27 INFO  : ----------------XSDB Script----------------
connect -url tcp:127.0.0.1:3121
source D:/FPGA/hardware/Olimex_RGB_Matrix/matrix_vc/sdk2/design_1_wrapper_hw_platform_0/ps7_init.tcl
targets -set -nocase -filter {name =~"APU*" && jtag_cable_name =~ "Digilent Zybo 210279574222A"} -index 0
loadhw -hw D:/FPGA/hardware/Olimex_RGB_Matrix/matrix_vc/sdk2/design_1_wrapper_hw_platform_0/system.hdf -mem-ranges [list {0x40000000 0xbfffffff}]
configparams force-mem-access 1
targets -set -nocase -filter {name =~"APU*" && jtag_cable_name =~ "Digilent Zybo 210279574222A"} -index 0
stop
ps7_init
ps7_post_config
targets -set -nocase -filter {name =~ "ARM*#0" && jtag_cable_name =~ "Digilent Zybo 210279574222A"} -index 0
rst -processor
targets -set -nocase -filter {name =~ "ARM*#0" && jtag_cable_name =~ "Digilent Zybo 210279574222A"} -index 0
dow D:/FPGA/hardware/Olimex_RGB_Matrix/matrix_vc/sdk2/Matrix_vc/Debug/Matrix_vc.elf
configparams force-mem-access 0
----------------End of Script----------------

14:41:27 INFO  : Memory regions updated for context APU
14:41:28 INFO  : Context for processor 'ps7_cortexa9_0' is selected.
14:41:28 INFO  : 'con' command is executed.
14:41:28 INFO  : ----------------XSDB Script (After Launch)----------------
targets -set -nocase -filter {name =~ "ARM*#0" && jtag_cable_name =~ "Digilent Zybo 210279574222A"} -index 0
con
----------------End of Script----------------

14:41:28 INFO  : Launch script is exported to file 'D:\FPGA\hardware\Olimex_RGB_Matrix\matrix_vc\sdk2\.sdk\launch_scripts\xilinx_c-c++_application_(system_debugger)\system_debugger_using_debug_matrix_vc.elf_on_local.tcl'
14:44:49 INFO  : Disconnected from the channel tcfchan#1.
14:44:50 INFO  : 'targets -set -filter {jtag_cable_name =~ "Digilent Zybo 210279574222A" && level==0} -index 1' command is executed.
14:44:50 INFO  : 'fpga -state' command is executed.
14:44:50 INFO  : Connected to target on host '127.0.0.1' and port '3121'.
14:44:50 INFO  : Jtag cable 'Digilent Zybo 210279574222A' is selected.
14:44:50 INFO  : 'jtag frequency' command is executed.
14:44:50 INFO  : Sourcing of 'D:/FPGA/hardware/Olimex_RGB_Matrix/matrix_vc/sdk2/design_1_wrapper_hw_platform_0/ps7_init.tcl' is done.
14:44:50 INFO  : Context for 'APU' is selected.
14:44:53 INFO  : Hardware design information is loaded from 'D:/FPGA/hardware/Olimex_RGB_Matrix/matrix_vc/sdk2/design_1_wrapper_hw_platform_0/system.hdf'.
14:44:53 INFO  : 'configparams force-mem-access 1' command is executed.
14:44:53 INFO  : Context for 'APU' is selected.
14:44:53 INFO  : 'stop' command is executed.
14:44:54 INFO  : 'ps7_init' command is executed.
14:44:54 INFO  : 'ps7_post_config' command is executed.
14:44:54 INFO  : Context for processor 'ps7_cortexa9_0' is selected.
14:44:54 INFO  : Processor reset is completed for 'ps7_cortexa9_0'.
14:44:54 INFO  : Context for processor 'ps7_cortexa9_0' is selected.
14:44:54 INFO  : The application 'D:/FPGA/hardware/Olimex_RGB_Matrix/matrix_vc/sdk2/Matrix_vc/Debug/Matrix_vc.elf' is downloaded to processor 'ps7_cortexa9_0'.
14:44:54 INFO  : 'configparams force-mem-access 0' command is executed.
14:44:54 INFO  : ----------------XSDB Script----------------
connect -url tcp:127.0.0.1:3121
source D:/FPGA/hardware/Olimex_RGB_Matrix/matrix_vc/sdk2/design_1_wrapper_hw_platform_0/ps7_init.tcl
targets -set -nocase -filter {name =~"APU*" && jtag_cable_name =~ "Digilent Zybo 210279574222A"} -index 0
loadhw -hw D:/FPGA/hardware/Olimex_RGB_Matrix/matrix_vc/sdk2/design_1_wrapper_hw_platform_0/system.hdf -mem-ranges [list {0x40000000 0xbfffffff}]
configparams force-mem-access 1
targets -set -nocase -filter {name =~"APU*" && jtag_cable_name =~ "Digilent Zybo 210279574222A"} -index 0
stop
ps7_init
ps7_post_config
targets -set -nocase -filter {name =~ "ARM*#0" && jtag_cable_name =~ "Digilent Zybo 210279574222A"} -index 0
rst -processor
targets -set -nocase -filter {name =~ "ARM*#0" && jtag_cable_name =~ "Digilent Zybo 210279574222A"} -index 0
dow D:/FPGA/hardware/Olimex_RGB_Matrix/matrix_vc/sdk2/Matrix_vc/Debug/Matrix_vc.elf
configparams force-mem-access 0
----------------End of Script----------------

14:44:54 INFO  : Memory regions updated for context APU
14:44:54 INFO  : Context for processor 'ps7_cortexa9_0' is selected.
14:44:54 INFO  : 'con' command is executed.
14:44:54 INFO  : ----------------XSDB Script (After Launch)----------------
targets -set -nocase -filter {name =~ "ARM*#0" && jtag_cable_name =~ "Digilent Zybo 210279574222A"} -index 0
con
----------------End of Script----------------

14:44:54 INFO  : Launch script is exported to file 'D:\FPGA\hardware\Olimex_RGB_Matrix\matrix_vc\sdk2\.sdk\launch_scripts\xilinx_c-c++_application_(system_debugger)\system_debugger_using_debug_matrix_vc.elf_on_local.tcl'
14:45:47 INFO  : Disconnected from the channel tcfchan#2.
14:45:48 INFO  : 'targets -set -filter {jtag_cable_name =~ "Digilent Zybo 210279574222A" && level==0} -index 1' command is executed.
14:45:48 INFO  : 'fpga -state' command is executed.
14:45:48 INFO  : Connected to target on host '127.0.0.1' and port '3121'.
14:45:48 INFO  : Jtag cable 'Digilent Zybo 210279574222A' is selected.
14:45:48 INFO  : 'jtag frequency' command is executed.
14:45:48 INFO  : Sourcing of 'D:/FPGA/hardware/Olimex_RGB_Matrix/matrix_vc/sdk2/design_1_wrapper_hw_platform_0/ps7_init.tcl' is done.
14:45:48 INFO  : Context for 'APU' is selected.
14:45:51 INFO  : Hardware design information is loaded from 'D:/FPGA/hardware/Olimex_RGB_Matrix/matrix_vc/sdk2/design_1_wrapper_hw_platform_0/system.hdf'.
14:45:51 INFO  : 'configparams force-mem-access 1' command is executed.
14:45:51 INFO  : Context for 'APU' is selected.
14:45:51 INFO  : 'stop' command is executed.
14:45:51 INFO  : 'ps7_init' command is executed.
14:45:51 INFO  : 'ps7_post_config' command is executed.
14:45:51 INFO  : Context for processor 'ps7_cortexa9_0' is selected.
14:45:51 INFO  : Processor reset is completed for 'ps7_cortexa9_0'.
14:45:51 INFO  : Context for processor 'ps7_cortexa9_0' is selected.
14:45:52 INFO  : The application 'D:/FPGA/hardware/Olimex_RGB_Matrix/matrix_vc/sdk2/Matrix_vc/Debug/Matrix_vc.elf' is downloaded to processor 'ps7_cortexa9_0'.
14:45:52 INFO  : 'configparams force-mem-access 0' command is executed.
14:45:52 INFO  : ----------------XSDB Script----------------
connect -url tcp:127.0.0.1:3121
source D:/FPGA/hardware/Olimex_RGB_Matrix/matrix_vc/sdk2/design_1_wrapper_hw_platform_0/ps7_init.tcl
targets -set -nocase -filter {name =~"APU*" && jtag_cable_name =~ "Digilent Zybo 210279574222A"} -index 0
loadhw -hw D:/FPGA/hardware/Olimex_RGB_Matrix/matrix_vc/sdk2/design_1_wrapper_hw_platform_0/system.hdf -mem-ranges [list {0x40000000 0xbfffffff}]
configparams force-mem-access 1
targets -set -nocase -filter {name =~"APU*" && jtag_cable_name =~ "Digilent Zybo 210279574222A"} -index 0
stop
ps7_init
ps7_post_config
targets -set -nocase -filter {name =~ "ARM*#0" && jtag_cable_name =~ "Digilent Zybo 210279574222A"} -index 0
rst -processor
targets -set -nocase -filter {name =~ "ARM*#0" && jtag_cable_name =~ "Digilent Zybo 210279574222A"} -index 0
dow D:/FPGA/hardware/Olimex_RGB_Matrix/matrix_vc/sdk2/Matrix_vc/Debug/Matrix_vc.elf
configparams force-mem-access 0
----------------End of Script----------------

14:45:52 INFO  : Memory regions updated for context APU
14:45:52 INFO  : Context for processor 'ps7_cortexa9_0' is selected.
14:45:52 INFO  : 'con' command is executed.
14:45:52 INFO  : ----------------XSDB Script (After Launch)----------------
targets -set -nocase -filter {name =~ "ARM*#0" && jtag_cable_name =~ "Digilent Zybo 210279574222A"} -index 0
con
----------------End of Script----------------

14:45:52 INFO  : Launch script is exported to file 'D:\FPGA\hardware\Olimex_RGB_Matrix\matrix_vc\sdk2\.sdk\launch_scripts\xilinx_c-c++_application_(system_debugger)\system_debugger_using_debug_matrix_vc.elf_on_local.tcl'
15:16:51 INFO  : Connected to target on host '127.0.0.1' and port '3121'.
15:16:51 INFO  : 'targets -set -filter {jtag_cable_name =~ "Digilent Zybo 210279574222A" && level==0} -index 1' command is executed.
15:16:52 INFO  : FPGA configured successfully with bitstream "D:/FPGA/hardware/Olimex_RGB_Matrix/matrix_vc/sdk2/design_1_wrapper_hw_platform_0/design_1_wrapper.bit"
15:17:03 INFO  : Disconnected from the channel tcfchan#3.
15:17:04 INFO  : 'targets -set -filter {jtag_cable_name =~ "Digilent Zybo 210279574222A" && level==0} -index 1' command is executed.
15:17:04 INFO  : 'fpga -state' command is executed.
15:17:04 INFO  : Connected to target on host '127.0.0.1' and port '3121'.
15:17:04 INFO  : Jtag cable 'Digilent Zybo 210279574222A' is selected.
15:17:04 INFO  : 'jtag frequency' command is executed.
15:17:04 INFO  : Sourcing of 'D:/FPGA/hardware/Olimex_RGB_Matrix/matrix_vc/sdk2/design_1_wrapper_hw_platform_0/ps7_init.tcl' is done.
15:17:05 INFO  : Context for 'APU' is selected.
15:17:08 INFO  : Hardware design information is loaded from 'D:/FPGA/hardware/Olimex_RGB_Matrix/matrix_vc/sdk2/design_1_wrapper_hw_platform_0/system.hdf'.
15:17:08 INFO  : 'configparams force-mem-access 1' command is executed.
15:17:08 INFO  : Context for 'APU' is selected.
15:17:08 INFO  : 'stop' command is executed.
15:17:09 INFO  : 'ps7_init' command is executed.
15:17:09 INFO  : 'ps7_post_config' command is executed.
15:17:09 INFO  : Context for processor 'ps7_cortexa9_0' is selected.
15:17:09 INFO  : Processor reset is completed for 'ps7_cortexa9_0'.
15:17:09 INFO  : Context for processor 'ps7_cortexa9_0' is selected.
15:17:09 INFO  : The application 'D:/FPGA/hardware/Olimex_RGB_Matrix/matrix_vc/sdk2/Matrix_vc/Debug/Matrix_vc.elf' is downloaded to processor 'ps7_cortexa9_0'.
15:17:09 INFO  : 'configparams force-mem-access 0' command is executed.
15:17:09 INFO  : ----------------XSDB Script----------------
connect -url tcp:127.0.0.1:3121
source D:/FPGA/hardware/Olimex_RGB_Matrix/matrix_vc/sdk2/design_1_wrapper_hw_platform_0/ps7_init.tcl
targets -set -nocase -filter {name =~"APU*" && jtag_cable_name =~ "Digilent Zybo 210279574222A"} -index 0
loadhw -hw D:/FPGA/hardware/Olimex_RGB_Matrix/matrix_vc/sdk2/design_1_wrapper_hw_platform_0/system.hdf -mem-ranges [list {0x40000000 0xbfffffff}]
configparams force-mem-access 1
targets -set -nocase -filter {name =~"APU*" && jtag_cable_name =~ "Digilent Zybo 210279574222A"} -index 0
stop
ps7_init
ps7_post_config
targets -set -nocase -filter {name =~ "ARM*#0" && jtag_cable_name =~ "Digilent Zybo 210279574222A"} -index 0
rst -processor
targets -set -nocase -filter {name =~ "ARM*#0" && jtag_cable_name =~ "Digilent Zybo 210279574222A"} -index 0
dow D:/FPGA/hardware/Olimex_RGB_Matrix/matrix_vc/sdk2/Matrix_vc/Debug/Matrix_vc.elf
configparams force-mem-access 0
----------------End of Script----------------

15:17:09 INFO  : Memory regions updated for context APU
15:17:09 INFO  : Context for processor 'ps7_cortexa9_0' is selected.
15:17:09 INFO  : 'con' command is executed.
15:17:09 INFO  : ----------------XSDB Script (After Launch)----------------
targets -set -nocase -filter {name =~ "ARM*#0" && jtag_cable_name =~ "Digilent Zybo 210279574222A"} -index 0
con
----------------End of Script----------------

15:17:09 INFO  : Launch script is exported to file 'D:\FPGA\hardware\Olimex_RGB_Matrix\matrix_vc\sdk2\.sdk\launch_scripts\xilinx_c-c++_application_(system_debugger)\system_debugger_using_debug_matrix_vc.elf_on_local.tcl'
