
*** Running vivado
    with args -log design_1_clk_wiz_0.vds -m64 -product Vivado -mode batch -messageDb vivado.pb -notrace -source design_1_clk_wiz_0.tcl


****** Vivado v2017.2.1 (64-bit)
  **** SW Build 1957588 on Wed Aug  9 16:32:24 MDT 2017
  **** IP Build 1948039 on Wed Aug  9 18:19:28 MDT 2017
    ** Copyright 1986-2017 Xilinx, Inc. All Rights Reserved.

source design_1_clk_wiz_0.tcl -notrace
Starting RTL Elaboration : Time (s): cpu = 00:00:06 ; elapsed = 00:00:07 . Memory (MB): peak = 324.738 ; gain = 77.957
INFO: [Synth 8-638] synthesizing module 'design_1_clk_wiz_0' [c:/Users/20002890/zybo_ws2812/zybo_ws2812.srcs/sources_1/bd/design_1/ip/design_1_clk_wiz_0/design_1_clk_wiz_0.v:70]
INFO: [Synth 8-638] synthesizing module 'design_1_clk_wiz_0_clk_wiz' [c:/Users/20002890/zybo_ws2812/zybo_ws2812.srcs/sources_1/bd/design_1/ip/design_1_clk_wiz_0/design_1_clk_wiz_0_clk_wiz.v:68]
INFO: [Synth 8-638] synthesizing module 'IBUF' [C:/Xilinx/Vivado/2017.2/scripts/rt/data/unisim_comp.v:14470]
INFO: [Synth 8-256] done synthesizing module 'IBUF' (1#1) [C:/Xilinx/Vivado/2017.2/scripts/rt/data/unisim_comp.v:14470]
INFO: [Synth 8-638] synthesizing module 'MMCME2_ADV' [C:/Xilinx/Vivado/2017.2/scripts/rt/data/unisim_comp.v:20759]
INFO: [Synth 8-256] done synthesizing module 'MMCME2_ADV' (2#1) [C:/Xilinx/Vivado/2017.2/scripts/rt/data/unisim_comp.v:20759]
INFO: [Synth 8-638] synthesizing module 'BUFG' [C:/Xilinx/Vivado/2017.2/scripts/rt/data/unisim_comp.v:607]
INFO: [Synth 8-256] done synthesizing module 'BUFG' (3#1) [C:/Xilinx/Vivado/2017.2/scripts/rt/data/unisim_comp.v:607]
INFO: [Synth 8-256] done synthesizing module 'design_1_clk_wiz_0_clk_wiz' (4#1) [c:/Users/20002890/zybo_ws2812/zybo_ws2812.srcs/sources_1/bd/design_1/ip/design_1_clk_wiz_0/design_1_clk_wiz_0_clk_wiz.v:68]
INFO: [Synth 8-256] done synthesizing module 'design_1_clk_wiz_0' (5#1) [c:/Users/20002890/zybo_ws2812/zybo_ws2812.srcs/sources_1/bd/design_1/ip/design_1_clk_wiz_0/design_1_clk_wiz_0.v:70]
Finished RTL Elaboration : Time (s): cpu = 00:00:08 ; elapsed = 00:00:08 . Memory (MB): peak = 364.813 ; gain = 118.031
Finished RTL Optimization Phase 1 : Time (s): cpu = 00:00:08 ; elapsed = 00:00:09 . Memory (MB): peak = 364.813 ; gain = 118.031
INFO: [Device 21-403] Loading part xc7z010clg400-1
Constraint Validation Runtime : Time (s): cpu = 00:00:00 ; elapsed = 00:00:00.020 . Memory (MB): peak = 582.984 ; gain = 0.000
Finished Constraint Validation : Time (s): cpu = 00:00:25 ; elapsed = 00:00:30 . Memory (MB): peak = 582.984 ; gain = 336.203
Finished Loading Part and Timing Information : Time (s): cpu = 00:00:25 ; elapsed = 00:00:30 . Memory (MB): peak = 582.984 ; gain = 336.203
Finished applying 'set_property' XDC Constraints : Time (s): cpu = 00:00:25 ; elapsed = 00:00:30 . Memory (MB): peak = 582.984 ; gain = 336.203
Finished RTL Optimization Phase 2 : Time (s): cpu = 00:00:25 ; elapsed = 00:00:30 . Memory (MB): peak = 582.984 ; gain = 336.203
Finished Cross Boundary and Area Optimization : Time (s): cpu = 00:00:25 ; elapsed = 00:00:31 . Memory (MB): peak = 582.984 ; gain = 336.203
Finished Applying XDC Timing Constraints : Time (s): cpu = 00:00:43 ; elapsed = 00:00:51 . Memory (MB): peak = 607.180 ; gain = 360.398
Finished Timing Optimization : Time (s): cpu = 00:00:43 ; elapsed = 00:00:51 . Memory (MB): peak = 607.180 ; gain = 360.398
Finished Technology Mapping : Time (s): cpu = 00:00:43 ; elapsed = 00:00:51 . Memory (MB): peak = 618.320 ; gain = 371.539
Finished IO Insertion : Time (s): cpu = 00:00:44 ; elapsed = 00:00:52 . Memory (MB): peak = 618.320 ; gain = 371.539
Finished Renaming Generated Instances : Time (s): cpu = 00:00:44 ; elapsed = 00:00:52 . Memory (MB): peak = 618.320 ; gain = 371.539
Finished Rebuilding User Hierarchy : Time (s): cpu = 00:00:44 ; elapsed = 00:00:52 . Memory (MB): peak = 618.320 ; gain = 371.539
Finished Renaming Generated Ports : Time (s): cpu = 00:00:44 ; elapsed = 00:00:52 . Memory (MB): peak = 618.320 ; gain = 371.539
Finished Handling Custom Attributes : Time (s): cpu = 00:00:44 ; elapsed = 00:00:52 . Memory (MB): peak = 618.320 ; gain = 371.539
Finished Renaming Generated Nets : Time (s): cpu = 00:00:44 ; elapsed = 00:00:52 . Memory (MB): peak = 618.320 ; gain = 371.539

Report Cell Usage: 
+------+-----------+------+
|      |Cell       |Count |
+------+-----------+------+
|1     |BUFG       |     2|
|2     |MMCME2_ADV |     1|
|3     |IBUF       |     1|
+------+-----------+------+
Finished Writing Synthesis Report : Time (s): cpu = 00:00:44 ; elapsed = 00:00:52 . Memory (MB): peak = 618.320 ; gain = 371.539
synth_design: Time (s): cpu = 00:00:47 ; elapsed = 00:00:54 . Memory (MB): peak = 630.844 ; gain = 387.695
