#-----------------------------------------------------------
# Webtalk v2018.2 (64-bit)
# SW Build 2258646 on Thu Jun 14 20:03:12 MDT 2018
# 
# Start of session at: Fri Nov 16 15:57:57 2018
# Process ID: 18104
# Current directory: D:/FPGA/hardware/Olimex_RGB_Matrix/matrix_vc/sdk2/webtalk
# Command line: wbtcv.exe -mode batch -source sdk_webtalk.tcl
# Log file: D:/FPGA/hardware/Olimex_RGB_Matrix/matrix_vc/sdk2/webtalk/webtalk.log
# Journal file: D:/FPGA/hardware/Olimex_RGB_Matrix/matrix_vc/sdk2/webtalk\webtalk.jou
#-----------------------------------------------------------
source sdk_webtalk.tcl
# webtalk_init -webtalk_dir D:\\FPGA\\hardware\\Olimex_RGB_Matrix\\matrix_vc\\sdk2\\webtalk
# webtalk_register_client -client project
# webtalk_add_data -client project -key date_generated -value "2018-11-16 15:57:53" -context "software_version_and_target_device"
# webtalk_add_data -client project -key product_version -value "SDK v2018.2" -context "software_version_and_target_device"
# webtalk_add_data -client project -key build_version -value "2018.2" -context "software_version_and_target_device"
# webtalk_add_data -client project -key os_platform -value "amd64" -context "software_version_and_target_device"
# webtalk_add_data -client project -key registration_id -value "" -context "software_version_and_target_device"
# webtalk_add_data -client project -key tool_flow -value "SDK" -context "software_version_and_target_device"
# webtalk_add_data -client project -key beta -value "false" -context "software_version_and_target_device"
# webtalk_add_data -client project -key route_design -value "NA" -context "software_version_and_target_device"
# webtalk_add_data -client project -key target_family -value "NA" -context "software_version_and_target_device"
# webtalk_add_data -client project -key target_device -value "NA" -context "software_version_and_target_device"
# webtalk_add_data -client project -key target_package -value "NA" -context "software_version_and_target_device"
# webtalk_add_data -client project -key target_speed -value "NA" -context "software_version_and_target_device"
# webtalk_add_data -client project -key random_id -value "p0b6cljf79tba7ojkiu177jj4" -context "software_version_and_target_device"
# webtalk_add_data -client project -key project_id -value "2018.2_4" -context "software_version_and_target_device"
# webtalk_add_data -client project -key project_iteration -value "4" -context "software_version_and_target_device"
# webtalk_add_data -client project -key os_name -value "Microsoft Windows 8 or later , 64-bit" -context "user_environment"
# webtalk_add_data -client project -key os_release -value "major release  (build 9200)" -context "user_environment"
# webtalk_add_data -client project -key cpu_name -value "Intel(R) Core(TM) i5-6200U CPU @ 2.30GHz" -context "user_environment"
# webtalk_add_data -client project -key cpu_speed -value "2400 MHz" -context "user_environment"
# webtalk_add_data -client project -key total_processors -value "1" -context "user_environment"
# webtalk_add_data -client project -key system_ram -value "17.055 GB" -context "user_environment"
# webtalk_register_client -client sdk
# webtalk_add_data -client sdk -key uid -value "1542372685714" -context "sdk\\\\hardware/1542372685714"
# webtalk_add_data -client sdk -key isZynq -value "true" -context "sdk\\\\hardware/1542372685714"
# webtalk_add_data -client sdk -key isZynqMP -value "false" -context "sdk\\\\hardware/1542372685714"
# webtalk_add_data -client sdk -key Processors -value "2" -context "sdk\\\\hardware/1542372685714"
# webtalk_add_data -client sdk -key VivadoVersion -value "2018.2" -context "sdk\\\\hardware/1542372685714"
# webtalk_add_data -client sdk -key Arch -value "zynq" -context "sdk\\\\hardware/1542372685714"
# webtalk_add_data -client sdk -key Device -value "7z010" -context "sdk\\\\hardware/1542372685714"
# webtalk_add_data -client sdk -key IsHandoff -value "true" -context "sdk\\\\hardware/1542372685714"
# webtalk_add_data -client sdk -key os -value "NA" -context "sdk\\\\hardware/1542372685714"
# webtalk_add_data -client sdk -key apptemplate -value "NA" -context "sdk\\\\hardware/1542372685714"
# webtalk_add_data -client sdk -key RecordType -value "HWCreation" -context "sdk\\\\hardware/1542372685714"
# webtalk_add_data -client sdk -key uid -value "1542373564072" -context "sdk\\\\bsp/1542373564072"
# webtalk_add_data -client sdk -key hwid -value "1542372685714" -context "sdk\\\\bsp/1542373564072"
# webtalk_add_data -client sdk -key os -value "standalone" -context "sdk\\\\bsp/1542373564072"
# webtalk_add_data -client sdk -key apptemplate -value "hello_world" -context "sdk\\\\bsp/1542373564072"
# webtalk_add_data -client sdk -key RecordType -value "BSPCreation" -context "sdk\\\\bsp/1542373564072"
# webtalk_add_data -client sdk -key uid -value "1542373571163" -context "sdk\\\\application/1542373571163"
# webtalk_add_data -client sdk -key hwid -value "1542372685714" -context "sdk\\\\application/1542373571163"
# webtalk_add_data -client sdk -key bspid -value "1542373564072" -context "sdk\\\\application/1542373571163"
# webtalk_add_data -client sdk -key newbsp -value "true" -context "sdk\\\\application/1542373571163"
# webtalk_add_data -client sdk -key os -value "standalone" -context "sdk\\\\application/1542373571163"
# webtalk_add_data -client sdk -key apptemplate -value "hello_world" -context "sdk\\\\application/1542373571163"
# webtalk_add_data -client sdk -key RecordType -value "APPCreation" -context "sdk\\\\application/1542373571163"
# webtalk_add_data -client sdk -key LangUsed -value "C" -context "sdk\\\\application/1542373571163"
# webtalk_add_data -client sdk -key Procused -value "ps7_cortexa9" -context "sdk\\\\application/1542373571163"
# webtalk_add_data -client sdk -key projSize -value "264.07421875" -context "sdk\\\\application/1542373571163"
# webtalk_add_data -client sdk -key uid -value "NA" -context "sdk\\\\bsp/1542380273017"
# webtalk_add_data -client sdk -key RecordType -value "ToolUsage" -context "sdk\\\\bsp/1542380273017"
# webtalk_add_data -client sdk -key BootgenCount -value "0" -context "sdk\\\\bsp/1542380273017"
# webtalk_add_data -client sdk -key DebugCount -value "11" -context "sdk\\\\bsp/1542380273017"
# webtalk_add_data -client sdk -key PerfCount -value "0" -context "sdk\\\\bsp/1542380273017"
# webtalk_add_data -client sdk -key FlashCount -value "0" -context "sdk\\\\bsp/1542380273017"
# webtalk_add_data -client sdk -key CrossTriggCount -value "0" -context "sdk\\\\bsp/1542380273017"
# webtalk_add_data -client sdk -key QemuDebugCount -value "0" -context "sdk\\\\bsp/1542380273017"
# webtalk_transmit -clientid 1219005326 -regid "" -xml D:\\FPGA\\hardware\\Olimex_RGB_Matrix\\matrix_vc\\sdk2\\webtalk\\usage_statistics_ext_sdk.xml -html D:\\FPGA\\hardware\\Olimex_RGB_Matrix\\matrix_vc\\sdk2\\webtalk\\usage_statistics_ext_sdk.html -wdm D:\\FPGA\\hardware\\Olimex_RGB_Matrix\\matrix_vc\\sdk2\\webtalk\\sdk_webtalk.wdm -intro "<H3>SDK Usage Report</H3><BR>"
INFO: [Common 17-186] 'D:\FPGA\hardware\Olimex_RGB_Matrix\matrix_vc\sdk2\webtalk\usage_statistics_ext_sdk.xml' has been successfully sent to Xilinx on Fri Nov 16 15:58:04 2018. For additional details about this file, please refer to the WebTalk help file at C:/Xilinx/SDK/2018.2/doc/webtalk_introduction.html.
# webtalk_terminate
INFO: [Common 17-206] Exiting Webtalk at Fri Nov 16 15:58:04 2018...
