13:51:12 INFO  : Registering command handlers for SDK TCF services
13:51:14 INFO  : Launching XSCT server: xsct.bat -interactive D:\FPGA\hardware\Olimex_RGB_Matrix\matrix_vc\sdk2\temp_xsdb_launch_script.tcl
13:51:19 INFO  : XSCT server has started successfully.
13:51:20 INFO  : Successfully done setting XSCT server connection channel  
13:51:20 INFO  : Processing command line option -hwspec D:/FPGA/hardware/Olimex_RGB_Matrix/matrix_vc/sdk2/design_1_wrapper.hdf.
13:51:20 INFO  : Successfully done setting SDK workspace  
13:52:08 ERROR : (XSDB Server)ERROR: [Hsi 55-1594] Core cpu_cortexa9 of v
13:52:08 ERROR : (XSDB Server)ersion 2.3 not found in repositories
ERROR: [Hsi 55-1594] Core gpiops of version 3.1 not found in repositories

13:52:08 ERROR : (XSDB Server)ERROR: [Hsi 55-1452
13:52:08 ERROR : (XSDB Server)] Error: running open_sw_design.

13:52:08 ERROR :  [Common 17-39] 'hsi::open_sw_design' failed due to earlier errors.
13:52:08 ERROR : (XSDB Server)ERROR: [Hsi 55-1594] Core cpu_cortex
13:52:08 ERROR : (XSDB Server)a9 of version 2.3 not found in repositories

13:52:08 ERROR : (XSDB Server)ERROR: [Hsi 55-1594] Core gpiops of version 3.1 not fou
13:52:08 ERROR : (XSDB Server)nd in repositories

13:52:08 ERROR : (XSDB Server)ERROR: [Hsi 55-1452] Error: running 
13:52:08 ERROR : (XSDB Server)open_sw_design.

13:52:08 INFO  : Unable to read in MSS file D:\FPGA\hardware\Olimex_RGB_Matrix\matrix_vc\matrix_vc.sdk\matrix_vc_bsp\system.mss : null
13:52:08 ERROR : (XSDB Server)ERROR: [Hsi 55-1594] Co
13:52:08 ERROR : (XSDB Server)re cpu_cortexa9 of version 2.3 not found in 
13:52:08 ERROR : (XSDB Server)repositories
13:52:08 ERROR : (XSDB Server)
ERROR: [Hsi 55-1594] Core gpiops of version 3.1 not found in repositories
ERROR: [Hsi 55-1452] Error: running open_sw_design.

13:52:08 ERROR : (XSDB Server)ERROR: [Hsi 55-1594] Co
13:52:08 ERROR : (XSDB Server)re cpu_cortexa9 of version 2.3 not found in repositories

13:52:08 ERROR : (XSDB Server)ERROR: [Hsi 
13:52:08 ERROR : (XSDB Server)55-1594] Core gpiops of version
13:52:08 ERROR : (XSDB Server) 3.1 not found in
13:52:08 ERROR : (XSDB Server) repositories

13:52:08 ERROR : (XSDB Server)ERROR: [Hsi 55-1452] Error: running op
13:52:08 ERROR : (XSDB Server)en_sw_design.

13:52:08 ERROR : Failed to get_connected_periphs
Reason: ERROR: [Common 17-55] 'get_property' expects at least one object.
Resolution: If [get_<value>] was used to populate the object, check to make sure this command returns at least one valid object.

13:52:28 ERROR : (XSDB Server)ERROR: [Hsi 55-15
13:52:28 ERROR : (XSDB Server)94] Core cpu_cortexa9 of version 2.3 not found in repositories
ERROR: [Hsi 55-1594] Core gpiops of version 3.1 not found in repositories
ERROR: [Hsi 55-1452] Error: running open_sw_design.

13:52:28 ERROR :  [Common 17-39] 'hsi::open_sw_design' failed due to earlier errors.
13:52:28 ERROR : (XSDB Server)ERROR: [Hsi 55-1594] Core cpu_cortexa9 o
13:52:28 ERROR : (XSDB Server)f version 2.3 not found in repositories

13:52:28 ERROR : (XSDB Server)ERROR: 
13:52:28 ERROR : (XSDB Server)[Hsi 55-1594] Core
13:52:28 ERROR : (XSDB Server) gpio
13:52:28 ERROR : (XSDB Server)ps of 
13:52:28 ERROR : (XSDB Server)version 3.1 not foun
13:52:28 ERROR : (XSDB Server)d in repositories

13:52:28 ERROR : (XSDB Server)ERROR: [Hsi 
13:52:28 ERROR : (XSDB Server)55-1452] Error: runnin
13:52:28 ERROR : (XSDB Server)g open_sw_design.

13:52:28 INFO  : Unable to read in MSS file D:\FPGA\hardware\Olimex_RGB_Matrix\matrix_vc\matrix_vc.sdk\matrix_vc_bsp\system.mss : null
13:52:34 ERROR : (XSDB Server)ERROR: [Hsi 55-1594] 
13:52:34 ERROR : (XSDB Server)Core cpu_cortexa9 of version 2.3 not found in repositories
ERROR: [Hsi 55-1594] Core gpiops of version 3.1 not found in repositories
ERROR: [Hsi 55-1452] Error: running open_sw_design.

13:52:34 ERROR :  [Common 17-39] 'hsi::open_sw_design' failed due to earlier errors.
13:52:34 ERROR : (XSDB Server)ERROR: [Hsi 55-1594]
13:52:34 ERROR : (XSDB Server) Core cpu_cortexa9 of version 2.3 not found in repositori
13:52:34 ERROR : (XSDB Server)es

13:52:34 ERROR : (XSDB Server)ERROR: [Hsi 55-1594] Cor
13:52:34 ERROR : (XSDB Server)e gpiops of version 3.1 not found i
13:52:34 ERROR : (XSDB Server)n
13:52:34 ERROR : (XSDB Server) repositories

13:52:34 ERROR : (XSDB Server)ERROR: [Hsi 55-14
13:52:34 ERROR : (XSDB Server)52] Error: running open_sw_design
13:52:34 ERROR : (XSDB Server).

13:52:34 INFO  : Unable to read in MSS file D:\FPGA\hardware\Olimex_RGB_Matrix\matrix_vc\matrix_vc.sdk\matrix_vc_bsp\system.mss : null
13:52:34 ERROR : Failed to closesw "D:/FPGA/hardware/Olimex_RGB_Matrix/matrix_vc/matrix_vc.sdk/matrix_vc_bsp/system.mss"
Reason: Cannot close sw design 'D:/FPGA/hardware/Olimex_RGB_Matrix/matrix_vc/matrix_vc.sdk/matrix_vc_bsp/system.mss'.
Design is not opened in the current session.


14:05:36 ERROR : (XSDB Server)E
14:05:36 ERROR :  [Common 17-39] 'hsi::open_sw_design' failed due to earlier errors.
14:05:36 ERROR : (XSDB Server)RROR: [Hsi 55-1594] Core cpu_cortexa9 of version 2.3 not found in repositories
ERROR: [Hsi 55-1594] Core gpiops of version 3.1 not found in repositories
ERROR: [Hsi 55-1452] Error: running open_sw_design.

14:05:36 ERROR : (XSDB Server)ERROR: [Hsi 55-1594] Co
14:05:36 ERROR : (XSDB Server)re cpu_cortexa9 of version 2.3 not fo
14:05:36 ERROR : (XSDB Server)und in repositories

14:05:36 ERROR : (XSDB Server)E
14:05:36 ERROR : (XSDB Server)R
14:05:36 ERROR : (XSDB Server)R
14:05:36 ERROR : (XSDB Server)O
14:05:36 ERROR : (XSDB Server)R
14:05:36 ERROR : (XSDB Server):
14:05:36 ERROR : (XSDB Server) 
14:05:36 ERROR : (XSDB Server)[
14:05:36 ERROR : (XSDB Server)H
14:05:36 ERROR : (XSDB Server)s
14:05:36 ERROR : (XSDB Server)i
14:05:36 ERROR : (XSDB Server) 
14:05:36 ERROR : (XSDB Server)5
14:05:36 ERROR : (XSDB Server)5
14:05:36 ERROR : (XSDB Server)-
14:05:36 ERROR : (XSDB Server)1
14:05:36 ERROR : (XSDB Server)5
14:05:36 ERROR : (XSDB Server)9
14:05:36 ERROR : (XSDB Server)4
14:05:36 ERROR : (XSDB Server)]
14:05:36 ERROR : (XSDB Server) 
14:05:36 ERROR : (XSDB Server)C
14:05:36 ERROR : (XSDB Server)o
14:05:36 ERROR : (XSDB Server)r
14:05:36 ERROR : (XSDB Server)e
14:05:36 ERROR : (XSDB Server) 
14:05:36 ERROR : (XSDB Server)g
14:05:36 ERROR : (XSDB Server)p
14:05:36 ERROR : (XSDB Server)i
14:05:36 ERROR : (XSDB Server)o
14:05:36 ERROR : (XSDB Server)p
14:05:36 ERROR : (XSDB Server)s
14:05:36 ERROR : (XSDB Server) 
14:05:36 ERROR : (XSDB Server)o
14:05:36 ERROR : (XSDB Server)f
14:05:36 ERROR : (XSDB Server) 
14:05:36 ERROR : (XSDB Server)v
14:05:36 ERROR : (XSDB Server)e
14:05:36 ERROR : (XSDB Server)r
14:05:36 ERROR : (XSDB Server)s
14:05:36 ERROR : (XSDB Server)i
14:05:36 ERROR : (XSDB Server)o
14:05:36 ERROR : (XSDB Server)n
14:05:36 ERROR : (XSDB Server) 
14:05:36 ERROR : (XSDB Server)3
14:05:36 ERROR : (XSDB Server).
14:05:36 ERROR : (XSDB Server)1
14:05:36 ERROR : (XSDB Server) 
14:05:36 ERROR : (XSDB Server)n
14:05:36 ERROR : (XSDB Server)o
14:05:36 ERROR : (XSDB Server)t
14:05:36 ERROR : (XSDB Server) 
14:05:36 ERROR : (XSDB Server)f
14:05:36 ERROR : (XSDB Server)o
14:05:36 ERROR : (XSDB Server)u
14:05:36 ERROR : (XSDB Server)n
14:05:36 ERROR : (XSDB Server)d
14:05:36 ERROR : (XSDB Server) 
14:05:36 ERROR : (XSDB Server)i
14:05:36 ERROR : (XSDB Server)n
14:05:36 ERROR : (XSDB Server) 
14:05:36 ERROR : (XSDB Server)r
14:05:36 ERROR : (XSDB Server)e
14:05:36 ERROR : (XSDB Server)p
14:05:36 ERROR : (XSDB Server)o
14:05:36 ERROR : (XSDB Server)s
14:05:36 ERROR : (XSDB Server)itories

14:05:36 INFO  : Unable to read in MSS file D:\FPGA\hardware\Olimex_RGB_Matrix\matrix_vc\matrix_vc.sdk\matrix_vc_bsp\system.mss : null
14:05:36 ERROR : (XSDB Server)ERROR: [Hsi 55-1452] Error: running open_sw_design.

14:05:36 ERROR : (XSDB Server)ERROR: [Hsi 55
14:05:36 ERROR : (XSDB Server)-1594] Core cpu_cortexa9 of version 2.3 not fou
14:05:36 ERROR : (XSDB Server)nd in re
14:05:36 ERROR : (XSDB Server)positories

14:05:36 ERROR : (XSDB Server)ERROR: [Hsi 
14:05:36 ERROR : (XSDB Server)55-1594] Core gpiops of ve
14:05:36 ERROR : (XSDB Server)rsion 3.1 not found in repositories

14:05:36 ERROR : (XSDB Server)E
14:05:36 ERROR : (XSDB Server)RROR: [Hsi 55-1452
14:05:36 ERROR : (XSDB Server)] Er
14:05:36 ERROR : (XSDB Server)ror: running open_sw_design.

14:05:36 ERROR : (XSDB Server)E
14:05:36 ERROR : (XSDB Server)R
14:05:36 ERROR : (XSDB Server)R
14:05:36 ERROR : (XSDB Server)O
14:05:36 ERROR : (XSDB Server)R
14:05:36 ERROR : (XSDB Server):
14:05:36 ERROR : (XSDB Server) 
14:05:36 ERROR : (XSDB Server)[
14:05:36 ERROR : (XSDB Server)H
14:05:36 ERROR : (XSDB Server)s
14:05:36 ERROR : (XSDB Server)i
14:05:36 ERROR : (XSDB Server) 
14:05:36 ERROR : (XSDB Server)5
14:05:36 ERROR : (XSDB Server)5
14:05:36 ERROR : (XSDB Server)-
14:05:36 ERROR : (XSDB Server)1
14:05:36 ERROR : (XSDB Server)5
14:05:36 ERROR : (XSDB Server)9
14:05:36 ERROR : (XSDB Server)4
14:05:36 ERROR : (XSDB Server)]
14:05:36 ERROR : (XSDB Server) 
14:05:36 ERROR : (XSDB Server)C
14:05:36 ERROR : (XSDB Server)o
14:05:36 ERROR : (XSDB Server)r
14:05:36 ERROR : (XSDB Server)e
14:05:36 ERROR : (XSDB Server) 
14:05:36 ERROR : (XSDB Server)c
14:05:36 ERROR : (XSDB Server)p
14:05:36 ERROR : (XSDB Server)u
14:05:36 ERROR : (XSDB Server)_
14:05:36 ERROR : (XSDB Server)c
14:05:36 ERROR : (XSDB Server)o
14:05:36 ERROR : (XSDB Server)r
14:05:36 ERROR : (XSDB Server)t
14:05:36 ERROR : (XSDB Server)e
14:05:36 ERROR : (XSDB Server)x
14:05:36 ERROR : (XSDB Server)a
14:05:36 ERROR : (XSDB Server)9
14:05:36 ERROR : (XSDB Server) 
14:05:36 ERROR : (XSDB Server)o
14:05:36 ERROR : (XSDB Server)f
14:05:36 ERROR : (XSDB Server) 
14:05:36 ERROR : (XSDB Server)v
14:05:36 ERROR : (XSDB Server)e
14:05:36 ERROR : (XSDB Server)r
14:05:36 ERROR : (XSDB Server)s
14:05:36 ERROR : (XSDB Server)i
14:05:36 ERROR : (XSDB Server)o
14:05:36 ERROR : (XSDB Server)n
14:05:36 ERROR : (XSDB Server) 
14:05:36 ERROR : (XSDB Server)2
14:05:36 ERROR : (XSDB Server).
14:05:36 ERROR : (XSDB Server)3
14:05:36 ERROR : (XSDB Server) 
14:05:36 ERROR : (XSDB Server)n
14:05:36 ERROR : (XSDB Server)o
14:05:36 ERROR : (XSDB Server)t
14:05:36 ERROR : (XSDB Server) 
14:05:36 ERROR : (XSDB Server)f
14:05:36 ERROR : (XSDB Server)o
14:05:36 ERROR : (XSDB Server)u
14:05:36 ERROR : (XSDB Server)n
14:05:36 ERROR : (XSDB Server)d
14:05:36 ERROR : (XSDB Server) 
14:05:36 ERROR : (XSDB Server)i
14:05:36 ERROR : (XSDB Server)n
14:05:36 ERROR : (XSDB Server) 
14:05:36 ERROR : (XSDB Server)r
14:05:36 ERROR : (XSDB Server)e
14:05:36 ERROR : (XSDB Server)p
14:05:36 ERROR : (XSDB Server)o
14:05:36 ERROR : (XSDB Server)s
14:05:36 ERROR : (XSDB Server)i
14:05:36 ERROR : (XSDB Server)t
14:05:36 ERROR : (XSDB Server)o
14:05:36 ERROR : (XSDB Server)r
14:05:36 ERROR : (XSDB Server)i
14:05:36 ERROR : (XSDB Server)e
14:05:36 ERROR : (XSDB Server)s
14:05:36 ERROR : (XSDB Server)

14:05:36 ERROR : (XSDB Server)E
14:05:36 ERROR : (XSDB Server)R
14:05:36 ERROR : (XSDB Server)R
14:05:36 ERROR : (XSDB Server)O
14:05:36 ERROR : (XSDB Server)R
14:05:36 ERROR : (XSDB Server):
14:05:36 ERROR : (XSDB Server) 
14:05:36 ERROR : (XSDB Server)[
14:05:36 ERROR : (XSDB Server)H
14:05:36 ERROR : (XSDB Server)s
14:05:36 ERROR : (XSDB Server)i
14:05:36 ERROR : (XSDB Server) 
14:05:36 ERROR : (XSDB Server)5
14:05:36 ERROR : (XSDB Server)5
14:05:36 ERROR : (XSDB Server)-
14:05:36 ERROR : (XSDB Server)1
14:05:36 ERROR : (XSDB Server)5
14:05:36 ERROR : (XSDB Server)9
14:05:36 ERROR : (XSDB Server)4
14:05:36 ERROR : (XSDB Server)]
14:05:36 ERROR : (XSDB Server) 
14:05:36 ERROR : (XSDB Server)C
14:05:36 ERROR : (XSDB Server)o
14:05:36 ERROR : (XSDB Server)re gpiops of version 3.1 not found in 
14:05:36 ERROR : (XSDB Server)repositories

14:05:36 ERROR : (XSDB Server)ERROR: [Hsi 55-1452] Error: 
14:05:36 ERROR : (XSDB Server)running open_sw_design.

14:05:37 ERROR : Failed to get_connected_periphs
Reason: ERROR: [Common 17-55] 'get_property' expects at least one object.
Resolution: If [get_<value>] was used to populate the object, check to make sure this command returns at least one valid object.

14:05:42 ERROR : (XSDB Server)ERROR: [Hsi 55-1594] C
14:05:42 ERROR : (XSDB Server)ore cpu_cortexa9 of version 2.3 not found in repositories
ERROR: [Hsi 55-1594] Core gpiops of version 3.1 not found in repositories
ERROR: [Hsi 55-1452] Erro
14:05:42 ERROR : (XSDB Server)r: running open_sw_design.

14:05:42 ERROR :  [Common 17-39] 'hsi::open_sw_design' failed due to earlier errors.
14:05:42 ERROR : (XSDB Server)ERROR: [Hsi 55-1594] Core cpu_cort
14:05:42 ERROR : (XSDB Server)exa9 of version 2.3 n
14:05:42 ERROR : (XSDB Server)ot found in repositori
14:05:42 ERROR : (XSDB Server)es

14:05:42 ERROR : (XSDB Server)ERROR: [Hsi 55
14:05:42 ERROR : (XSDB Server)-1594] Core gpiops of version 3.1 not
14:05:42 ERROR : (XSDB Server) found in repositories

14:05:42 ERROR : (XSDB Server)ERROR: [Hsi 55-1452] Erro
14:05:42 ERROR : (XSDB Server)r: running open_sw_design.

14:05:42 INFO  : Unable to read in MSS file D:\FPGA\hardware\Olimex_RGB_Matrix\matrix_vc\matrix_vc.sdk\matrix_vc_bsp\system.mss : null
14:05:42 ERROR : Failed to closesw "D:/FPGA/hardware/Olimex_RGB_Matrix/matrix_vc/matrix_vc.sdk/matrix_vc_bsp/system.mss"
Reason: Cannot close sw design 'D:/FPGA/hardware/Olimex_RGB_Matrix/matrix_vc/matrix_vc.sdk/matrix_vc_bsp/system.mss'.
Design is not opened in the current session.


14:10:21 INFO  : Connected to target on host '127.0.0.1' and port '3121'.
14:10:22 INFO  : 'targets -set -filter {jtag_cable_name =~ "Digilent Zybo 210279574222A" && level==0} -index 1' command is executed.
14:10:23 INFO  : FPGA configured successfully with bitstream "D:/FPGA/hardware/Olimex_RGB_Matrix/matrix_vc/sdk2/design_1_wrapper_hw_platform_0/design_1_wrapper.bit"
14:33:41 INFO  : Connected to target on host '127.0.0.1' and port '3121'.
14:33:41 INFO  : 'targets -set -filter {jtag_cable_name =~ "Digilent Zybo 210279574222A" && level==0} -index 1' command is executed.
14:33:42 INFO  : FPGA configured successfully with bitstream "D:/FPGA/hardware/Olimex_RGB_Matrix/matrix_vc/sdk2/design_1_wrapper_hw_platform_0/design_1_wrapper.bit"
14:41:13 INFO  : Connected to target on host '127.0.0.1' and port '3121'.
14:41:13 INFO  : 'targets -set -filter {jtag_cable_name =~ "Digilent Zybo 210279574222A" && level==0} -index 1' command is executed.
14:41:15 INFO  : FPGA configured successfully with bitstream "D:/FPGA/hardware/Olimex_RGB_Matrix/matrix_vc/sdk2/design_1_wrapper_hw_platform_0/design_1_wrapper.bit"
14:41:26 INFO  : 'targets -set -filter {jtag_cable_name =~ "Digilent Zybo 210279574222A" && level==0} -index 1' command is executed.
14:41:26 INFO  : 'fpga -state' command is executed.
14:41:26 INFO  : Connected to target on host '127.0.0.1' and port '3121'.
14:41:26 INFO  : Jtag cable 'Digilent Zybo 210279574222A' is selected.
14:41:26 INFO  : 'jtag frequency' command is executed.
14:41:26 INFO  : Sourcing of 'D:/FPGA/hardware/Olimex_RGB_Matrix/matrix_vc/sdk2/design_1_wrapper_hw_platform_0/ps7_init.tcl' is done.
14:41:26 INFO  : Context for 'APU' is selected.
14:41:26 INFO  : Hardware design information is loaded from 'D:/FPGA/hardware/Olimex_RGB_Matrix/matrix_vc/sdk2/design_1_wrapper_hw_platform_0/system.hdf'.
14:41:26 INFO  : 'configparams force-mem-access 1' command is executed.
14:41:26 INFO  : Context for 'APU' is selected.
14:41:26 INFO  : 'stop' command is executed.
14:41:27 INFO  : 'ps7_init' command is executed.
14:41:27 INFO  : 'ps7_post_config' command is executed.
14:41:27 INFO  : Context for processor 'ps7_cortexa9_0' is selected.
14:41:27 INFO  : Processor reset is completed for 'ps7_cortexa9_0'.
14:41:27 INFO  : Context for processor 'ps7_cortexa9_0' is selected.
14:41:27 INFO  : The application 'D:/FPGA/hardware/Olimex_RGB_Matrix/matrix_vc/sdk2/Matrix_vc/Debug/Matrix_vc.elf' is downloaded to processor 'ps7_cortexa9_0'.
14:41:27 INFO  : 'configparams force-mem-access 0' command is executed.
14:41:27 INFO  : ----------------XSDB Script----------------
connect -url tcp:127.0.0.1:3121
source D:/FPGA/hardware/Olimex_RGB_Matrix/matrix_vc/sdk2/design_1_wrapper_hw_platform_0/ps7_init.tcl
targets -set -nocase -filter {name =~"APU*" && jtag_cable_name =~ "Digilent Zybo 210279574222A"} -index 0
loadhw -hw D:/FPGA/hardware/Olimex_RGB_Matrix/matrix_vc/sdk2/design_1_wrapper_hw_platform_0/system.hdf -mem-ranges [list {0x40000000 0xbfffffff}]
configparams force-mem-access 1
targets -set -nocase -filter {name =~"APU*" && jtag_cable_name =~ "Digilent Zybo 210279574222A"} -index 0
stop
ps7_init
ps7_post_config
targets -set -nocase -filter {name =~ "ARM*#0" && jtag_cable_name =~ "Digilent Zybo 210279574222A"} -index 0
rst -processor
targets -set -nocase -filter {name =~ "ARM*#0" && jtag_cable_name =~ "Digilent Zybo 210279574222A"} -index 0
dow D:/FPGA/hardware/Olimex_RGB_Matrix/matrix_vc/sdk2/Matrix_vc/Debug/Matrix_vc.elf
configparams force-mem-access 0
----------------End of Script----------------

14:41:27 INFO  : Memory regions updated for context APU
14:41:28 INFO  : Context for processor 'ps7_cortexa9_0' is selected.
14:41:28 INFO  : 'con' command is executed.
14:41:28 INFO  : ----------------XSDB Script (After Launch)----------------
targets -set -nocase -filter {name =~ "ARM*#0" && jtag_cable_name =~ "Digilent Zybo 210279574222A"} -index 0
con
----------------End of Script----------------

14:41:28 INFO  : Launch script is exported to file 'D:\FPGA\hardware\Olimex_RGB_Matrix\matrix_vc\sdk2\.sdk\launch_scripts\xilinx_c-c++_application_(system_debugger)\system_debugger_using_debug_matrix_vc.elf_on_local.tcl'
14:44:49 INFO  : Disconnected from the channel tcfchan#1.
14:44:50 INFO  : 'targets -set -filter {jtag_cable_name =~ "Digilent Zybo 210279574222A" && level==0} -index 1' command is executed.
14:44:50 INFO  : 'fpga -state' command is executed.
14:44:50 INFO  : Connected to target on host '127.0.0.1' and port '3121'.
14:44:50 INFO  : Jtag cable 'Digilent Zybo 210279574222A' is selected.
14:44:50 INFO  : 'jtag frequency' command is executed.
14:44:50 INFO  : Sourcing of 'D:/FPGA/hardware/Olimex_RGB_Matrix/matrix_vc/sdk2/design_1_wrapper_hw_platform_0/ps7_init.tcl' is done.
14:44:50 INFO  : Context for 'APU' is selected.
14:44:53 INFO  : Hardware design information is loaded from 'D:/FPGA/hardware/Olimex_RGB_Matrix/matrix_vc/sdk2/design_1_wrapper_hw_platform_0/system.hdf'.
14:44:53 INFO  : 'configparams force-mem-access 1' command is executed.
14:44:53 INFO  : Context for 'APU' is selected.
14:44:53 INFO  : 'stop' command is executed.
14:44:54 INFO  : 'ps7_init' command is executed.
14:44:54 INFO  : 'ps7_post_config' command is executed.
14:44:54 INFO  : Context for processor 'ps7_cortexa9_0' is selected.
14:44:54 INFO  : Processor reset is completed for 'ps7_cortexa9_0'.
14:44:54 INFO  : Context for processor 'ps7_cortexa9_0' is selected.
14:44:54 INFO  : The application 'D:/FPGA/hardware/Olimex_RGB_Matrix/matrix_vc/sdk2/Matrix_vc/Debug/Matrix_vc.elf' is downloaded to processor 'ps7_cortexa9_0'.
14:44:54 INFO  : 'configparams force-mem-access 0' command is executed.
14:44:54 INFO  : ----------------XSDB Script----------------
connect -url tcp:127.0.0.1:3121
source D:/FPGA/hardware/Olimex_RGB_Matrix/matrix_vc/sdk2/design_1_wrapper_hw_platform_0/ps7_init.tcl
targets -set -nocase -filter {name =~"APU*" && jtag_cable_name =~ "Digilent Zybo 210279574222A"} -index 0
loadhw -hw D:/FPGA/hardware/Olimex_RGB_Matrix/matrix_vc/sdk2/design_1_wrapper_hw_platform_0/system.hdf -mem-ranges [list {0x40000000 0xbfffffff}]
configparams force-mem-access 1
targets -set -nocase -filter {name =~"APU*" && jtag_cable_name =~ "Digilent Zybo 210279574222A"} -index 0
stop
ps7_init
ps7_post_config
targets -set -nocase -filter {name =~ "ARM*#0" && jtag_cable_name =~ "Digilent Zybo 210279574222A"} -index 0
rst -processor
targets -set -nocase -filter {name =~ "ARM*#0" && jtag_cable_name =~ "Digilent Zybo 210279574222A"} -index 0
dow D:/FPGA/hardware/Olimex_RGB_Matrix/matrix_vc/sdk2/Matrix_vc/Debug/Matrix_vc.elf
configparams force-mem-access 0
----------------End of Script----------------

14:44:54 INFO  : Memory regions updated for context APU
14:44:54 INFO  : Context for processor 'ps7_cortexa9_0' is selected.
14:44:54 INFO  : 'con' command is executed.
14:44:54 INFO  : ----------------XSDB Script (After Launch)----------------
targets -set -nocase -filter {name =~ "ARM*#0" && jtag_cable_name =~ "Digilent Zybo 210279574222A"} -index 0
con
----------------End of Script----------------

14:44:54 INFO  : Launch script is exported to file 'D:\FPGA\hardware\Olimex_RGB_Matrix\matrix_vc\sdk2\.sdk\launch_scripts\xilinx_c-c++_application_(system_debugger)\system_debugger_using_debug_matrix_vc.elf_on_local.tcl'
14:45:47 INFO  : Disconnected from the channel tcfchan#2.
14:45:48 INFO  : 'targets -set -filter {jtag_cable_name =~ "Digilent Zybo 210279574222A" && level==0} -index 1' command is executed.
14:45:48 INFO  : 'fpga -state' command is executed.
14:45:48 INFO  : Connected to target on host '127.0.0.1' and port '3121'.
14:45:48 INFO  : Jtag cable 'Digilent Zybo 210279574222A' is selected.
14:45:48 INFO  : 'jtag frequency' command is executed.
14:45:48 INFO  : Sourcing of 'D:/FPGA/hardware/Olimex_RGB_Matrix/matrix_vc/sdk2/design_1_wrapper_hw_platform_0/ps7_init.tcl' is done.
14:45:48 INFO  : Context for 'APU' is selected.
14:45:51 INFO  : Hardware design information is loaded from 'D:/FPGA/hardware/Olimex_RGB_Matrix/matrix_vc/sdk2/design_1_wrapper_hw_platform_0/system.hdf'.
14:45:51 INFO  : 'configparams force-mem-access 1' command is executed.
14:45:51 INFO  : Context for 'APU' is selected.
14:45:51 INFO  : 'stop' command is executed.
14:45:51 INFO  : 'ps7_init' command is executed.
14:45:51 INFO  : 'ps7_post_config' command is executed.
14:45:51 INFO  : Context for processor 'ps7_cortexa9_0' is selected.
14:45:51 INFO  : Processor reset is completed for 'ps7_cortexa9_0'.
14:45:51 INFO  : Context for processor 'ps7_cortexa9_0' is selected.
14:45:52 INFO  : The application 'D:/FPGA/hardware/Olimex_RGB_Matrix/matrix_vc/sdk2/Matrix_vc/Debug/Matrix_vc.elf' is downloaded to processor 'ps7_cortexa9_0'.
14:45:52 INFO  : 'configparams force-mem-access 0' command is executed.
14:45:52 INFO  : ----------------XSDB Script----------------
connect -url tcp:127.0.0.1:3121
source D:/FPGA/hardware/Olimex_RGB_Matrix/matrix_vc/sdk2/design_1_wrapper_hw_platform_0/ps7_init.tcl
targets -set -nocase -filter {name =~"APU*" && jtag_cable_name =~ "Digilent Zybo 210279574222A"} -index 0
loadhw -hw D:/FPGA/hardware/Olimex_RGB_Matrix/matrix_vc/sdk2/design_1_wrapper_hw_platform_0/system.hdf -mem-ranges [list {0x40000000 0xbfffffff}]
configparams force-mem-access 1
targets -set -nocase -filter {name =~"APU*" && jtag_cable_name =~ "Digilent Zybo 210279574222A"} -index 0
stop
ps7_init
ps7_post_config
targets -set -nocase -filter {name =~ "ARM*#0" && jtag_cable_name =~ "Digilent Zybo 210279574222A"} -index 0
rst -processor
targets -set -nocase -filter {name =~ "ARM*#0" && jtag_cable_name =~ "Digilent Zybo 210279574222A"} -index 0
dow D:/FPGA/hardware/Olimex_RGB_Matrix/matrix_vc/sdk2/Matrix_vc/Debug/Matrix_vc.elf
configparams force-mem-access 0
----------------End of Script----------------

14:45:52 INFO  : Memory regions updated for context APU
14:45:52 INFO  : Context for processor 'ps7_cortexa9_0' is selected.
14:45:52 INFO  : 'con' command is executed.
14:45:52 INFO  : ----------------XSDB Script (After Launch)----------------
targets -set -nocase -filter {name =~ "ARM*#0" && jtag_cable_name =~ "Digilent Zybo 210279574222A"} -index 0
con
----------------End of Script----------------

14:45:52 INFO  : Launch script is exported to file 'D:\FPGA\hardware\Olimex_RGB_Matrix\matrix_vc\sdk2\.sdk\launch_scripts\xilinx_c-c++_application_(system_debugger)\system_debugger_using_debug_matrix_vc.elf_on_local.tcl'
15:16:51 INFO  : Connected to target on host '127.0.0.1' and port '3121'.
15:16:51 INFO  : 'targets -set -filter {jtag_cable_name =~ "Digilent Zybo 210279574222A" && level==0} -index 1' command is executed.
15:16:52 INFO  : FPGA configured successfully with bitstream "D:/FPGA/hardware/Olimex_RGB_Matrix/matrix_vc/sdk2/design_1_wrapper_hw_platform_0/design_1_wrapper.bit"
15:17:03 INFO  : Disconnected from the channel tcfchan#3.
15:17:04 INFO  : 'targets -set -filter {jtag_cable_name =~ "Digilent Zybo 210279574222A" && level==0} -index 1' command is executed.
15:17:04 INFO  : 'fpga -state' command is executed.
15:17:04 INFO  : Connected to target on host '127.0.0.1' and port '3121'.
15:17:04 INFO  : Jtag cable 'Digilent Zybo 210279574222A' is selected.
15:17:04 INFO  : 'jtag frequency' command is executed.
15:17:04 INFO  : Sourcing of 'D:/FPGA/hardware/Olimex_RGB_Matrix/matrix_vc/sdk2/design_1_wrapper_hw_platform_0/ps7_init.tcl' is done.
15:17:05 INFO  : Context for 'APU' is selected.
15:17:08 INFO  : Hardware design information is loaded from 'D:/FPGA/hardware/Olimex_RGB_Matrix/matrix_vc/sdk2/design_1_wrapper_hw_platform_0/system.hdf'.
15:17:08 INFO  : 'configparams force-mem-access 1' command is executed.
15:17:08 INFO  : Context for 'APU' is selected.
15:17:08 INFO  : 'stop' command is executed.
15:17:09 INFO  : 'ps7_init' command is executed.
15:17:09 INFO  : 'ps7_post_config' command is executed.
15:17:09 INFO  : Context for processor 'ps7_cortexa9_0' is selected.
15:17:09 INFO  : Processor reset is completed for 'ps7_cortexa9_0'.
15:17:09 INFO  : Context for processor 'ps7_cortexa9_0' is selected.
15:17:09 INFO  : The application 'D:/FPGA/hardware/Olimex_RGB_Matrix/matrix_vc/sdk2/Matrix_vc/Debug/Matrix_vc.elf' is downloaded to processor 'ps7_cortexa9_0'.
15:17:09 INFO  : 'configparams force-mem-access 0' command is executed.
15:17:09 INFO  : ----------------XSDB Script----------------
connect -url tcp:127.0.0.1:3121
source D:/FPGA/hardware/Olimex_RGB_Matrix/matrix_vc/sdk2/design_1_wrapper_hw_platform_0/ps7_init.tcl
targets -set -nocase -filter {name =~"APU*" && jtag_cable_name =~ "Digilent Zybo 210279574222A"} -index 0
loadhw -hw D:/FPGA/hardware/Olimex_RGB_Matrix/matrix_vc/sdk2/design_1_wrapper_hw_platform_0/system.hdf -mem-ranges [list {0x40000000 0xbfffffff}]
configparams force-mem-access 1
targets -set -nocase -filter {name =~"APU*" && jtag_cable_name =~ "Digilent Zybo 210279574222A"} -index 0
stop
ps7_init
ps7_post_config
targets -set -nocase -filter {name =~ "ARM*#0" && jtag_cable_name =~ "Digilent Zybo 210279574222A"} -index 0
rst -processor
targets -set -nocase -filter {name =~ "ARM*#0" && jtag_cable_name =~ "Digilent Zybo 210279574222A"} -index 0
dow D:/FPGA/hardware/Olimex_RGB_Matrix/matrix_vc/sdk2/Matrix_vc/Debug/Matrix_vc.elf
configparams force-mem-access 0
----------------End of Script----------------

15:17:09 INFO  : Memory regions updated for context APU
15:17:09 INFO  : Context for processor 'ps7_cortexa9_0' is selected.
15:17:09 INFO  : 'con' command is executed.
15:17:09 INFO  : ----------------XSDB Script (After Launch)----------------
targets -set -nocase -filter {name =~ "ARM*#0" && jtag_cable_name =~ "Digilent Zybo 210279574222A"} -index 0
con
----------------End of Script----------------

15:17:09 INFO  : Launch script is exported to file 'D:\FPGA\hardware\Olimex_RGB_Matrix\matrix_vc\sdk2\.sdk\launch_scripts\xilinx_c-c++_application_(system_debugger)\system_debugger_using_debug_matrix_vc.elf_on_local.tcl'
15:43:09 INFO  : Disconnected from the channel tcfchan#4.
15:43:10 INFO  : 'targets -set -filter {jtag_cable_name =~ "Digilent Zybo 210279574222A" && level==0} -index 1' command is executed.
15:43:10 INFO  : 'fpga -state' command is executed.
15:43:10 INFO  : Connected to target on host '127.0.0.1' and port '3121'.
15:43:10 INFO  : Jtag cable 'Digilent Zybo 210279574222A' is selected.
15:43:10 INFO  : 'jtag frequency' command is executed.
15:43:10 INFO  : Sourcing of 'D:/FPGA/hardware/Olimex_RGB_Matrix/matrix_vc/sdk2/design_1_wrapper_hw_platform_0/ps7_init.tcl' is done.
15:43:10 INFO  : Context for 'APU' is selected.
15:43:13 INFO  : Hardware design information is loaded from 'D:/FPGA/hardware/Olimex_RGB_Matrix/matrix_vc/sdk2/design_1_wrapper_hw_platform_0/system.hdf'.
15:43:13 INFO  : 'configparams force-mem-access 1' command is executed.
15:43:13 INFO  : Context for 'APU' is selected.
15:43:13 INFO  : 'stop' command is executed.
15:43:13 ERROR : Invalid DAP IDCODE. Invalid DAP ACK value: 0
15:43:13 INFO  : ----------------XSDB Script----------------
connect -url tcp:127.0.0.1:3121
source D:/FPGA/hardware/Olimex_RGB_Matrix/matrix_vc/sdk2/design_1_wrapper_hw_platform_0/ps7_init.tcl
targets -set -nocase -filter {name =~"APU*" && jtag_cable_name =~ "Digilent Zybo 210279574222A"} -index 0
loadhw -hw D:/FPGA/hardware/Olimex_RGB_Matrix/matrix_vc/sdk2/design_1_wrapper_hw_platform_0/system.hdf -mem-ranges [list {0x40000000 0xbfffffff}]
configparams force-mem-access 1
targets -set -nocase -filter {name =~"APU*" && jtag_cable_name =~ "Digilent Zybo 210279574222A"} -index 0
stop
ps7_init
----------------End of Script----------------

15:43:21 INFO  : Connected to target on host '127.0.0.1' and port '3121'.
15:43:21 INFO  : 'targets -set -filter {jtag_cable_name =~ "Digilent Zybo 210279574222A" && level==0} -index 1' command is executed.
15:43:23 INFO  : FPGA configured successfully with bitstream "D:/FPGA/hardware/Olimex_RGB_Matrix/matrix_vc/sdk2/design_1_wrapper_hw_platform_0/design_1_wrapper.bit"
15:43:32 INFO  : 'targets -set -filter {jtag_cable_name =~ "Digilent Zybo 210279574222A" && level==0} -index 1' command is executed.
15:43:32 INFO  : 'fpga -state' command is executed.
15:43:32 INFO  : Connected to target on host '127.0.0.1' and port '3121'.
15:43:32 INFO  : Jtag cable 'Digilent Zybo 210279574222A' is selected.
15:43:32 INFO  : 'jtag frequency' command is executed.
15:43:32 INFO  : Sourcing of 'D:/FPGA/hardware/Olimex_RGB_Matrix/matrix_vc/sdk2/design_1_wrapper_hw_platform_0/ps7_init.tcl' is done.
15:43:32 INFO  : Context for 'APU' is selected.
15:43:32 INFO  : Hardware design information is loaded from 'D:/FPGA/hardware/Olimex_RGB_Matrix/matrix_vc/sdk2/design_1_wrapper_hw_platform_0/system.hdf'.
15:43:32 INFO  : 'configparams force-mem-access 1' command is executed.
15:43:32 INFO  : Context for 'APU' is selected.
15:43:32 INFO  : 'stop' command is executed.
15:43:33 ERROR : Memory read error at 0xF8006054. Invalid DAP IDCODE. Invalid DAP ACK value: 0
15:43:33 INFO  : ----------------XSDB Script----------------
connect -url tcp:127.0.0.1:3121
source D:/FPGA/hardware/Olimex_RGB_Matrix/matrix_vc/sdk2/design_1_wrapper_hw_platform_0/ps7_init.tcl
targets -set -nocase -filter {name =~"APU*" && jtag_cable_name =~ "Digilent Zybo 210279574222A"} -index 0
loadhw -hw D:/FPGA/hardware/Olimex_RGB_Matrix/matrix_vc/sdk2/design_1_wrapper_hw_platform_0/system.hdf -mem-ranges [list {0x40000000 0xbfffffff}]
configparams force-mem-access 1
targets -set -nocase -filter {name =~"APU*" && jtag_cable_name =~ "Digilent Zybo 210279574222A"} -index 0
stop
ps7_init
----------------End of Script----------------

15:43:47 INFO  : Connected to target on host '127.0.0.1' and port '3121'.
15:43:49 INFO  : 'targets -set -filter {jtag_cable_name =~ "Digilent Zybo 210279574222A" && level==0} -index 1' command is executed.
15:43:50 INFO  : FPGA configured successfully with bitstream "D:/FPGA/hardware/Olimex_RGB_Matrix/matrix_vc/sdk2/design_1_wrapper_hw_platform_0/design_1_wrapper.bit"
15:43:59 INFO  : 'targets -set -filter {jtag_cable_name =~ "Digilent Zybo 210279574222A" && level==0} -index 1' command is executed.
15:43:59 INFO  : 'fpga -state' command is executed.
15:43:59 INFO  : Connected to target on host '127.0.0.1' and port '3121'.
15:43:59 INFO  : Jtag cable 'Digilent Zybo 210279574222A' is selected.
15:43:59 INFO  : 'jtag frequency' command is executed.
15:43:59 INFO  : Sourcing of 'D:/FPGA/hardware/Olimex_RGB_Matrix/matrix_vc/sdk2/design_1_wrapper_hw_platform_0/ps7_init.tcl' is done.
15:44:00 INFO  : Context for 'APU' is selected.
15:44:00 INFO  : Hardware design information is loaded from 'D:/FPGA/hardware/Olimex_RGB_Matrix/matrix_vc/sdk2/design_1_wrapper_hw_platform_0/system.hdf'.
15:44:00 INFO  : 'configparams force-mem-access 1' command is executed.
15:44:00 INFO  : Context for 'APU' is selected.
15:44:00 INFO  : 'stop' command is executed.
15:44:00 ERROR : Memory read error at 0xF8006054. Invalid DAP IDCODE. Invalid DAP ACK value: 0
15:44:00 INFO  : ----------------XSDB Script----------------
connect -url tcp:127.0.0.1:3121
source D:/FPGA/hardware/Olimex_RGB_Matrix/matrix_vc/sdk2/design_1_wrapper_hw_platform_0/ps7_init.tcl
targets -set -nocase -filter {name =~"APU*" && jtag_cable_name =~ "Digilent Zybo 210279574222A"} -index 0
loadhw -hw D:/FPGA/hardware/Olimex_RGB_Matrix/matrix_vc/sdk2/design_1_wrapper_hw_platform_0/system.hdf -mem-ranges [list {0x40000000 0xbfffffff}]
configparams force-mem-access 1
targets -set -nocase -filter {name =~"APU*" && jtag_cable_name =~ "Digilent Zybo 210279574222A"} -index 0
stop
ps7_init
----------------End of Script----------------

15:44:13 INFO  : Connected to target on host '127.0.0.1' and port '3121'.
15:44:13 INFO  : 'targets -set -filter {jtag_cable_name =~ "Digilent Zybo 210279574222A" && level==0} -index 1' command is executed.
15:44:14 INFO  : FPGA configured successfully with bitstream "D:/FPGA/hardware/Olimex_RGB_Matrix/matrix_vc/sdk2/design_1_wrapper_hw_platform_0/design_1_wrapper.bit"
15:45:20 INFO  : 'targets -set -filter {jtag_cable_name =~ "Digilent Zybo 210279574222A" && level==0} -index 1' command is executed.
15:45:20 INFO  : 'fpga -state' command is executed.
15:45:20 INFO  : Connected to target on host '127.0.0.1' and port '3121'.
15:45:20 INFO  : Jtag cable 'Digilent Zybo 210279574222A' is selected.
15:45:20 INFO  : 'jtag frequency' command is executed.
15:45:20 INFO  : Sourcing of 'D:/FPGA/hardware/Olimex_RGB_Matrix/matrix_vc/sdk2/design_1_wrapper_hw_platform_0/ps7_init.tcl' is done.
15:45:20 INFO  : Context for 'APU' is selected.
15:45:20 INFO  : Hardware design information is loaded from 'D:/FPGA/hardware/Olimex_RGB_Matrix/matrix_vc/sdk2/design_1_wrapper_hw_platform_0/system.hdf'.
15:45:20 INFO  : 'configparams force-mem-access 1' command is executed.
15:45:20 INFO  : Context for 'APU' is selected.
15:45:21 INFO  : 'stop' command is executed.
15:45:21 INFO  : 'ps7_init' command is executed.
15:45:21 INFO  : 'ps7_post_config' command is executed.
15:45:21 INFO  : Context for processor 'ps7_cortexa9_0' is selected.
15:45:21 INFO  : Processor reset is completed for 'ps7_cortexa9_0'.
15:45:21 INFO  : Context for processor 'ps7_cortexa9_0' is selected.
15:45:21 INFO  : The application 'D:/FPGA/hardware/Olimex_RGB_Matrix/matrix_vc/sdk2/Matrix_vc/Debug/Matrix_vc.elf' is downloaded to processor 'ps7_cortexa9_0'.
15:45:21 INFO  : 'configparams force-mem-access 0' command is executed.
15:45:21 INFO  : ----------------XSDB Script----------------
connect -url tcp:127.0.0.1:3121
source D:/FPGA/hardware/Olimex_RGB_Matrix/matrix_vc/sdk2/design_1_wrapper_hw_platform_0/ps7_init.tcl
targets -set -nocase -filter {name =~"APU*" && jtag_cable_name =~ "Digilent Zybo 210279574222A"} -index 0
loadhw -hw D:/FPGA/hardware/Olimex_RGB_Matrix/matrix_vc/sdk2/design_1_wrapper_hw_platform_0/system.hdf -mem-ranges [list {0x40000000 0xbfffffff}]
configparams force-mem-access 1
targets -set -nocase -filter {name =~"APU*" && jtag_cable_name =~ "Digilent Zybo 210279574222A"} -index 0
stop
ps7_init
ps7_post_config
targets -set -nocase -filter {name =~ "ARM*#0" && jtag_cable_name =~ "Digilent Zybo 210279574222A"} -index 0
rst -processor
targets -set -nocase -filter {name =~ "ARM*#0" && jtag_cable_name =~ "Digilent Zybo 210279574222A"} -index 0
dow D:/FPGA/hardware/Olimex_RGB_Matrix/matrix_vc/sdk2/Matrix_vc/Debug/Matrix_vc.elf
configparams force-mem-access 0
----------------End of Script----------------

15:45:21 INFO  : Memory regions updated for context APU
15:45:22 INFO  : Context for processor 'ps7_cortexa9_0' is selected.
15:45:22 INFO  : 'con' command is executed.
15:45:22 INFO  : ----------------XSDB Script (After Launch)----------------
targets -set -nocase -filter {name =~ "ARM*#0" && jtag_cable_name =~ "Digilent Zybo 210279574222A"} -index 0
con
----------------End of Script----------------

15:45:22 INFO  : Launch script is exported to file 'D:\FPGA\hardware\Olimex_RGB_Matrix\matrix_vc\sdk2\.sdk\launch_scripts\xilinx_c-c++_application_(system_debugger)\system_debugger_using_debug_matrix_vc.elf_on_local.tcl'
15:45:46 INFO  : Disconnected from the channel tcfchan#5.
15:45:47 INFO  : 'targets -set -filter {jtag_cable_name =~ "Digilent Zybo 210279574222A" && level==0} -index 1' command is executed.
15:45:47 INFO  : 'fpga -state' command is executed.
15:45:47 INFO  : Connected to target on host '127.0.0.1' and port '3121'.
15:45:47 INFO  : Jtag cable 'Digilent Zybo 210279574222A' is selected.
15:45:47 INFO  : 'jtag frequency' command is executed.
15:45:47 INFO  : Sourcing of 'D:/FPGA/hardware/Olimex_RGB_Matrix/matrix_vc/sdk2/design_1_wrapper_hw_platform_0/ps7_init.tcl' is done.
15:45:47 INFO  : Context for 'APU' is selected.
15:45:50 INFO  : Hardware design information is loaded from 'D:/FPGA/hardware/Olimex_RGB_Matrix/matrix_vc/sdk2/design_1_wrapper_hw_platform_0/system.hdf'.
15:45:50 INFO  : 'configparams force-mem-access 1' command is executed.
15:45:50 INFO  : Context for 'APU' is selected.
15:45:50 INFO  : 'stop' command is executed.
15:45:50 INFO  : 'ps7_init' command is executed.
15:45:50 INFO  : 'ps7_post_config' command is executed.
15:45:51 INFO  : Context for processor 'ps7_cortexa9_0' is selected.
15:45:51 INFO  : Processor reset is completed for 'ps7_cortexa9_0'.
15:45:51 INFO  : Context for processor 'ps7_cortexa9_0' is selected.
15:45:51 INFO  : The application 'D:/FPGA/hardware/Olimex_RGB_Matrix/matrix_vc/sdk2/Matrix_vc/Debug/Matrix_vc.elf' is downloaded to processor 'ps7_cortexa9_0'.
15:45:51 INFO  : 'configparams force-mem-access 0' command is executed.
15:45:51 INFO  : ----------------XSDB Script----------------
connect -url tcp:127.0.0.1:3121
source D:/FPGA/hardware/Olimex_RGB_Matrix/matrix_vc/sdk2/design_1_wrapper_hw_platform_0/ps7_init.tcl
targets -set -nocase -filter {name =~"APU*" && jtag_cable_name =~ "Digilent Zybo 210279574222A"} -index 0
loadhw -hw D:/FPGA/hardware/Olimex_RGB_Matrix/matrix_vc/sdk2/design_1_wrapper_hw_platform_0/system.hdf -mem-ranges [list {0x40000000 0xbfffffff}]
configparams force-mem-access 1
targets -set -nocase -filter {name =~"APU*" && jtag_cable_name =~ "Digilent Zybo 210279574222A"} -index 0
stop
ps7_init
ps7_post_config
targets -set -nocase -filter {name =~ "ARM*#0" && jtag_cable_name =~ "Digilent Zybo 210279574222A"} -index 0
rst -processor
targets -set -nocase -filter {name =~ "ARM*#0" && jtag_cable_name =~ "Digilent Zybo 210279574222A"} -index 0
dow D:/FPGA/hardware/Olimex_RGB_Matrix/matrix_vc/sdk2/Matrix_vc/Debug/Matrix_vc.elf
configparams force-mem-access 0
----------------End of Script----------------

15:45:51 INFO  : Memory regions updated for context APU
15:45:51 INFO  : Context for processor 'ps7_cortexa9_0' is selected.
15:45:51 INFO  : 'con' command is executed.
15:45:51 INFO  : ----------------XSDB Script (After Launch)----------------
targets -set -nocase -filter {name =~ "ARM*#0" && jtag_cable_name =~ "Digilent Zybo 210279574222A"} -index 0
con
----------------End of Script----------------

15:45:51 INFO  : Launch script is exported to file 'D:\FPGA\hardware\Olimex_RGB_Matrix\matrix_vc\sdk2\.sdk\launch_scripts\xilinx_c-c++_application_(system_debugger)\system_debugger_using_debug_matrix_vc.elf_on_local.tcl'
15:46:10 INFO  : Connected to target on host '127.0.0.1' and port '3121'.
15:46:12 INFO  : 'targets -set -filter {jtag_cable_name =~ "Digilent Zybo 210279574222A" && level==0} -index 1' command is executed.
15:46:13 INFO  : FPGA configured successfully with bitstream "D:/FPGA/hardware/Olimex_RGB_Matrix/matrix_vc/sdk2/design_1_wrapper_hw_platform_0/design_1_wrapper.bit"
15:46:22 INFO  : Disconnected from the channel tcfchan#6.
15:46:23 INFO  : 'targets -set -filter {jtag_cable_name =~ "Digilent Zybo 210279574222A" && level==0} -index 1' command is executed.
15:46:23 INFO  : 'fpga -state' command is executed.
15:46:23 INFO  : Connected to target on host '127.0.0.1' and port '3121'.
15:46:24 INFO  : Jtag cable 'Digilent Zybo 210279574222A' is selected.
15:46:24 INFO  : 'jtag frequency' command is executed.
15:46:24 INFO  : Sourcing of 'D:/FPGA/hardware/Olimex_RGB_Matrix/matrix_vc/sdk2/design_1_wrapper_hw_platform_0/ps7_init.tcl' is done.
15:46:24 INFO  : Context for 'APU' is selected.
15:46:26 INFO  : Hardware design information is loaded from 'D:/FPGA/hardware/Olimex_RGB_Matrix/matrix_vc/sdk2/design_1_wrapper_hw_platform_0/system.hdf'.
15:46:26 INFO  : 'configparams force-mem-access 1' command is executed.
15:46:26 INFO  : Context for 'APU' is selected.
15:46:26 INFO  : 'stop' command is executed.
15:46:27 INFO  : 'ps7_init' command is executed.
15:46:27 INFO  : 'ps7_post_config' command is executed.
15:46:27 INFO  : Context for processor 'ps7_cortexa9_0' is selected.
15:46:27 INFO  : Processor reset is completed for 'ps7_cortexa9_0'.
15:46:27 INFO  : Context for processor 'ps7_cortexa9_0' is selected.
15:46:27 INFO  : The application 'D:/FPGA/hardware/Olimex_RGB_Matrix/matrix_vc/sdk2/Matrix_vc/Debug/Matrix_vc.elf' is downloaded to processor 'ps7_cortexa9_0'.
15:46:27 INFO  : 'configparams force-mem-access 0' command is executed.
15:46:27 INFO  : ----------------XSDB Script----------------
connect -url tcp:127.0.0.1:3121
source D:/FPGA/hardware/Olimex_RGB_Matrix/matrix_vc/sdk2/design_1_wrapper_hw_platform_0/ps7_init.tcl
targets -set -nocase -filter {name =~"APU*" && jtag_cable_name =~ "Digilent Zybo 210279574222A"} -index 0
loadhw -hw D:/FPGA/hardware/Olimex_RGB_Matrix/matrix_vc/sdk2/design_1_wrapper_hw_platform_0/system.hdf -mem-ranges [list {0x40000000 0xbfffffff}]
configparams force-mem-access 1
targets -set -nocase -filter {name =~"APU*" && jtag_cable_name =~ "Digilent Zybo 210279574222A"} -index 0
stop
ps7_init
ps7_post_config
targets -set -nocase -filter {name =~ "ARM*#0" && jtag_cable_name =~ "Digilent Zybo 210279574222A"} -index 0
rst -processor
targets -set -nocase -filter {name =~ "ARM*#0" && jtag_cable_name =~ "Digilent Zybo 210279574222A"} -index 0
dow D:/FPGA/hardware/Olimex_RGB_Matrix/matrix_vc/sdk2/Matrix_vc/Debug/Matrix_vc.elf
configparams force-mem-access 0
----------------End of Script----------------

15:46:27 INFO  : Memory regions updated for context APU
15:46:27 INFO  : Context for processor 'ps7_cortexa9_0' is selected.
15:46:28 INFO  : 'con' command is executed.
15:46:28 INFO  : ----------------XSDB Script (After Launch)----------------
targets -set -nocase -filter {name =~ "ARM*#0" && jtag_cable_name =~ "Digilent Zybo 210279574222A"} -index 0
con
----------------End of Script----------------

15:46:28 INFO  : Launch script is exported to file 'D:\FPGA\hardware\Olimex_RGB_Matrix\matrix_vc\sdk2\.sdk\launch_scripts\xilinx_c-c++_application_(system_debugger)\system_debugger_using_debug_matrix_vc.elf_on_local.tcl'
15:52:42 INFO  : No changes in MSS file content so not generating sources.
15:56:43 INFO  : Disconnected from the channel tcfchan#7.
15:56:44 INFO  : 'targets -set -filter {jtag_cable_name =~ "Digilent Zybo 210279574222A" && level==0} -index 1' command is executed.
15:56:44 INFO  : 'fpga -state' command is executed.
15:56:44 INFO  : Connected to target on host '127.0.0.1' and port '3121'.
15:56:45 INFO  : Jtag cable 'Digilent Zybo 210279574222A' is selected.
15:56:45 INFO  : 'jtag frequency' command is executed.
15:56:45 INFO  : Sourcing of 'D:/FPGA/hardware/Olimex_RGB_Matrix/matrix_vc/sdk2/design_1_wrapper_hw_platform_0/ps7_init.tcl' is done.
15:56:45 INFO  : Context for 'APU' is selected.
15:56:48 INFO  : Hardware design information is loaded from 'D:/FPGA/hardware/Olimex_RGB_Matrix/matrix_vc/sdk2/design_1_wrapper_hw_platform_0/system.hdf'.
15:56:48 INFO  : 'configparams force-mem-access 1' command is executed.
15:56:48 INFO  : Context for 'APU' is selected.
15:56:48 INFO  : 'stop' command is executed.
15:56:48 INFO  : 'ps7_init' command is executed.
15:56:49 INFO  : 'ps7_post_config' command is executed.
15:56:49 INFO  : Context for processor 'ps7_cortexa9_0' is selected.
15:56:49 INFO  : Processor reset is completed for 'ps7_cortexa9_0'.
15:56:49 INFO  : Context for processor 'ps7_cortexa9_0' is selected.
15:56:49 INFO  : The application 'D:/FPGA/hardware/Olimex_RGB_Matrix/matrix_vc/sdk2/Matrix_vc/Debug/Matrix_vc.elf' is downloaded to processor 'ps7_cortexa9_0'.
15:56:49 INFO  : 'configparams force-mem-access 0' command is executed.
15:56:49 INFO  : ----------------XSDB Script----------------
connect -url tcp:127.0.0.1:3121
source D:/FPGA/hardware/Olimex_RGB_Matrix/matrix_vc/sdk2/design_1_wrapper_hw_platform_0/ps7_init.tcl
targets -set -nocase -filter {name =~"APU*" && jtag_cable_name =~ "Digilent Zybo 210279574222A"} -index 0
loadhw -hw D:/FPGA/hardware/Olimex_RGB_Matrix/matrix_vc/sdk2/design_1_wrapper_hw_platform_0/system.hdf -mem-ranges [list {0x40000000 0xbfffffff}]
configparams force-mem-access 1
targets -set -nocase -filter {name =~"APU*" && jtag_cable_name =~ "Digilent Zybo 210279574222A"} -index 0
stop
ps7_init
ps7_post_config
targets -set -nocase -filter {name =~ "ARM*#0" && jtag_cable_name =~ "Digilent Zybo 210279574222A"} -index 0
rst -processor
targets -set -nocase -filter {name =~ "ARM*#0" && jtag_cable_name =~ "Digilent Zybo 210279574222A"} -index 0
dow D:/FPGA/hardware/Olimex_RGB_Matrix/matrix_vc/sdk2/Matrix_vc/Debug/Matrix_vc.elf
configparams force-mem-access 0
----------------End of Script----------------

15:56:49 INFO  : Memory regions updated for context APU
15:56:49 INFO  : Context for processor 'ps7_cortexa9_0' is selected.
15:56:49 INFO  : 'con' command is executed.
15:56:49 INFO  : ----------------XSDB Script (After Launch)----------------
targets -set -nocase -filter {name =~ "ARM*#0" && jtag_cable_name =~ "Digilent Zybo 210279574222A"} -index 0
con
----------------End of Script----------------

15:56:49 INFO  : Launch script is exported to file 'D:\FPGA\hardware\Olimex_RGB_Matrix\matrix_vc\sdk2\.sdk\launch_scripts\xilinx_c-c++_application_(system_debugger)\system_debugger_using_debug_matrix_vc.elf_on_local.tcl'
15:57:53 INFO  : Disconnected from the channel tcfchan#8.
16:00:03 INFO  : Launching XSCT server: xsct.bat -interactive D:\FPGA\hardware\Olimex_RGB_Matrix\matrix_vc\sdk2\temp_xsdb_launch_script.tcl
16:00:08 INFO  : XSCT server has started successfully.
16:00:15 INFO  : Successfully done setting XSCT server connection channel  
16:00:15 INFO  : Successfully done setting SDK workspace  
16:00:18 INFO  : Registering command handlers for SDK TCF services
16:00:21 INFO  : Processing command line option -hwspec D:/FPGA/hardware/Olimex_RGB_Matrix/matrix_vc/sdk2/design_1_wrapper.hdf.
16:00:21 INFO  : Checking for hwspec changes in the project design_1_wrapper_hw_platform_0.
16:00:50 INFO  : 'targets -set -filter {jtag_cable_name =~ "Digilent Zybo 210279574222A" && level==0} -index 1' command is executed.
16:00:50 INFO  : 'fpga -state' command is executed.
16:00:50 INFO  : Connected to target on host '127.0.0.1' and port '3121'.
16:00:50 INFO  : Jtag cable 'Digilent Zybo 210279574222A' is selected.
16:00:50 INFO  : 'jtag frequency' command is executed.
16:00:50 INFO  : Sourcing of 'D:/FPGA/hardware/Olimex_RGB_Matrix/matrix_vc/sdk2/design_1_wrapper_hw_platform_0/ps7_init.tcl' is done.
16:00:50 INFO  : Context for 'APU' is selected.
16:00:50 INFO  : Hardware design information is loaded from 'D:/FPGA/hardware/Olimex_RGB_Matrix/matrix_vc/sdk2/design_1_wrapper_hw_platform_0/system.hdf'.
16:00:50 INFO  : 'configparams force-mem-access 1' command is executed.
16:00:50 INFO  : Context for 'APU' is selected.
16:00:50 INFO  : 'stop' command is executed.
16:00:51 INFO  : 'ps7_init' command is executed.
16:00:51 INFO  : 'ps7_post_config' command is executed.
16:00:51 INFO  : Context for processor 'ps7_cortexa9_0' is selected.
16:00:51 INFO  : Processor reset is completed for 'ps7_cortexa9_0'.
16:00:51 INFO  : Context for processor 'ps7_cortexa9_0' is selected.
16:00:51 INFO  : The application 'D:/FPGA/hardware/Olimex_RGB_Matrix/matrix_vc/sdk2/Matrix_vc/Debug/Matrix_vc.elf' is downloaded to processor 'ps7_cortexa9_0'.
16:00:51 INFO  : 'configparams force-mem-access 0' command is executed.
16:00:51 INFO  : ----------------XSDB Script----------------
connect -url tcp:127.0.0.1:3121
source D:/FPGA/hardware/Olimex_RGB_Matrix/matrix_vc/sdk2/design_1_wrapper_hw_platform_0/ps7_init.tcl
targets -set -nocase -filter {name =~"APU*" && jtag_cable_name =~ "Digilent Zybo 210279574222A"} -index 0
loadhw -hw D:/FPGA/hardware/Olimex_RGB_Matrix/matrix_vc/sdk2/design_1_wrapper_hw_platform_0/system.hdf -mem-ranges [list {0x40000000 0xbfffffff}]
configparams force-mem-access 1
targets -set -nocase -filter {name =~"APU*" && jtag_cable_name =~ "Digilent Zybo 210279574222A"} -index 0
stop
ps7_init
ps7_post_config
targets -set -nocase -filter {name =~ "ARM*#0" && jtag_cable_name =~ "Digilent Zybo 210279574222A"} -index 0
rst -processor
targets -set -nocase -filter {name =~ "ARM*#0" && jtag_cable_name =~ "Digilent Zybo 210279574222A"} -index 0
dow D:/FPGA/hardware/Olimex_RGB_Matrix/matrix_vc/sdk2/Matrix_vc/Debug/Matrix_vc.elf
configparams force-mem-access 0
----------------End of Script----------------

16:00:52 INFO  : Memory regions updated for context APU
16:00:52 INFO  : Context for processor 'ps7_cortexa9_0' is selected.
16:00:52 INFO  : 'con' command is executed.
16:00:52 INFO  : ----------------XSDB Script (After Launch)----------------
targets -set -nocase -filter {name =~ "ARM*#0" && jtag_cable_name =~ "Digilent Zybo 210279574222A"} -index 0
con
----------------End of Script----------------

16:00:52 INFO  : Launch script is exported to file 'D:\FPGA\hardware\Olimex_RGB_Matrix\matrix_vc\sdk2\.sdk\launch_scripts\xilinx_c-c++_application_(system_debugger)\system_debugger_using_debug_matrix_vc.elf_on_local.tcl'
16:01:14 INFO  : Disconnected from the channel tcfchan#1.
16:01:15 INFO  : 'targets -set -filter {jtag_cable_name =~ "Digilent Zybo 210279574222A" && level==0} -index 1' command is executed.
16:01:15 INFO  : 'fpga -state' command is executed.
16:01:15 INFO  : Connected to target on host '127.0.0.1' and port '3121'.
16:01:15 INFO  : Jtag cable 'Digilent Zybo 210279574222A' is selected.
16:01:15 INFO  : 'jtag frequency' command is executed.
16:01:15 INFO  : Sourcing of 'D:/FPGA/hardware/Olimex_RGB_Matrix/matrix_vc/sdk2/design_1_wrapper_hw_platform_0/ps7_init.tcl' is done.
16:01:15 INFO  : Context for 'APU' is selected.
16:01:17 INFO  : Hardware design information is loaded from 'D:/FPGA/hardware/Olimex_RGB_Matrix/matrix_vc/sdk2/design_1_wrapper_hw_platform_0/system.hdf'.
16:01:17 INFO  : 'configparams force-mem-access 1' command is executed.
16:01:17 INFO  : Context for 'APU' is selected.
16:01:17 INFO  : 'stop' command is executed.
16:01:18 INFO  : 'ps7_init' command is executed.
16:01:18 INFO  : 'ps7_post_config' command is executed.
16:01:18 INFO  : Context for processor 'ps7_cortexa9_0' is selected.
16:01:18 INFO  : Processor reset is completed for 'ps7_cortexa9_0'.
16:01:18 INFO  : Context for processor 'ps7_cortexa9_0' is selected.
16:01:18 INFO  : The application 'D:/FPGA/hardware/Olimex_RGB_Matrix/matrix_vc/sdk2/Matrix_vc/Debug/Matrix_vc.elf' is downloaded to processor 'ps7_cortexa9_0'.
16:01:18 INFO  : 'configparams force-mem-access 0' command is executed.
16:01:18 INFO  : ----------------XSDB Script----------------
connect -url tcp:127.0.0.1:3121
source D:/FPGA/hardware/Olimex_RGB_Matrix/matrix_vc/sdk2/design_1_wrapper_hw_platform_0/ps7_init.tcl
targets -set -nocase -filter {name =~"APU*" && jtag_cable_name =~ "Digilent Zybo 210279574222A"} -index 0
loadhw -hw D:/FPGA/hardware/Olimex_RGB_Matrix/matrix_vc/sdk2/design_1_wrapper_hw_platform_0/system.hdf -mem-ranges [list {0x40000000 0xbfffffff}]
configparams force-mem-access 1
targets -set -nocase -filter {name =~"APU*" && jtag_cable_name =~ "Digilent Zybo 210279574222A"} -index 0
stop
ps7_init
ps7_post_config
targets -set -nocase -filter {name =~ "ARM*#0" && jtag_cable_name =~ "Digilent Zybo 210279574222A"} -index 0
rst -processor
targets -set -nocase -filter {name =~ "ARM*#0" && jtag_cable_name =~ "Digilent Zybo 210279574222A"} -index 0
dow D:/FPGA/hardware/Olimex_RGB_Matrix/matrix_vc/sdk2/Matrix_vc/Debug/Matrix_vc.elf
configparams force-mem-access 0
----------------End of Script----------------

16:01:18 INFO  : Memory regions updated for context APU
16:01:18 INFO  : Context for processor 'ps7_cortexa9_0' is selected.
16:01:19 INFO  : 'con' command is executed.
16:01:19 INFO  : ----------------XSDB Script (After Launch)----------------
targets -set -nocase -filter {name =~ "ARM*#0" && jtag_cable_name =~ "Digilent Zybo 210279574222A"} -index 0
con
----------------End of Script----------------

16:01:19 INFO  : Launch script is exported to file 'D:\FPGA\hardware\Olimex_RGB_Matrix\matrix_vc\sdk2\.sdk\launch_scripts\xilinx_c-c++_application_(system_debugger)\system_debugger_using_debug_matrix_vc.elf_on_local.tcl'
16:52:26 INFO  : Disconnected from the channel tcfchan#2.
17:02:55 INFO  : Connected to target on host '127.0.0.1' and port '3121'.
17:02:56 INFO  : 'targets -set -filter {jtag_cable_name =~ "Digilent Zybo 210279574222A" && level==0} -index 1' command is executed.
17:02:57 INFO  : FPGA configured successfully with bitstream "D:/FPGA/hardware/Olimex_RGB_Matrix/matrix_vc/sdk2/design_1_wrapper_hw_platform_0/design_1_wrapper.bit"
17:03:06 INFO  : 'targets -set -filter {jtag_cable_name =~ "Digilent Zybo 210279574222A" && level==0} -index 1' command is executed.
17:03:06 INFO  : 'fpga -state' command is executed.
17:03:06 INFO  : Connected to target on host '127.0.0.1' and port '3121'.
17:03:06 INFO  : Jtag cable 'Digilent Zybo 210279574222A' is selected.
17:03:06 INFO  : 'jtag frequency' command is executed.
17:03:06 INFO  : Sourcing of 'D:/FPGA/hardware/Olimex_RGB_Matrix/matrix_vc/sdk2/design_1_wrapper_hw_platform_0/ps7_init.tcl' is done.
17:03:06 INFO  : Context for 'APU' is selected.
17:03:06 INFO  : Hardware design information is loaded from 'D:/FPGA/hardware/Olimex_RGB_Matrix/matrix_vc/sdk2/design_1_wrapper_hw_platform_0/system.hdf'.
17:03:06 INFO  : 'configparams force-mem-access 1' command is executed.
17:03:06 INFO  : Context for 'APU' is selected.
17:03:06 INFO  : 'stop' command is executed.
17:03:07 INFO  : 'ps7_init' command is executed.
17:03:07 INFO  : 'ps7_post_config' command is executed.
17:03:07 INFO  : Context for processor 'ps7_cortexa9_0' is selected.
17:03:07 INFO  : Processor reset is completed for 'ps7_cortexa9_0'.
17:03:07 INFO  : Context for processor 'ps7_cortexa9_0' is selected.
17:03:07 INFO  : The application 'D:/FPGA/hardware/Olimex_RGB_Matrix/matrix_vc/sdk2/test/Debug/test.elf' is downloaded to processor 'ps7_cortexa9_0'.
17:03:07 INFO  : 'configparams force-mem-access 0' command is executed.
17:03:07 INFO  : ----------------XSDB Script----------------
connect -url tcp:127.0.0.1:3121
source D:/FPGA/hardware/Olimex_RGB_Matrix/matrix_vc/sdk2/design_1_wrapper_hw_platform_0/ps7_init.tcl
targets -set -nocase -filter {name =~"APU*" && jtag_cable_name =~ "Digilent Zybo 210279574222A"} -index 0
loadhw -hw D:/FPGA/hardware/Olimex_RGB_Matrix/matrix_vc/sdk2/design_1_wrapper_hw_platform_0/system.hdf -mem-ranges [list {0x40000000 0xbfffffff}]
configparams force-mem-access 1
targets -set -nocase -filter {name =~"APU*" && jtag_cable_name =~ "Digilent Zybo 210279574222A"} -index 0
stop
ps7_init
ps7_post_config
targets -set -nocase -filter {name =~ "ARM*#0" && jtag_cable_name =~ "Digilent Zybo 210279574222A"} -index 0
rst -processor
targets -set -nocase -filter {name =~ "ARM*#0" && jtag_cable_name =~ "Digilent Zybo 210279574222A"} -index 0
dow D:/FPGA/hardware/Olimex_RGB_Matrix/matrix_vc/sdk2/test/Debug/test.elf
configparams force-mem-access 0
----------------End of Script----------------

17:03:07 INFO  : Memory regions updated for context APU
17:03:07 INFO  : Context for processor 'ps7_cortexa9_0' is selected.
17:03:07 INFO  : 'con' command is executed.
17:03:07 INFO  : ----------------XSDB Script (After Launch)----------------
targets -set -nocase -filter {name =~ "ARM*#0" && jtag_cable_name =~ "Digilent Zybo 210279574222A"} -index 0
con
----------------End of Script----------------

17:03:07 INFO  : Launch script is exported to file 'D:\FPGA\hardware\Olimex_RGB_Matrix\matrix_vc\sdk2\.sdk\launch_scripts\xilinx_c-c++_application_(system_debugger)\system_debugger_using_debug_test.elf_on_local.tcl'
17:04:01 INFO  : Connected to target on host '127.0.0.1' and port '3121'.
17:04:02 INFO  : 'targets -set -filter {jtag_cable_name =~ "Digilent Zybo 210279574222A" && level==0} -index 1' command is executed.
17:04:03 INFO  : FPGA configured successfully with bitstream "D:/FPGA/hardware/Olimex_RGB_Matrix/matrix_vc/sdk2/design_1_wrapper_hw_platform_0/design_1_wrapper.bit"
17:04:14 INFO  : Disconnected from the channel tcfchan#3.
17:04:15 INFO  : 'targets -set -filter {jtag_cable_name =~ "Digilent Zybo 210279574222A" && level==0} -index 1' command is executed.
17:04:15 INFO  : 'fpga -state' command is executed.
17:04:15 INFO  : Connected to target on host '127.0.0.1' and port '3121'.
17:04:15 INFO  : Jtag cable 'Digilent Zybo 210279574222A' is selected.
17:04:15 INFO  : 'jtag frequency' command is executed.
17:04:15 INFO  : Sourcing of 'D:/FPGA/hardware/Olimex_RGB_Matrix/matrix_vc/sdk2/design_1_wrapper_hw_platform_0/ps7_init.tcl' is done.
17:04:15 INFO  : Context for 'APU' is selected.
17:04:18 INFO  : Hardware design information is loaded from 'D:/FPGA/hardware/Olimex_RGB_Matrix/matrix_vc/sdk2/design_1_wrapper_hw_platform_0/system.hdf'.
17:04:18 INFO  : 'configparams force-mem-access 1' command is executed.
17:04:18 INFO  : Context for 'APU' is selected.
17:04:18 INFO  : 'stop' command is executed.
17:04:19 INFO  : 'ps7_init' command is executed.
17:04:19 INFO  : 'ps7_post_config' command is executed.
17:04:19 INFO  : Context for processor 'ps7_cortexa9_0' is selected.
17:04:19 INFO  : Processor reset is completed for 'ps7_cortexa9_0'.
17:04:19 INFO  : Context for processor 'ps7_cortexa9_0' is selected.
17:04:19 INFO  : The application 'D:/FPGA/hardware/Olimex_RGB_Matrix/matrix_vc/sdk2/test/Debug/test.elf' is downloaded to processor 'ps7_cortexa9_0'.
17:04:19 INFO  : 'configparams force-mem-access 0' command is executed.
17:04:19 INFO  : ----------------XSDB Script----------------
connect -url tcp:127.0.0.1:3121
source D:/FPGA/hardware/Olimex_RGB_Matrix/matrix_vc/sdk2/design_1_wrapper_hw_platform_0/ps7_init.tcl
targets -set -nocase -filter {name =~"APU*" && jtag_cable_name =~ "Digilent Zybo 210279574222A"} -index 0
loadhw -hw D:/FPGA/hardware/Olimex_RGB_Matrix/matrix_vc/sdk2/design_1_wrapper_hw_platform_0/system.hdf -mem-ranges [list {0x40000000 0xbfffffff}]
configparams force-mem-access 1
targets -set -nocase -filter {name =~"APU*" && jtag_cable_name =~ "Digilent Zybo 210279574222A"} -index 0
stop
ps7_init
ps7_post_config
targets -set -nocase -filter {name =~ "ARM*#0" && jtag_cable_name =~ "Digilent Zybo 210279574222A"} -index 0
rst -processor
targets -set -nocase -filter {name =~ "ARM*#0" && jtag_cable_name =~ "Digilent Zybo 210279574222A"} -index 0
dow D:/FPGA/hardware/Olimex_RGB_Matrix/matrix_vc/sdk2/test/Debug/test.elf
configparams force-mem-access 0
----------------End of Script----------------

17:04:19 INFO  : Memory regions updated for context APU
17:04:19 INFO  : Context for processor 'ps7_cortexa9_0' is selected.
17:04:19 INFO  : 'con' command is executed.
17:04:19 INFO  : ----------------XSDB Script (After Launch)----------------
targets -set -nocase -filter {name =~ "ARM*#0" && jtag_cable_name =~ "Digilent Zybo 210279574222A"} -index 0
con
----------------End of Script----------------

17:04:19 INFO  : Launch script is exported to file 'D:\FPGA\hardware\Olimex_RGB_Matrix\matrix_vc\sdk2\.sdk\launch_scripts\xilinx_c-c++_application_(system_debugger)\system_debugger_using_debug_test.elf_on_local.tcl'
17:04:58 INFO  : Disconnected from the channel tcfchan#4.
17:05:00 INFO  : 'targets -set -filter {jtag_cable_name =~ "Digilent Zybo 210279574222A" && level==0} -index 1' command is executed.
17:05:00 INFO  : 'fpga -state' command is executed.
17:05:00 INFO  : Connected to target on host '127.0.0.1' and port '3121'.
17:05:00 INFO  : Jtag cable 'Digilent Zybo 210279574222A' is selected.
17:05:00 INFO  : 'jtag frequency' command is executed.
17:05:00 INFO  : Sourcing of 'D:/FPGA/hardware/Olimex_RGB_Matrix/matrix_vc/sdk2/design_1_wrapper_hw_platform_0/ps7_init.tcl' is done.
17:05:00 INFO  : Context for 'APU' is selected.
17:05:03 INFO  : Hardware design information is loaded from 'D:/FPGA/hardware/Olimex_RGB_Matrix/matrix_vc/sdk2/design_1_wrapper_hw_platform_0/system.hdf'.
17:05:03 INFO  : 'configparams force-mem-access 1' command is executed.
17:05:03 INFO  : Context for 'APU' is selected.
17:05:03 INFO  : 'stop' command is executed.
17:05:04 INFO  : 'ps7_init' command is executed.
17:05:04 INFO  : 'ps7_post_config' command is executed.
17:05:04 INFO  : Context for processor 'ps7_cortexa9_0' is selected.
17:05:04 INFO  : Processor reset is completed for 'ps7_cortexa9_0'.
17:05:04 INFO  : Context for processor 'ps7_cortexa9_0' is selected.
17:05:04 INFO  : The application 'D:/FPGA/hardware/Olimex_RGB_Matrix/matrix_vc/sdk2/test/Debug/test.elf' is downloaded to processor 'ps7_cortexa9_0'.
17:05:04 INFO  : 'configparams force-mem-access 0' command is executed.
17:05:04 INFO  : ----------------XSDB Script----------------
connect -url tcp:127.0.0.1:3121
source D:/FPGA/hardware/Olimex_RGB_Matrix/matrix_vc/sdk2/design_1_wrapper_hw_platform_0/ps7_init.tcl
targets -set -nocase -filter {name =~"APU*" && jtag_cable_name =~ "Digilent Zybo 210279574222A"} -index 0
loadhw -hw D:/FPGA/hardware/Olimex_RGB_Matrix/matrix_vc/sdk2/design_1_wrapper_hw_platform_0/system.hdf -mem-ranges [list {0x40000000 0xbfffffff}]
configparams force-mem-access 1
targets -set -nocase -filter {name =~"APU*" && jtag_cable_name =~ "Digilent Zybo 210279574222A"} -index 0
stop
ps7_init
ps7_post_config
targets -set -nocase -filter {name =~ "ARM*#0" && jtag_cable_name =~ "Digilent Zybo 210279574222A"} -index 0
rst -processor
targets -set -nocase -filter {name =~ "ARM*#0" && jtag_cable_name =~ "Digilent Zybo 210279574222A"} -index 0
dow D:/FPGA/hardware/Olimex_RGB_Matrix/matrix_vc/sdk2/test/Debug/test.elf
configparams force-mem-access 0
----------------End of Script----------------

17:05:04 INFO  : Memory regions updated for context APU
17:05:04 INFO  : Context for processor 'ps7_cortexa9_0' is selected.
17:05:04 INFO  : 'con' command is executed.
17:05:04 INFO  : ----------------XSDB Script (After Launch)----------------
targets -set -nocase -filter {name =~ "ARM*#0" && jtag_cable_name =~ "Digilent Zybo 210279574222A"} -index 0
con
----------------End of Script----------------

17:05:04 INFO  : Launch script is exported to file 'D:\FPGA\hardware\Olimex_RGB_Matrix\matrix_vc\sdk2\.sdk\launch_scripts\xilinx_c-c++_application_(system_debugger)\system_debugger_using_debug_test.elf_on_local.tcl'
17:05:28 INFO  : Connected to target on host '127.0.0.1' and port '3121'.
17:05:35 INFO  : 'targets -set -filter {jtag_cable_name =~ "Digilent Zybo 210279574222A" && level==0} -index 1' command is executed.
17:05:36 INFO  : FPGA configured successfully with bitstream "D:/FPGA/hardware/Olimex_RGB_Matrix/matrix_vc/sdk2/design_1_wrapper_hw_platform_0/design_1_wrapper.bit"
17:05:47 INFO  : Disconnected from the channel tcfchan#5.
17:05:48 INFO  : 'targets -set -filter {jtag_cable_name =~ "Digilent Zybo 210279574222A" && level==0} -index 1' command is executed.
17:05:48 INFO  : 'fpga -state' command is executed.
17:05:48 INFO  : Connected to target on host '127.0.0.1' and port '3121'.
17:05:49 INFO  : Jtag cable 'Digilent Zybo 210279574222A' is selected.
17:05:49 INFO  : 'jtag frequency' command is executed.
17:05:49 INFO  : Sourcing of 'D:/FPGA/hardware/Olimex_RGB_Matrix/matrix_vc/sdk2/design_1_wrapper_hw_platform_0/ps7_init.tcl' is done.
17:05:49 INFO  : Context for 'APU' is selected.
17:05:51 INFO  : Hardware design information is loaded from 'D:/FPGA/hardware/Olimex_RGB_Matrix/matrix_vc/sdk2/design_1_wrapper_hw_platform_0/system.hdf'.
17:05:51 INFO  : 'configparams force-mem-access 1' command is executed.
17:05:51 INFO  : Context for 'APU' is selected.
17:05:51 INFO  : 'stop' command is executed.
17:05:52 INFO  : 'ps7_init' command is executed.
17:05:52 INFO  : 'ps7_post_config' command is executed.
17:05:52 INFO  : Context for processor 'ps7_cortexa9_0' is selected.
17:05:52 INFO  : Processor reset is completed for 'ps7_cortexa9_0'.
17:05:52 INFO  : Context for processor 'ps7_cortexa9_0' is selected.
17:05:52 INFO  : The application 'D:/FPGA/hardware/Olimex_RGB_Matrix/matrix_vc/sdk2/test/Debug/test.elf' is downloaded to processor 'ps7_cortexa9_0'.
17:05:52 INFO  : 'configparams force-mem-access 0' command is executed.
17:05:52 INFO  : ----------------XSDB Script----------------
connect -url tcp:127.0.0.1:3121
source D:/FPGA/hardware/Olimex_RGB_Matrix/matrix_vc/sdk2/design_1_wrapper_hw_platform_0/ps7_init.tcl
targets -set -nocase -filter {name =~"APU*" && jtag_cable_name =~ "Digilent Zybo 210279574222A"} -index 0
loadhw -hw D:/FPGA/hardware/Olimex_RGB_Matrix/matrix_vc/sdk2/design_1_wrapper_hw_platform_0/system.hdf -mem-ranges [list {0x40000000 0xbfffffff}]
configparams force-mem-access 1
targets -set -nocase -filter {name =~"APU*" && jtag_cable_name =~ "Digilent Zybo 210279574222A"} -index 0
stop
ps7_init
ps7_post_config
targets -set -nocase -filter {name =~ "ARM*#0" && jtag_cable_name =~ "Digilent Zybo 210279574222A"} -index 0
rst -processor
targets -set -nocase -filter {name =~ "ARM*#0" && jtag_cable_name =~ "Digilent Zybo 210279574222A"} -index 0
dow D:/FPGA/hardware/Olimex_RGB_Matrix/matrix_vc/sdk2/test/Debug/test.elf
configparams force-mem-access 0
----------------End of Script----------------

17:05:52 INFO  : Memory regions updated for context APU
17:05:52 INFO  : Context for processor 'ps7_cortexa9_0' is selected.
17:05:53 INFO  : 'con' command is executed.
17:05:53 INFO  : ----------------XSDB Script (After Launch)----------------
targets -set -nocase -filter {name =~ "ARM*#0" && jtag_cable_name =~ "Digilent Zybo 210279574222A"} -index 0
con
----------------End of Script----------------

17:05:53 INFO  : Launch script is exported to file 'D:\FPGA\hardware\Olimex_RGB_Matrix\matrix_vc\sdk2\.sdk\launch_scripts\xilinx_c-c++_application_(system_debugger)\system_debugger_using_debug_test.elf_on_local.tcl'
17:07:08 INFO  : Disconnected from the channel tcfchan#6.
17:07:09 INFO  : 'targets -set -filter {jtag_cable_name =~ "Digilent Zybo 210279574222A" && level==0} -index 1' command is executed.
17:07:09 INFO  : 'fpga -state' command is executed.
17:07:09 INFO  : Connected to target on host '127.0.0.1' and port '3121'.
17:07:10 INFO  : Jtag cable 'Digilent Zybo 210279574222A' is selected.
17:07:10 INFO  : 'jtag frequency' command is executed.
17:07:10 INFO  : Sourcing of 'D:/FPGA/hardware/Olimex_RGB_Matrix/matrix_vc/sdk2/design_1_wrapper_hw_platform_0/ps7_init.tcl' is done.
17:07:10 INFO  : Context for 'APU' is selected.
17:07:13 INFO  : Hardware design information is loaded from 'D:/FPGA/hardware/Olimex_RGB_Matrix/matrix_vc/sdk2/design_1_wrapper_hw_platform_0/system.hdf'.
17:07:13 INFO  : 'configparams force-mem-access 1' command is executed.
17:07:13 INFO  : Context for 'APU' is selected.
17:07:13 INFO  : 'stop' command is executed.
17:07:13 INFO  : 'ps7_init' command is executed.
17:07:13 INFO  : 'ps7_post_config' command is executed.
17:07:13 INFO  : Context for processor 'ps7_cortexa9_0' is selected.
17:07:13 INFO  : Processor reset is completed for 'ps7_cortexa9_0'.
17:07:13 INFO  : Context for processor 'ps7_cortexa9_0' is selected.
17:07:14 INFO  : The application 'D:/FPGA/hardware/Olimex_RGB_Matrix/matrix_vc/sdk2/test/Debug/test.elf' is downloaded to processor 'ps7_cortexa9_0'.
17:07:14 INFO  : 'configparams force-mem-access 0' command is executed.
17:07:14 INFO  : ----------------XSDB Script----------------
connect -url tcp:127.0.0.1:3121
source D:/FPGA/hardware/Olimex_RGB_Matrix/matrix_vc/sdk2/design_1_wrapper_hw_platform_0/ps7_init.tcl
targets -set -nocase -filter {name =~"APU*" && jtag_cable_name =~ "Digilent Zybo 210279574222A"} -index 0
loadhw -hw D:/FPGA/hardware/Olimex_RGB_Matrix/matrix_vc/sdk2/design_1_wrapper_hw_platform_0/system.hdf -mem-ranges [list {0x40000000 0xbfffffff}]
configparams force-mem-access 1
targets -set -nocase -filter {name =~"APU*" && jtag_cable_name =~ "Digilent Zybo 210279574222A"} -index 0
stop
ps7_init
ps7_post_config
targets -set -nocase -filter {name =~ "ARM*#0" && jtag_cable_name =~ "Digilent Zybo 210279574222A"} -index 0
rst -processor
targets -set -nocase -filter {name =~ "ARM*#0" && jtag_cable_name =~ "Digilent Zybo 210279574222A"} -index 0
dow D:/FPGA/hardware/Olimex_RGB_Matrix/matrix_vc/sdk2/test/Debug/test.elf
configparams force-mem-access 0
----------------End of Script----------------

17:07:14 INFO  : Memory regions updated for context APU
17:07:14 INFO  : Context for processor 'ps7_cortexa9_0' is selected.
17:07:14 INFO  : 'con' command is executed.
17:07:14 INFO  : ----------------XSDB Script (After Launch)----------------
targets -set -nocase -filter {name =~ "ARM*#0" && jtag_cable_name =~ "Digilent Zybo 210279574222A"} -index 0
con
----------------End of Script----------------

17:07:14 INFO  : Launch script is exported to file 'D:\FPGA\hardware\Olimex_RGB_Matrix\matrix_vc\sdk2\.sdk\launch_scripts\xilinx_c-c++_application_(system_debugger)\system_debugger_using_debug_test.elf_on_local.tcl'
17:08:28 INFO  : Disconnected from the channel tcfchan#7.
17:08:29 INFO  : 'targets -set -filter {jtag_cable_name =~ "Digilent Zybo 210279574222A" && level==0} -index 1' command is executed.
17:08:29 INFO  : 'fpga -state' command is executed.
17:08:29 INFO  : Connected to target on host '127.0.0.1' and port '3121'.
17:08:30 INFO  : Jtag cable 'Digilent Zybo 210279574222A' is selected.
17:08:30 INFO  : 'jtag frequency' command is executed.
17:08:30 INFO  : Sourcing of 'D:/FPGA/hardware/Olimex_RGB_Matrix/matrix_vc/sdk2/design_1_wrapper_hw_platform_0/ps7_init.tcl' is done.
17:08:30 INFO  : Context for 'APU' is selected.
17:08:32 INFO  : Hardware design information is loaded from 'D:/FPGA/hardware/Olimex_RGB_Matrix/matrix_vc/sdk2/design_1_wrapper_hw_platform_0/system.hdf'.
17:08:32 INFO  : 'configparams force-mem-access 1' command is executed.
17:08:32 INFO  : Context for 'APU' is selected.
17:08:32 INFO  : 'stop' command is executed.
17:08:33 INFO  : 'ps7_init' command is executed.
17:08:33 INFO  : 'ps7_post_config' command is executed.
17:08:33 INFO  : Context for processor 'ps7_cortexa9_0' is selected.
17:08:33 INFO  : Processor reset is completed for 'ps7_cortexa9_0'.
17:08:33 INFO  : Context for processor 'ps7_cortexa9_0' is selected.
17:08:33 INFO  : The application 'D:/FPGA/hardware/Olimex_RGB_Matrix/matrix_vc/sdk2/test/Debug/test.elf' is downloaded to processor 'ps7_cortexa9_0'.
17:08:33 INFO  : 'configparams force-mem-access 0' command is executed.
17:08:33 INFO  : ----------------XSDB Script----------------
connect -url tcp:127.0.0.1:3121
source D:/FPGA/hardware/Olimex_RGB_Matrix/matrix_vc/sdk2/design_1_wrapper_hw_platform_0/ps7_init.tcl
targets -set -nocase -filter {name =~"APU*" && jtag_cable_name =~ "Digilent Zybo 210279574222A"} -index 0
loadhw -hw D:/FPGA/hardware/Olimex_RGB_Matrix/matrix_vc/sdk2/design_1_wrapper_hw_platform_0/system.hdf -mem-ranges [list {0x40000000 0xbfffffff}]
configparams force-mem-access 1
targets -set -nocase -filter {name =~"APU*" && jtag_cable_name =~ "Digilent Zybo 210279574222A"} -index 0
stop
ps7_init
ps7_post_config
targets -set -nocase -filter {name =~ "ARM*#0" && jtag_cable_name =~ "Digilent Zybo 210279574222A"} -index 0
rst -processor
targets -set -nocase -filter {name =~ "ARM*#0" && jtag_cable_name =~ "Digilent Zybo 210279574222A"} -index 0
dow D:/FPGA/hardware/Olimex_RGB_Matrix/matrix_vc/sdk2/test/Debug/test.elf
configparams force-mem-access 0
----------------End of Script----------------

17:08:34 INFO  : Memory regions updated for context APU
17:08:34 INFO  : Context for processor 'ps7_cortexa9_0' is selected.
17:08:34 INFO  : 'con' command is executed.
17:08:34 INFO  : ----------------XSDB Script (After Launch)----------------
targets -set -nocase -filter {name =~ "ARM*#0" && jtag_cable_name =~ "Digilent Zybo 210279574222A"} -index 0
con
----------------End of Script----------------

17:08:34 INFO  : Launch script is exported to file 'D:\FPGA\hardware\Olimex_RGB_Matrix\matrix_vc\sdk2\.sdk\launch_scripts\xilinx_c-c++_application_(system_debugger)\system_debugger_using_debug_test.elf_on_local.tcl'
17:09:03 INFO  : Disconnected from the channel tcfchan#8.
17:09:04 INFO  : 'targets -set -filter {jtag_cable_name =~ "Digilent Zybo 210279574222A" && level==0} -index 1' command is executed.
17:09:04 INFO  : 'fpga -state' command is executed.
17:09:04 INFO  : Connected to target on host '127.0.0.1' and port '3121'.
17:09:04 INFO  : Jtag cable 'Digilent Zybo 210279574222A' is selected.
17:09:04 INFO  : 'jtag frequency' command is executed.
17:09:04 INFO  : Sourcing of 'D:/FPGA/hardware/Olimex_RGB_Matrix/matrix_vc/sdk2/design_1_wrapper_hw_platform_0/ps7_init.tcl' is done.
17:09:04 INFO  : Context for 'APU' is selected.
17:09:07 INFO  : Hardware design information is loaded from 'D:/FPGA/hardware/Olimex_RGB_Matrix/matrix_vc/sdk2/design_1_wrapper_hw_platform_0/system.hdf'.
17:09:07 INFO  : 'configparams force-mem-access 1' command is executed.
17:09:07 INFO  : Context for 'APU' is selected.
17:09:07 INFO  : 'stop' command is executed.
17:09:08 INFO  : 'ps7_init' command is executed.
17:09:08 INFO  : 'ps7_post_config' command is executed.
17:09:08 INFO  : Context for processor 'ps7_cortexa9_0' is selected.
17:09:08 INFO  : Processor reset is completed for 'ps7_cortexa9_0'.
17:09:08 INFO  : Context for processor 'ps7_cortexa9_0' is selected.
17:09:08 INFO  : The application 'D:/FPGA/hardware/Olimex_RGB_Matrix/matrix_vc/sdk2/test/Debug/test.elf' is downloaded to processor 'ps7_cortexa9_0'.
17:09:08 INFO  : 'configparams force-mem-access 0' command is executed.
17:09:08 INFO  : ----------------XSDB Script----------------
connect -url tcp:127.0.0.1:3121
source D:/FPGA/hardware/Olimex_RGB_Matrix/matrix_vc/sdk2/design_1_wrapper_hw_platform_0/ps7_init.tcl
targets -set -nocase -filter {name =~"APU*" && jtag_cable_name =~ "Digilent Zybo 210279574222A"} -index 0
loadhw -hw D:/FPGA/hardware/Olimex_RGB_Matrix/matrix_vc/sdk2/design_1_wrapper_hw_platform_0/system.hdf -mem-ranges [list {0x40000000 0xbfffffff}]
configparams force-mem-access 1
targets -set -nocase -filter {name =~"APU*" && jtag_cable_name =~ "Digilent Zybo 210279574222A"} -index 0
stop
ps7_init
ps7_post_config
targets -set -nocase -filter {name =~ "ARM*#0" && jtag_cable_name =~ "Digilent Zybo 210279574222A"} -index 0
rst -processor
targets -set -nocase -filter {name =~ "ARM*#0" && jtag_cable_name =~ "Digilent Zybo 210279574222A"} -index 0
dow D:/FPGA/hardware/Olimex_RGB_Matrix/matrix_vc/sdk2/test/Debug/test.elf
configparams force-mem-access 0
----------------End of Script----------------

17:09:08 INFO  : Memory regions updated for context APU
17:09:08 INFO  : Context for processor 'ps7_cortexa9_0' is selected.
17:09:08 INFO  : 'con' command is executed.
17:09:08 INFO  : ----------------XSDB Script (After Launch)----------------
targets -set -nocase -filter {name =~ "ARM*#0" && jtag_cable_name =~ "Digilent Zybo 210279574222A"} -index 0
con
----------------End of Script----------------

17:09:08 INFO  : Launch script is exported to file 'D:\FPGA\hardware\Olimex_RGB_Matrix\matrix_vc\sdk2\.sdk\launch_scripts\xilinx_c-c++_application_(system_debugger)\system_debugger_using_debug_test.elf_on_local.tcl'
17:09:24 INFO  : Connected to target on host '127.0.0.1' and port '3121'.
17:09:26 INFO  : 'targets -set -filter {jtag_cable_name =~ "Digilent Zybo 210279574222A" && level==0} -index 1' command is executed.
17:09:28 INFO  : FPGA configured successfully with bitstream "D:/FPGA/hardware/Olimex_RGB_Matrix/matrix_vc/sdk2/design_1_wrapper_hw_platform_0/design_1_wrapper.bit"
17:09:38 INFO  : Disconnected from the channel tcfchan#9.
17:09:39 INFO  : 'targets -set -filter {jtag_cable_name =~ "Digilent Zybo 210279574222A" && level==0} -index 1' command is executed.
17:09:39 INFO  : 'fpga -state' command is executed.
17:09:39 INFO  : Connected to target on host '127.0.0.1' and port '3121'.
17:09:39 INFO  : Jtag cable 'Digilent Zybo 210279574222A' is selected.
17:09:39 INFO  : 'jtag frequency' command is executed.
17:09:39 INFO  : Sourcing of 'D:/FPGA/hardware/Olimex_RGB_Matrix/matrix_vc/sdk2/design_1_wrapper_hw_platform_0/ps7_init.tcl' is done.
17:09:40 INFO  : Context for 'APU' is selected.
17:09:44 INFO  : Hardware design information is loaded from 'D:/FPGA/hardware/Olimex_RGB_Matrix/matrix_vc/sdk2/design_1_wrapper_hw_platform_0/system.hdf'.
17:09:44 INFO  : 'configparams force-mem-access 1' command is executed.
17:09:44 INFO  : Context for 'APU' is selected.
17:09:44 INFO  : 'stop' command is executed.
17:09:44 INFO  : 'ps7_init' command is executed.
17:09:44 INFO  : 'ps7_post_config' command is executed.
17:09:44 INFO  : Context for processor 'ps7_cortexa9_0' is selected.
17:09:44 INFO  : Processor reset is completed for 'ps7_cortexa9_0'.
17:09:45 INFO  : Context for processor 'ps7_cortexa9_0' is selected.
17:09:45 INFO  : The application 'D:/FPGA/hardware/Olimex_RGB_Matrix/matrix_vc/sdk2/test/Debug/test.elf' is downloaded to processor 'ps7_cortexa9_0'.
17:09:45 INFO  : 'configparams force-mem-access 0' command is executed.
17:09:45 INFO  : ----------------XSDB Script----------------
connect -url tcp:127.0.0.1:3121
source D:/FPGA/hardware/Olimex_RGB_Matrix/matrix_vc/sdk2/design_1_wrapper_hw_platform_0/ps7_init.tcl
targets -set -nocase -filter {name =~"APU*" && jtag_cable_name =~ "Digilent Zybo 210279574222A"} -index 0
loadhw -hw D:/FPGA/hardware/Olimex_RGB_Matrix/matrix_vc/sdk2/design_1_wrapper_hw_platform_0/system.hdf -mem-ranges [list {0x40000000 0xbfffffff}]
configparams force-mem-access 1
targets -set -nocase -filter {name =~"APU*" && jtag_cable_name =~ "Digilent Zybo 210279574222A"} -index 0
stop
ps7_init
ps7_post_config
targets -set -nocase -filter {name =~ "ARM*#0" && jtag_cable_name =~ "Digilent Zybo 210279574222A"} -index 0
rst -processor
targets -set -nocase -filter {name =~ "ARM*#0" && jtag_cable_name =~ "Digilent Zybo 210279574222A"} -index 0
dow D:/FPGA/hardware/Olimex_RGB_Matrix/matrix_vc/sdk2/test/Debug/test.elf
configparams force-mem-access 0
----------------End of Script----------------

17:09:45 INFO  : Memory regions updated for context APU
17:09:45 INFO  : Context for processor 'ps7_cortexa9_0' is selected.
17:09:45 INFO  : 'con' command is executed.
17:09:45 INFO  : ----------------XSDB Script (After Launch)----------------
targets -set -nocase -filter {name =~ "ARM*#0" && jtag_cable_name =~ "Digilent Zybo 210279574222A"} -index 0
con
----------------End of Script----------------

17:09:45 INFO  : Launch script is exported to file 'D:\FPGA\hardware\Olimex_RGB_Matrix\matrix_vc\sdk2\.sdk\launch_scripts\xilinx_c-c++_application_(system_debugger)\system_debugger_using_debug_test.elf_on_local.tcl'
17:10:38 INFO  : Disconnected from the channel tcfchan#10.
15:34:47 INFO  : Registering command handlers for SDK TCF services
15:34:49 INFO  : Launching XSCT server: xsct.bat -interactive D:\FPGA\Olimex_RGB_Matrix\matrix_vc\sdk2\temp_xsdb_launch_script.tcl
15:34:54 INFO  : XSCT server has started successfully.
15:34:55 INFO  : Successfully done setting XSCT server connection channel  
15:34:55 INFO  : Successfully done setting SDK workspace  
