16:11:49 INFO  : Registering command handlers for SDK TCF services
16:11:55 INFO  : Launching XSCT server: xsct.bat -interactive C:\Users\20002890\MiniZED_FreeRTOS_Trace\MiniZED_FreeRTOS_Trace.sdk\temp_xsdb_launch_script.tcl
16:12:11 INFO  : XSCT server has started successfully.
16:12:16 INFO  : Processing command line option -hwspec C:/Users/20002890/MiniZED_FreeRTOS_Trace/MiniZED_FreeRTOS_Trace.sdk/design_1_wrapper.hdf.
16:12:16 INFO  : Successfully done setting XSCT server connection channel  
16:12:16 INFO  : Successfully done setting SDK workspace  
16:30:19 INFO  : Refreshed build settings on project FreeRTOS_Trace
21:02:05 INFO  : Registering command handlers for SDK TCF services
21:02:08 INFO  : Launching XSCT server: xsct.bat -interactive C:\Users\20002890\MiniZED_FreeRTOS_Trace\MiniZED_FreeRTOS_Trace.sdk\temp_xsdb_launch_script.tcl
21:02:15 INFO  : XSCT server has started successfully.
21:02:15 INFO  : Successfully done setting XSCT server connection channel  
21:02:16 INFO  : Successfully done setting SDK workspace  
22:07:19 INFO  : Connected to target on host '127.0.0.1' and port '3121'.
22:07:21 INFO  : 'targets -set -filter {jtag_cable_name =~ "Avnet MiniZed V1 1234-oj1A" && level==0} -index 1' command is executed.
22:07:22 INFO  : FPGA configured successfully with bitstream "C:/Users/20002890/MiniZED_FreeRTOS_Trace/MiniZED_FreeRTOS_Trace.sdk/design_1_wrapper_hw_platform_0/design_1_wrapper.bit"
22:31:25 INFO  : Connected to target on host '127.0.0.1' and port '3121'.
22:31:25 INFO  : 'targets -set -filter {jtag_cable_name =~ "Avnet MiniZed V1 1234-oj1A" && level==0} -index 1' command is executed.
22:31:26 INFO  : FPGA configured successfully with bitstream "C:/Users/20002890/MiniZED_FreeRTOS_Trace/MiniZED_FreeRTOS_Trace.sdk/design_1_wrapper_hw_platform_0/design_1_wrapper.bit"
22:35:09 INFO  : Registering command handlers for SDK TCF services
22:35:12 INFO  : Launching XSCT server: xsct.bat -interactive C:\Users\20002890\MiniZED_FreeRTOS_Trace\MiniZED_FreeRTOS_Trace.sdk\temp_xsdb_launch_script.tcl
22:35:20 INFO  : XSCT server has started successfully.
22:35:20 INFO  : Successfully done setting XSCT server connection channel  
22:35:23 INFO  : Successfully done setting SDK workspace  
22:37:13 INFO  : 'targets -set -filter {jtag_cable_name =~ "Avnet MiniZed V1 1234-oj1A" && level==0} -index 1' command is executed.
22:37:13 INFO  : 'fpga -state' command is executed.
22:37:13 INFO  : Connected to target on host '127.0.0.1' and port '3121'.
22:37:14 INFO  : Jtag cable 'Avnet MiniZed V1 1234-oj1A' is selected.
22:37:14 INFO  : 'jtag frequency' command is executed.
22:37:14 INFO  : Sourcing of 'C:/Users/20002890/MiniZED_FreeRTOS_Trace/MiniZED_FreeRTOS_Trace.sdk/design_1_wrapper_hw_platform_0/ps7_init.tcl' is done.
22:37:14 INFO  : Context for 'APU' is selected.
22:37:14 INFO  : Hardware design information is loaded from 'C:/Users/20002890/MiniZED_FreeRTOS_Trace/MiniZED_FreeRTOS_Trace.sdk/design_1_wrapper_hw_platform_0/system.hdf'.
22:37:14 INFO  : 'configparams force-mem-access 1' command is executed.
22:37:14 INFO  : Context for 'APU' is selected.
22:37:14 INFO  : 'stop' command is executed.
22:37:14 INFO  : 'ps7_init' command is executed.
22:37:14 INFO  : 'ps7_post_config' command is executed.
22:37:15 INFO  : Context for processor 'ps7_cortexa9_0' is selected.
22:37:15 INFO  : Processor reset is completed for 'ps7_cortexa9_0'.
22:37:15 INFO  : Context for processor 'ps7_cortexa9_0' is selected.
22:37:15 INFO  : The application 'C:/Users/20002890/MiniZED_FreeRTOS_Trace/MiniZED_FreeRTOS_Trace.sdk/FreeRTOS_Trace/Debug/FreeRTOS_Trace.elf' is downloaded to processor 'ps7_cortexa9_0'.
22:37:15 INFO  : 'configparams force-mem-access 0' command is executed.
22:37:15 INFO  : ----------------XSDB Script----------------
connect -url tcp:127.0.0.1:3121
source C:/Users/20002890/MiniZED_FreeRTOS_Trace/MiniZED_FreeRTOS_Trace.sdk/design_1_wrapper_hw_platform_0/ps7_init.tcl
targets -set -nocase -filter {name =~"APU*" && jtag_cable_name =~ "Avnet MiniZed V1 1234-oj1A"} -index 0
loadhw -hw C:/Users/20002890/MiniZED_FreeRTOS_Trace/MiniZED_FreeRTOS_Trace.sdk/design_1_wrapper_hw_platform_0/system.hdf -mem-ranges [list {0x40000000 0xbfffffff}]
configparams force-mem-access 1
targets -set -nocase -filter {name =~"APU*" && jtag_cable_name =~ "Avnet MiniZed V1 1234-oj1A"} -index 0
stop
ps7_init
ps7_post_config
targets -set -nocase -filter {name =~ "ARM*#0" && jtag_cable_name =~ "Avnet MiniZed V1 1234-oj1A"} -index 0
rst -processor
targets -set -nocase -filter {name =~ "ARM*#0" && jtag_cable_name =~ "Avnet MiniZed V1 1234-oj1A"} -index 0
dow C:/Users/20002890/MiniZED_FreeRTOS_Trace/MiniZED_FreeRTOS_Trace.sdk/FreeRTOS_Trace/Debug/FreeRTOS_Trace.elf
configparams force-mem-access 0
----------------End of Script----------------

22:37:16 INFO  : Memory regions updated for context APU
22:37:16 INFO  : Context for processor 'ps7_cortexa9_0' is selected.
22:37:16 INFO  : 'con' command is executed.
22:37:16 INFO  : ----------------XSDB Script (After Launch)----------------
targets -set -nocase -filter {name =~ "ARM*#0" && jtag_cable_name =~ "Avnet MiniZed V1 1234-oj1A"} -index 0
con
----------------End of Script----------------

22:37:16 INFO  : Launch script is exported to file 'C:\Users\20002890\MiniZED_FreeRTOS_Trace\MiniZED_FreeRTOS_Trace.sdk\.sdk\launch_scripts\xilinx_c-c++_application_(system_debugger)\system_debugger_using_debug_freertos_trace.elf_on_local.tcl'
22:39:36 INFO  : Disconnected from the channel tcfchan#1.
22:39:37 INFO  : 'targets -set -filter {jtag_cable_name =~ "Avnet MiniZed V1 1234-oj1A" && level==0} -index 1' command is executed.
22:39:37 INFO  : 'fpga -state' command is executed.
22:39:37 INFO  : Connected to target on host '127.0.0.1' and port '3121'.
22:39:37 INFO  : Jtag cable 'Avnet MiniZed V1 1234-oj1A' is selected.
22:39:37 INFO  : 'jtag frequency' command is executed.
22:39:37 INFO  : Sourcing of 'C:/Users/20002890/MiniZED_FreeRTOS_Trace/MiniZED_FreeRTOS_Trace.sdk/design_1_wrapper_hw_platform_0/ps7_init.tcl' is done.
22:39:37 INFO  : Context for 'APU' is selected.
22:39:40 INFO  : Hardware design information is loaded from 'C:/Users/20002890/MiniZED_FreeRTOS_Trace/MiniZED_FreeRTOS_Trace.sdk/design_1_wrapper_hw_platform_0/system.hdf'.
22:39:40 INFO  : 'configparams force-mem-access 1' command is executed.
22:39:40 INFO  : Context for 'APU' is selected.
22:39:40 INFO  : 'stop' command is executed.
22:39:40 INFO  : 'ps7_init' command is executed.
22:39:40 INFO  : 'ps7_post_config' command is executed.
22:39:40 INFO  : Context for processor 'ps7_cortexa9_0' is selected.
22:39:40 INFO  : Processor reset is completed for 'ps7_cortexa9_0'.
22:39:40 INFO  : Context for processor 'ps7_cortexa9_0' is selected.
22:39:41 INFO  : The application 'C:/Users/20002890/MiniZED_FreeRTOS_Trace/MiniZED_FreeRTOS_Trace.sdk/FreeRTOS_Trace/Debug/FreeRTOS_Trace.elf' is downloaded to processor 'ps7_cortexa9_0'.
22:39:41 INFO  : 'configparams force-mem-access 0' command is executed.
22:39:41 INFO  : ----------------XSDB Script----------------
connect -url tcp:127.0.0.1:3121
source C:/Users/20002890/MiniZED_FreeRTOS_Trace/MiniZED_FreeRTOS_Trace.sdk/design_1_wrapper_hw_platform_0/ps7_init.tcl
targets -set -nocase -filter {name =~"APU*" && jtag_cable_name =~ "Avnet MiniZed V1 1234-oj1A"} -index 0
loadhw -hw C:/Users/20002890/MiniZED_FreeRTOS_Trace/MiniZED_FreeRTOS_Trace.sdk/design_1_wrapper_hw_platform_0/system.hdf -mem-ranges [list {0x40000000 0xbfffffff}]
configparams force-mem-access 1
targets -set -nocase -filter {name =~"APU*" && jtag_cable_name =~ "Avnet MiniZed V1 1234-oj1A"} -index 0
stop
ps7_init
ps7_post_config
targets -set -nocase -filter {name =~ "ARM*#0" && jtag_cable_name =~ "Avnet MiniZed V1 1234-oj1A"} -index 0
rst -processor
targets -set -nocase -filter {name =~ "ARM*#0" && jtag_cable_name =~ "Avnet MiniZed V1 1234-oj1A"} -index 0
dow C:/Users/20002890/MiniZED_FreeRTOS_Trace/MiniZED_FreeRTOS_Trace.sdk/FreeRTOS_Trace/Debug/FreeRTOS_Trace.elf
configparams force-mem-access 0
----------------End of Script----------------

22:39:41 INFO  : Memory regions updated for context APU
22:39:41 INFO  : Context for processor 'ps7_cortexa9_0' is selected.
22:39:41 INFO  : 'con' command is executed.
22:39:41 INFO  : ----------------XSDB Script (After Launch)----------------
targets -set -nocase -filter {name =~ "ARM*#0" && jtag_cable_name =~ "Avnet MiniZed V1 1234-oj1A"} -index 0
con
----------------End of Script----------------

22:39:41 INFO  : Launch script is exported to file 'C:\Users\20002890\MiniZED_FreeRTOS_Trace\MiniZED_FreeRTOS_Trace.sdk\.sdk\launch_scripts\xilinx_c-c++_application_(system_debugger)\system_debugger_using_debug_freertos_trace.elf_on_local.tcl'
22:40:06 INFO  : Disconnected from the channel tcfchan#2.
22:40:08 INFO  : 'targets -set -filter {jtag_cable_name =~ "Avnet MiniZed V1 1234-oj1A" && level==0} -index 1' command is executed.
22:40:08 INFO  : 'fpga -state' command is executed.
22:40:08 INFO  : Connected to target on host '127.0.0.1' and port '3121'.
22:40:08 INFO  : Jtag cable 'Avnet MiniZed V1 1234-oj1A' is selected.
22:40:08 INFO  : 'jtag frequency' command is executed.
22:40:08 INFO  : Sourcing of 'C:/Users/20002890/MiniZED_FreeRTOS_Trace/MiniZED_FreeRTOS_Trace.sdk/design_1_wrapper_hw_platform_0/ps7_init.tcl' is done.
22:40:08 INFO  : Context for 'APU' is selected.
22:40:11 INFO  : Hardware design information is loaded from 'C:/Users/20002890/MiniZED_FreeRTOS_Trace/MiniZED_FreeRTOS_Trace.sdk/design_1_wrapper_hw_platform_0/system.hdf'.
22:40:11 INFO  : 'configparams force-mem-access 1' command is executed.
22:40:11 INFO  : Context for 'APU' is selected.
22:40:11 INFO  : 'stop' command is executed.
22:40:12 INFO  : 'ps7_init' command is executed.
22:40:12 INFO  : 'ps7_post_config' command is executed.
22:40:12 INFO  : Context for processor 'ps7_cortexa9_0' is selected.
22:40:12 INFO  : Processor reset is completed for 'ps7_cortexa9_0'.
22:40:12 INFO  : Context for processor 'ps7_cortexa9_0' is selected.
22:40:12 INFO  : The application 'C:/Users/20002890/MiniZED_FreeRTOS_Trace/MiniZED_FreeRTOS_Trace.sdk/FreeRTOS_Trace/Debug/FreeRTOS_Trace.elf' is downloaded to processor 'ps7_cortexa9_0'.
22:40:12 INFO  : 'configparams force-mem-access 0' command is executed.
22:40:12 INFO  : ----------------XSDB Script----------------
connect -url tcp:127.0.0.1:3121
source C:/Users/20002890/MiniZED_FreeRTOS_Trace/MiniZED_FreeRTOS_Trace.sdk/design_1_wrapper_hw_platform_0/ps7_init.tcl
targets -set -nocase -filter {name =~"APU*" && jtag_cable_name =~ "Avnet MiniZed V1 1234-oj1A"} -index 0
loadhw -hw C:/Users/20002890/MiniZED_FreeRTOS_Trace/MiniZED_FreeRTOS_Trace.sdk/design_1_wrapper_hw_platform_0/system.hdf -mem-ranges [list {0x40000000 0xbfffffff}]
configparams force-mem-access 1
targets -set -nocase -filter {name =~"APU*" && jtag_cable_name =~ "Avnet MiniZed V1 1234-oj1A"} -index 0
stop
ps7_init
ps7_post_config
targets -set -nocase -filter {name =~ "ARM*#0" && jtag_cable_name =~ "Avnet MiniZed V1 1234-oj1A"} -index 0
rst -processor
targets -set -nocase -filter {name =~ "ARM*#0" && jtag_cable_name =~ "Avnet MiniZed V1 1234-oj1A"} -index 0
dow C:/Users/20002890/MiniZED_FreeRTOS_Trace/MiniZED_FreeRTOS_Trace.sdk/FreeRTOS_Trace/Debug/FreeRTOS_Trace.elf
configparams force-mem-access 0
----------------End of Script----------------

22:40:12 INFO  : Memory regions updated for context APU
22:40:13 INFO  : Context for processor 'ps7_cortexa9_0' is selected.
22:40:13 INFO  : 'con' command is executed.
22:40:13 INFO  : ----------------XSDB Script (After Launch)----------------
targets -set -nocase -filter {name =~ "ARM*#0" && jtag_cable_name =~ "Avnet MiniZed V1 1234-oj1A"} -index 0
con
----------------End of Script----------------

22:40:13 INFO  : Launch script is exported to file 'C:\Users\20002890\MiniZED_FreeRTOS_Trace\MiniZED_FreeRTOS_Trace.sdk\.sdk\launch_scripts\xilinx_c-c++_application_(system_debugger)\system_debugger_using_debug_freertos_trace.elf_on_local.tcl'
22:43:27 INFO  : Disconnected from the channel tcfchan#3.
22:44:00 INFO  : Registering command handlers for SDK TCF services
22:44:03 INFO  : Launching XSCT server: xsct.bat -interactive C:\Users\20002890\MiniZED_FreeRTOS_Trace\MiniZED_FreeRTOS_Trace.sdk\temp_xsdb_launch_script.tcl
22:44:10 INFO  : XSCT server has started successfully.
22:44:12 INFO  : Successfully done setting XSCT server connection channel  
22:44:12 INFO  : Successfully done setting SDK workspace  
22:44:50 INFO  : 'targets -set -filter {jtag_cable_name =~ "Avnet MiniZed V1 1234-oj1A" && level==0} -index 1' command is executed.
22:44:50 INFO  : 'fpga -state' command is executed.
22:44:50 INFO  : Connected to target on host '127.0.0.1' and port '3121'.
22:44:51 INFO  : Jtag cable 'Avnet MiniZed V1 1234-oj1A' is selected.
22:44:51 INFO  : 'jtag frequency' command is executed.
22:44:51 INFO  : Sourcing of 'C:/Users/20002890/MiniZED_FreeRTOS_Trace/MiniZED_FreeRTOS_Trace.sdk/design_1_wrapper_hw_platform_0/ps7_init.tcl' is done.
22:44:51 INFO  : Context for 'APU' is selected.
22:44:51 INFO  : Hardware design information is loaded from 'C:/Users/20002890/MiniZED_FreeRTOS_Trace/MiniZED_FreeRTOS_Trace.sdk/design_1_wrapper_hw_platform_0/system.hdf'.
22:44:51 INFO  : 'configparams force-mem-access 1' command is executed.
22:44:52 INFO  : Context for 'APU' is selected.
22:44:52 INFO  : 'stop' command is executed.
22:44:52 INFO  : 'ps7_init' command is executed.
22:44:52 INFO  : 'ps7_post_config' command is executed.
22:44:52 INFO  : Context for processor 'ps7_cortexa9_0' is selected.
22:44:52 INFO  : Processor reset is completed for 'ps7_cortexa9_0'.
22:44:53 INFO  : Context for processor 'ps7_cortexa9_0' is selected.
22:44:53 INFO  : The application 'C:/Users/20002890/MiniZED_FreeRTOS_Trace/MiniZED_FreeRTOS_Trace.sdk/FreeRTOS_Trace/Debug/FreeRTOS_Trace.elf' is downloaded to processor 'ps7_cortexa9_0'.
22:44:53 INFO  : 'configparams force-mem-access 0' command is executed.
22:44:53 INFO  : ----------------XSDB Script----------------
connect -url tcp:127.0.0.1:3121
source C:/Users/20002890/MiniZED_FreeRTOS_Trace/MiniZED_FreeRTOS_Trace.sdk/design_1_wrapper_hw_platform_0/ps7_init.tcl
targets -set -nocase -filter {name =~"APU*" && jtag_cable_name =~ "Avnet MiniZed V1 1234-oj1A"} -index 0
loadhw -hw C:/Users/20002890/MiniZED_FreeRTOS_Trace/MiniZED_FreeRTOS_Trace.sdk/design_1_wrapper_hw_platform_0/system.hdf -mem-ranges [list {0x40000000 0xbfffffff}]
configparams force-mem-access 1
targets -set -nocase -filter {name =~"APU*" && jtag_cable_name =~ "Avnet MiniZed V1 1234-oj1A"} -index 0
stop
ps7_init
ps7_post_config
targets -set -nocase -filter {name =~ "ARM*#0" && jtag_cable_name =~ "Avnet MiniZed V1 1234-oj1A"} -index 0
rst -processor
targets -set -nocase -filter {name =~ "ARM*#0" && jtag_cable_name =~ "Avnet MiniZed V1 1234-oj1A"} -index 0
dow C:/Users/20002890/MiniZED_FreeRTOS_Trace/MiniZED_FreeRTOS_Trace.sdk/FreeRTOS_Trace/Debug/FreeRTOS_Trace.elf
configparams force-mem-access 0
----------------End of Script----------------

22:44:54 INFO  : Memory regions updated for context APU
22:44:54 INFO  : Context for processor 'ps7_cortexa9_0' is selected.
22:44:54 INFO  : 'con' command is executed.
22:44:54 INFO  : ----------------XSDB Script (After Launch)----------------
targets -set -nocase -filter {name =~ "ARM*#0" && jtag_cable_name =~ "Avnet MiniZed V1 1234-oj1A"} -index 0
con
----------------End of Script----------------

22:44:54 INFO  : Launch script is exported to file 'C:\Users\20002890\MiniZED_FreeRTOS_Trace\MiniZED_FreeRTOS_Trace.sdk\.sdk\launch_scripts\xilinx_c-c++_application_(system_debugger)\system_debugger_using_debug_freertos_trace.elf_on_local.tcl'
22:45:29 INFO  : Disconnected from the channel tcfchan#1.
22:45:30 INFO  : 'targets -set -filter {jtag_cable_name =~ "Avnet MiniZed V1 1234-oj1A" && level==0} -index 1' command is executed.
22:45:30 INFO  : 'fpga -state' command is executed.
22:45:30 INFO  : Connected to target on host '127.0.0.1' and port '3121'.
22:45:30 INFO  : Jtag cable 'Avnet MiniZed V1 1234-oj1A' is selected.
22:45:30 INFO  : 'jtag frequency' command is executed.
22:45:30 INFO  : Sourcing of 'C:/Users/20002890/MiniZED_FreeRTOS_Trace/MiniZED_FreeRTOS_Trace.sdk/design_1_wrapper_hw_platform_0/ps7_init.tcl' is done.
22:45:31 INFO  : Context for 'APU' is selected.
22:45:33 INFO  : Hardware design information is loaded from 'C:/Users/20002890/MiniZED_FreeRTOS_Trace/MiniZED_FreeRTOS_Trace.sdk/design_1_wrapper_hw_platform_0/system.hdf'.
22:45:33 INFO  : 'configparams force-mem-access 1' command is executed.
22:45:33 INFO  : Context for 'APU' is selected.
22:45:33 INFO  : 'stop' command is executed.
22:45:34 INFO  : 'ps7_init' command is executed.
22:45:34 INFO  : 'ps7_post_config' command is executed.
22:45:34 INFO  : Context for processor 'ps7_cortexa9_0' is selected.
22:45:34 INFO  : Processor reset is completed for 'ps7_cortexa9_0'.
22:45:34 INFO  : Context for processor 'ps7_cortexa9_0' is selected.
22:45:34 INFO  : The application 'C:/Users/20002890/MiniZED_FreeRTOS_Trace/MiniZED_FreeRTOS_Trace.sdk/FreeRTOS_Trace/Debug/FreeRTOS_Trace.elf' is downloaded to processor 'ps7_cortexa9_0'.
22:45:34 INFO  : 'configparams force-mem-access 0' command is executed.
22:45:34 INFO  : ----------------XSDB Script----------------
connect -url tcp:127.0.0.1:3121
source C:/Users/20002890/MiniZED_FreeRTOS_Trace/MiniZED_FreeRTOS_Trace.sdk/design_1_wrapper_hw_platform_0/ps7_init.tcl
targets -set -nocase -filter {name =~"APU*" && jtag_cable_name =~ "Avnet MiniZed V1 1234-oj1A"} -index 0
loadhw -hw C:/Users/20002890/MiniZED_FreeRTOS_Trace/MiniZED_FreeRTOS_Trace.sdk/design_1_wrapper_hw_platform_0/system.hdf -mem-ranges [list {0x40000000 0xbfffffff}]
configparams force-mem-access 1
targets -set -nocase -filter {name =~"APU*" && jtag_cable_name =~ "Avnet MiniZed V1 1234-oj1A"} -index 0
stop
ps7_init
ps7_post_config
targets -set -nocase -filter {name =~ "ARM*#0" && jtag_cable_name =~ "Avnet MiniZed V1 1234-oj1A"} -index 0
rst -processor
targets -set -nocase -filter {name =~ "ARM*#0" && jtag_cable_name =~ "Avnet MiniZed V1 1234-oj1A"} -index 0
dow C:/Users/20002890/MiniZED_FreeRTOS_Trace/MiniZED_FreeRTOS_Trace.sdk/FreeRTOS_Trace/Debug/FreeRTOS_Trace.elf
configparams force-mem-access 0
----------------End of Script----------------

22:45:34 INFO  : Memory regions updated for context APU
22:45:34 INFO  : Context for processor 'ps7_cortexa9_0' is selected.
22:45:34 INFO  : 'con' command is executed.
22:45:34 INFO  : ----------------XSDB Script (After Launch)----------------
targets -set -nocase -filter {name =~ "ARM*#0" && jtag_cable_name =~ "Avnet MiniZed V1 1234-oj1A"} -index 0
con
----------------End of Script----------------

22:45:34 INFO  : Launch script is exported to file 'C:\Users\20002890\MiniZED_FreeRTOS_Trace\MiniZED_FreeRTOS_Trace.sdk\.sdk\launch_scripts\xilinx_c-c++_application_(system_debugger)\system_debugger_using_debug_freertos_trace.elf_on_local.tcl'
22:46:17 INFO  : Disconnected from the channel tcfchan#2.
22:46:18 INFO  : 'targets -set -filter {jtag_cable_name =~ "Avnet MiniZed V1 1234-oj1A" && level==0} -index 1' command is executed.
22:46:18 INFO  : 'fpga -state' command is executed.
22:46:18 INFO  : Connected to target on host '127.0.0.1' and port '3121'.
22:46:18 INFO  : Jtag cable 'Avnet MiniZed V1 1234-oj1A' is selected.
22:46:18 INFO  : 'jtag frequency' command is executed.
22:46:18 INFO  : Sourcing of 'C:/Users/20002890/MiniZED_FreeRTOS_Trace/MiniZED_FreeRTOS_Trace.sdk/design_1_wrapper_hw_platform_0/ps7_init.tcl' is done.
22:46:18 INFO  : Context for 'APU' is selected.
22:46:22 INFO  : Hardware design information is loaded from 'C:/Users/20002890/MiniZED_FreeRTOS_Trace/MiniZED_FreeRTOS_Trace.sdk/design_1_wrapper_hw_platform_0/system.hdf'.
22:46:22 INFO  : 'configparams force-mem-access 1' command is executed.
22:46:22 INFO  : Context for 'APU' is selected.
22:46:22 INFO  : 'stop' command is executed.
22:46:23 INFO  : 'ps7_init' command is executed.
22:46:23 INFO  : 'ps7_post_config' command is executed.
22:46:23 INFO  : Context for processor 'ps7_cortexa9_0' is selected.
22:46:23 INFO  : Processor reset is completed for 'ps7_cortexa9_0'.
22:46:23 INFO  : Context for processor 'ps7_cortexa9_0' is selected.
22:46:23 INFO  : The application 'C:/Users/20002890/MiniZED_FreeRTOS_Trace/MiniZED_FreeRTOS_Trace.sdk/FreeRTOS_Trace/Debug/FreeRTOS_Trace.elf' is downloaded to processor 'ps7_cortexa9_0'.
22:46:23 INFO  : 'configparams force-mem-access 0' command is executed.
22:46:23 INFO  : ----------------XSDB Script----------------
connect -url tcp:127.0.0.1:3121
source C:/Users/20002890/MiniZED_FreeRTOS_Trace/MiniZED_FreeRTOS_Trace.sdk/design_1_wrapper_hw_platform_0/ps7_init.tcl
targets -set -nocase -filter {name =~"APU*" && jtag_cable_name =~ "Avnet MiniZed V1 1234-oj1A"} -index 0
loadhw -hw C:/Users/20002890/MiniZED_FreeRTOS_Trace/MiniZED_FreeRTOS_Trace.sdk/design_1_wrapper_hw_platform_0/system.hdf -mem-ranges [list {0x40000000 0xbfffffff}]
configparams force-mem-access 1
targets -set -nocase -filter {name =~"APU*" && jtag_cable_name =~ "Avnet MiniZed V1 1234-oj1A"} -index 0
stop
ps7_init
ps7_post_config
targets -set -nocase -filter {name =~ "ARM*#0" && jtag_cable_name =~ "Avnet MiniZed V1 1234-oj1A"} -index 0
rst -processor
targets -set -nocase -filter {name =~ "ARM*#0" && jtag_cable_name =~ "Avnet MiniZed V1 1234-oj1A"} -index 0
dow C:/Users/20002890/MiniZED_FreeRTOS_Trace/MiniZED_FreeRTOS_Trace.sdk/FreeRTOS_Trace/Debug/FreeRTOS_Trace.elf
configparams force-mem-access 0
----------------End of Script----------------

22:46:23 INFO  : Memory regions updated for context APU
22:46:24 INFO  : Context for processor 'ps7_cortexa9_0' is selected.
22:46:24 INFO  : 'con' command is executed.
22:46:24 INFO  : ----------------XSDB Script (After Launch)----------------
targets -set -nocase -filter {name =~ "ARM*#0" && jtag_cable_name =~ "Avnet MiniZed V1 1234-oj1A"} -index 0
con
----------------End of Script----------------

22:46:24 INFO  : Launch script is exported to file 'C:\Users\20002890\MiniZED_FreeRTOS_Trace\MiniZED_FreeRTOS_Trace.sdk\.sdk\launch_scripts\xilinx_c-c++_application_(system_debugger)\system_debugger_using_debug_freertos_trace.elf_on_local.tcl'
22:47:11 INFO  : Disconnected from the channel tcfchan#3.
22:47:12 INFO  : 'targets -set -filter {jtag_cable_name =~ "Avnet MiniZed V1 1234-oj1A" && level==0} -index 1' command is executed.
22:47:12 INFO  : 'fpga -state' command is executed.
22:47:12 INFO  : Connected to target on host '127.0.0.1' and port '3121'.
22:47:12 INFO  : Jtag cable 'Avnet MiniZed V1 1234-oj1A' is selected.
22:47:12 INFO  : 'jtag frequency' command is executed.
22:47:12 INFO  : Sourcing of 'C:/Users/20002890/MiniZED_FreeRTOS_Trace/MiniZED_FreeRTOS_Trace.sdk/design_1_wrapper_hw_platform_0/ps7_init.tcl' is done.
22:47:12 INFO  : Context for 'APU' is selected.
22:47:16 INFO  : Hardware design information is loaded from 'C:/Users/20002890/MiniZED_FreeRTOS_Trace/MiniZED_FreeRTOS_Trace.sdk/design_1_wrapper_hw_platform_0/system.hdf'.
22:47:16 INFO  : 'configparams force-mem-access 1' command is executed.
22:47:16 INFO  : Context for 'APU' is selected.
22:47:16 INFO  : 'stop' command is executed.
22:47:17 INFO  : 'ps7_init' command is executed.
22:47:17 INFO  : 'ps7_post_config' command is executed.
22:47:17 INFO  : Context for processor 'ps7_cortexa9_0' is selected.
22:47:17 INFO  : Processor reset is completed for 'ps7_cortexa9_0'.
22:47:17 INFO  : Context for processor 'ps7_cortexa9_0' is selected.
22:47:17 INFO  : The application 'C:/Users/20002890/MiniZED_FreeRTOS_Trace/MiniZED_FreeRTOS_Trace.sdk/FreeRTOS_Trace/Debug/FreeRTOS_Trace.elf' is downloaded to processor 'ps7_cortexa9_0'.
22:47:17 INFO  : 'configparams force-mem-access 0' command is executed.
22:47:17 INFO  : ----------------XSDB Script----------------
connect -url tcp:127.0.0.1:3121
source C:/Users/20002890/MiniZED_FreeRTOS_Trace/MiniZED_FreeRTOS_Trace.sdk/design_1_wrapper_hw_platform_0/ps7_init.tcl
targets -set -nocase -filter {name =~"APU*" && jtag_cable_name =~ "Avnet MiniZed V1 1234-oj1A"} -index 0
loadhw -hw C:/Users/20002890/MiniZED_FreeRTOS_Trace/MiniZED_FreeRTOS_Trace.sdk/design_1_wrapper_hw_platform_0/system.hdf -mem-ranges [list {0x40000000 0xbfffffff}]
configparams force-mem-access 1
targets -set -nocase -filter {name =~"APU*" && jtag_cable_name =~ "Avnet MiniZed V1 1234-oj1A"} -index 0
stop
ps7_init
ps7_post_config
targets -set -nocase -filter {name =~ "ARM*#0" && jtag_cable_name =~ "Avnet MiniZed V1 1234-oj1A"} -index 0
rst -processor
targets -set -nocase -filter {name =~ "ARM*#0" && jtag_cable_name =~ "Avnet MiniZed V1 1234-oj1A"} -index 0
dow C:/Users/20002890/MiniZED_FreeRTOS_Trace/MiniZED_FreeRTOS_Trace.sdk/FreeRTOS_Trace/Debug/FreeRTOS_Trace.elf
configparams force-mem-access 0
----------------End of Script----------------

22:47:17 INFO  : Memory regions updated for context APU
22:47:18 INFO  : Context for processor 'ps7_cortexa9_0' is selected.
22:47:18 INFO  : 'con' command is executed.
22:47:18 INFO  : ----------------XSDB Script (After Launch)----------------
targets -set -nocase -filter {name =~ "ARM*#0" && jtag_cable_name =~ "Avnet MiniZed V1 1234-oj1A"} -index 0
con
----------------End of Script----------------

22:47:18 INFO  : Launch script is exported to file 'C:\Users\20002890\MiniZED_FreeRTOS_Trace\MiniZED_FreeRTOS_Trace.sdk\.sdk\launch_scripts\xilinx_c-c++_application_(system_debugger)\system_debugger_using_debug_freertos_trace.elf_on_local.tcl'
22:47:38 INFO  : Disconnected from the channel tcfchan#4.
22:48:15 INFO  : 'targets -set -filter {jtag_cable_name =~ "Avnet MiniZed V1 1234-oj1A" && level==0} -index 1' command is executed.
22:48:15 INFO  : 'fpga -state' command is executed.
22:48:15 INFO  : Connected to target on host '127.0.0.1' and port '3121'.
22:48:15 INFO  : Jtag cable 'Avnet MiniZed V1 1234-oj1A' is selected.
22:48:15 INFO  : 'jtag frequency' command is executed.
22:48:15 INFO  : Context for 'APU' is selected.
22:48:17 INFO  : Hardware design information is loaded from 'C:/Users/20002890/MiniZED_FreeRTOS_Trace/MiniZED_FreeRTOS_Trace.sdk/design_1_wrapper_hw_platform_0/system.hdf'.
22:48:17 INFO  : 'configparams force-mem-access 1' command is executed.
22:48:17 INFO  : 'configparams force-mem-access 0' command is executed.
22:48:17 INFO  : ----------------XSDB Script----------------
connect -url tcp:127.0.0.1:3121
targets -set -nocase -filter {name =~"APU*" && jtag_cable_name =~ "Avnet MiniZed V1 1234-oj1A"} -index 0
loadhw -hw C:/Users/20002890/MiniZED_FreeRTOS_Trace/MiniZED_FreeRTOS_Trace.sdk/design_1_wrapper_hw_platform_0/system.hdf -mem-ranges [list {0x40000000 0xbfffffff}]
configparams force-mem-access 1
configparams force-mem-access 0
----------------End of Script----------------

22:48:24 INFO  : Disconnected from the channel tcfchan#5.
22:48:25 INFO  : 'targets -set -filter {jtag_cable_name =~ "Avnet MiniZed V1 1234-oj1A" && level==0} -index 1' command is executed.
22:48:25 INFO  : 'fpga -state' command is executed.
22:48:25 INFO  : Connected to target on host '127.0.0.1' and port '3121'.
22:48:26 INFO  : Jtag cable 'Avnet MiniZed V1 1234-oj1A' is selected.
22:48:26 INFO  : 'jtag frequency' command is executed.
22:48:26 INFO  : Context for 'APU' is selected.
22:48:28 INFO  : Hardware design information is loaded from 'C:/Users/20002890/MiniZED_FreeRTOS_Trace/MiniZED_FreeRTOS_Trace.sdk/design_1_wrapper_hw_platform_0/system.hdf'.
22:48:28 INFO  : 'configparams force-mem-access 1' command is executed.
22:48:28 INFO  : 'configparams force-mem-access 0' command is executed.
22:48:28 INFO  : ----------------XSDB Script----------------
connect -url tcp:127.0.0.1:3121
targets -set -nocase -filter {name =~"APU*" && jtag_cable_name =~ "Avnet MiniZed V1 1234-oj1A"} -index 0
loadhw -hw C:/Users/20002890/MiniZED_FreeRTOS_Trace/MiniZED_FreeRTOS_Trace.sdk/design_1_wrapper_hw_platform_0/system.hdf -mem-ranges [list {0x40000000 0xbfffffff}]
configparams force-mem-access 1
configparams force-mem-access 0
----------------End of Script----------------

22:48:49 INFO  : Disconnected from the channel tcfchan#6.
22:48:50 INFO  : 'targets -set -filter {jtag_cable_name =~ "Avnet MiniZed V1 1234-oj1A" && level==0} -index 1' command is executed.
22:48:50 INFO  : 'fpga -state' command is executed.
22:48:50 INFO  : Connected to target on host '127.0.0.1' and port '3121'.
22:48:50 INFO  : Jtag cable 'Avnet MiniZed V1 1234-oj1A' is selected.
22:48:50 INFO  : 'jtag frequency' command is executed.
22:48:50 INFO  : Context for 'APU' is selected.
22:48:52 INFO  : Hardware design information is loaded from 'C:/Users/20002890/MiniZED_FreeRTOS_Trace/MiniZED_FreeRTOS_Trace.sdk/design_1_wrapper_hw_platform_0/system.hdf'.
22:48:52 INFO  : 'configparams force-mem-access 1' command is executed.
22:48:52 INFO  : 'configparams force-mem-access 0' command is executed.
22:48:52 INFO  : ----------------XSDB Script----------------
connect -url tcp:127.0.0.1:3121
targets -set -nocase -filter {name =~"APU*" && jtag_cable_name =~ "Avnet MiniZed V1 1234-oj1A"} -index 0
loadhw -hw C:/Users/20002890/MiniZED_FreeRTOS_Trace/MiniZED_FreeRTOS_Trace.sdk/design_1_wrapper_hw_platform_0/system.hdf -mem-ranges [list {0x40000000 0xbfffffff}]
configparams force-mem-access 1
configparams force-mem-access 0
----------------End of Script----------------

22:49:34 INFO  : Disconnected from the channel tcfchan#7.
22:49:34 INFO  : 'targets -set -filter {jtag_cable_name =~ "Avnet MiniZed V1 1234-oj1A" && level==0} -index 1' command is executed.
22:49:34 INFO  : 'fpga -state' command is executed.
22:49:34 INFO  : Connected to target on host '127.0.0.1' and port '3121'.
22:49:35 INFO  : Jtag cable 'Avnet MiniZed V1 1234-oj1A' is selected.
22:49:35 INFO  : 'jtag frequency' command is executed.
22:49:35 INFO  : Context for 'APU' is selected.
22:49:37 INFO  : Hardware design information is loaded from 'C:/Users/20002890/MiniZED_FreeRTOS_Trace/MiniZED_FreeRTOS_Trace.sdk/design_1_wrapper_hw_platform_0/system.hdf'.
22:49:37 INFO  : 'configparams force-mem-access 1' command is executed.
22:49:37 INFO  : 'configparams force-mem-access 0' command is executed.
22:49:37 INFO  : ----------------XSDB Script----------------
connect -url tcp:127.0.0.1:3121
targets -set -nocase -filter {name =~"APU*" && jtag_cable_name =~ "Avnet MiniZed V1 1234-oj1A"} -index 0
loadhw -hw C:/Users/20002890/MiniZED_FreeRTOS_Trace/MiniZED_FreeRTOS_Trace.sdk/design_1_wrapper_hw_platform_0/system.hdf -mem-ranges [list {0x40000000 0xbfffffff}]
configparams force-mem-access 1
configparams force-mem-access 0
----------------End of Script----------------

22:49:53 INFO  : Disconnected from the channel tcfchan#8.
22:49:54 INFO  : 'targets -set -filter {jtag_cable_name =~ "Avnet MiniZed V1 1234-oj1A" && level==0} -index 1' command is executed.
22:49:54 INFO  : 'fpga -state' command is executed.
22:49:54 INFO  : Connected to target on host '127.0.0.1' and port '3121'.
22:49:54 INFO  : Jtag cable 'Avnet MiniZed V1 1234-oj1A' is selected.
22:49:54 INFO  : 'jtag frequency' command is executed.
22:49:54 INFO  : Sourcing of 'C:/Users/20002890/MiniZED_FreeRTOS_Trace/MiniZED_FreeRTOS_Trace.sdk/design_1_wrapper_hw_platform_0/ps7_init.tcl' is done.
22:49:54 INFO  : Context for 'APU' is selected.
22:49:58 INFO  : Hardware design information is loaded from 'C:/Users/20002890/MiniZED_FreeRTOS_Trace/MiniZED_FreeRTOS_Trace.sdk/design_1_wrapper_hw_platform_0/system.hdf'.
22:49:58 INFO  : 'configparams force-mem-access 1' command is executed.
22:49:58 INFO  : Context for 'APU' is selected.
22:49:58 INFO  : 'stop' command is executed.
22:49:59 INFO  : 'ps7_init' command is executed.
22:49:59 INFO  : 'ps7_post_config' command is executed.
22:49:59 INFO  : Context for processor 'ps7_cortexa9_0' is selected.
22:49:59 INFO  : Processor reset is completed for 'ps7_cortexa9_0'.
22:49:59 INFO  : Context for processor 'ps7_cortexa9_0' is selected.
22:49:59 INFO  : The application 'C:/Users/20002890/MiniZED_FreeRTOS_Trace/MiniZED_FreeRTOS_Trace.sdk/FreeRTOS_Trace/Debug/FreeRTOS_Trace.elf' is downloaded to processor 'ps7_cortexa9_0'.
22:49:59 INFO  : 'configparams force-mem-access 0' command is executed.
22:49:59 INFO  : ----------------XSDB Script----------------
connect -url tcp:127.0.0.1:3121
source C:/Users/20002890/MiniZED_FreeRTOS_Trace/MiniZED_FreeRTOS_Trace.sdk/design_1_wrapper_hw_platform_0/ps7_init.tcl
targets -set -nocase -filter {name =~"APU*" && jtag_cable_name =~ "Avnet MiniZed V1 1234-oj1A"} -index 0
loadhw -hw C:/Users/20002890/MiniZED_FreeRTOS_Trace/MiniZED_FreeRTOS_Trace.sdk/design_1_wrapper_hw_platform_0/system.hdf -mem-ranges [list {0x40000000 0xbfffffff}]
configparams force-mem-access 1
targets -set -nocase -filter {name =~"APU*" && jtag_cable_name =~ "Avnet MiniZed V1 1234-oj1A"} -index 0
stop
ps7_init
ps7_post_config
targets -set -nocase -filter {name =~ "ARM*#0" && jtag_cable_name =~ "Avnet MiniZed V1 1234-oj1A"} -index 0
rst -processor
targets -set -nocase -filter {name =~ "ARM*#0" && jtag_cable_name =~ "Avnet MiniZed V1 1234-oj1A"} -index 0
dow C:/Users/20002890/MiniZED_FreeRTOS_Trace/MiniZED_FreeRTOS_Trace.sdk/FreeRTOS_Trace/Debug/FreeRTOS_Trace.elf
configparams force-mem-access 0
----------------End of Script----------------

22:50:47 INFO  : Connected to target on host '127.0.0.1' and port '3121'.
22:50:47 INFO  : Jtag cable 'Avnet MiniZed V1 1234-oj1A' is selected.
22:50:47 INFO  : 'jtag frequency' command is executed.
22:50:47 INFO  : Sourcing of 'C:/Users/20002890/MiniZED_FreeRTOS_Trace/MiniZED_FreeRTOS_Trace.sdk/design_1_wrapper_hw_platform_0/ps7_init.tcl' is done.
22:50:47 INFO  : Context for 'APU' is selected.
22:50:48 INFO  : System reset is completed.
22:50:51 INFO  : 'after 3000' command is executed.
22:50:51 INFO  : 'targets -set -filter {jtag_cable_name =~ "Avnet MiniZed V1 1234-oj1A" && level==0} -index 1' command is executed.
22:50:52 INFO  : FPGA configured successfully with bitstream "C:/Users/20002890/MiniZED_FreeRTOS_Trace/MiniZED_FreeRTOS_Trace.sdk/design_1_wrapper_hw_platform_0/design_1_wrapper.bit"
22:50:52 INFO  : Context for 'APU' is selected.
22:50:52 INFO  : Hardware design information is loaded from 'C:/Users/20002890/MiniZED_FreeRTOS_Trace/MiniZED_FreeRTOS_Trace.sdk/design_1_wrapper_hw_platform_0/system.hdf'.
22:50:52 INFO  : 'configparams force-mem-access 1' command is executed.
22:50:52 INFO  : Context for 'APU' is selected.
22:50:53 INFO  : 'ps7_init' command is executed.
22:50:53 INFO  : 'ps7_post_config' command is executed.
22:50:53 INFO  : Context for processor 'ps7_cortexa9_0' is selected.
22:50:53 INFO  : The application 'C:/Users/20002890/MiniZED_FreeRTOS_Trace/MiniZED_FreeRTOS_Trace.sdk/FreeRTOS_Trace/Debug/FreeRTOS_Trace.elf' is downloaded to processor 'ps7_cortexa9_0'.
22:50:53 INFO  : 'configparams force-mem-access 0' command is executed.
22:50:53 INFO  : ----------------XSDB Script----------------
connect -url tcp:127.0.0.1:3121
source C:/Users/20002890/MiniZED_FreeRTOS_Trace/MiniZED_FreeRTOS_Trace.sdk/design_1_wrapper_hw_platform_0/ps7_init.tcl
targets -set -nocase -filter {name =~"APU*" && jtag_cable_name =~ "Avnet MiniZed V1 1234-oj1A"} -index 0
rst -system
after 3000
targets -set -filter {jtag_cable_name =~ "Avnet MiniZed V1 1234-oj1A" && level==0} -index 1
fpga -file C:/Users/20002890/MiniZED_FreeRTOS_Trace/MiniZED_FreeRTOS_Trace.sdk/design_1_wrapper_hw_platform_0/design_1_wrapper.bit
targets -set -nocase -filter {name =~"APU*" && jtag_cable_name =~ "Avnet MiniZed V1 1234-oj1A"} -index 0
loadhw -hw C:/Users/20002890/MiniZED_FreeRTOS_Trace/MiniZED_FreeRTOS_Trace.sdk/design_1_wrapper_hw_platform_0/system.hdf -mem-ranges [list {0x40000000 0xbfffffff}]
configparams force-mem-access 1
targets -set -nocase -filter {name =~"APU*" && jtag_cable_name =~ "Avnet MiniZed V1 1234-oj1A"} -index 0
ps7_init
ps7_post_config
targets -set -nocase -filter {name =~ "ARM*#0" && jtag_cable_name =~ "Avnet MiniZed V1 1234-oj1A"} -index 0
dow C:/Users/20002890/MiniZED_FreeRTOS_Trace/MiniZED_FreeRTOS_Trace.sdk/FreeRTOS_Trace/Debug/FreeRTOS_Trace.elf
configparams force-mem-access 0
----------------End of Script----------------

22:50:53 INFO  : Memory regions updated for context APU
22:50:53 INFO  : Context for processor 'ps7_cortexa9_0' is selected.
22:50:53 INFO  : 'con' command is executed.
22:50:53 INFO  : ----------------XSDB Script (After Launch)----------------
targets -set -nocase -filter {name =~ "ARM*#0" && jtag_cable_name =~ "Avnet MiniZed V1 1234-oj1A"} -index 0
con
----------------End of Script----------------

22:50:53 INFO  : Launch script is exported to file 'C:\Users\20002890\MiniZED_FreeRTOS_Trace\MiniZED_FreeRTOS_Trace.sdk\.sdk\launch_scripts\xilinx_c-c++_application_(system_debugger)\system_debugger_using_debug_freertos_trace.elf_on_local.tcl'
22:51:43 INFO  : Disconnected from the channel tcfchan#9.
22:52:22 INFO  : Connected to target on host '127.0.0.1' and port '3121'.
22:52:22 INFO  : Jtag cable 'Avnet MiniZed V1 1234-oj1A' is selected.
22:52:22 INFO  : 'jtag frequency' command is executed.
22:52:22 INFO  : Sourcing of 'C:/Users/20002890/MiniZED_FreeRTOS_Trace/MiniZED_FreeRTOS_Trace.sdk/design_1_wrapper_hw_platform_0/ps7_init.tcl' is done.
22:52:22 INFO  : Context for 'APU' is selected.
22:52:22 INFO  : System reset is completed.
22:52:25 INFO  : 'after 3000' command is executed.
22:52:25 INFO  : 'targets -set -filter {jtag_cable_name =~ "Avnet MiniZed V1 1234-oj1A" && level==0} -index 1' command is executed.
22:52:27 INFO  : FPGA configured successfully with bitstream "C:/Users/20002890/MiniZED_FreeRTOS_Trace/MiniZED_FreeRTOS_Trace.sdk/design_1_wrapper_hw_platform_0/design_1_wrapper.bit"
22:52:27 INFO  : Context for 'APU' is selected.
22:52:27 INFO  : Hardware design information is loaded from 'C:/Users/20002890/MiniZED_FreeRTOS_Trace/MiniZED_FreeRTOS_Trace.sdk/design_1_wrapper_hw_platform_0/system.hdf'.
22:52:27 INFO  : 'configparams force-mem-access 1' command is executed.
22:52:27 INFO  : Context for 'APU' is selected.
22:52:27 INFO  : 'ps7_init' command is executed.
22:52:27 INFO  : 'ps7_post_config' command is executed.
22:52:27 INFO  : Context for processor 'ps7_cortexa9_0' is selected.
22:52:28 INFO  : The application 'C:/Users/20002890/MiniZED_FreeRTOS_Trace/MiniZED_FreeRTOS_Trace.sdk/FreeRTOS_Trace/Debug/FreeRTOS_Trace.elf' is downloaded to processor 'ps7_cortexa9_0'.
22:52:28 INFO  : 'configparams force-mem-access 0' command is executed.
22:52:28 INFO  : ----------------XSDB Script----------------
connect -url tcp:127.0.0.1:3121
source C:/Users/20002890/MiniZED_FreeRTOS_Trace/MiniZED_FreeRTOS_Trace.sdk/design_1_wrapper_hw_platform_0/ps7_init.tcl
targets -set -nocase -filter {name =~"APU*" && jtag_cable_name =~ "Avnet MiniZed V1 1234-oj1A"} -index 0
rst -system
after 3000
targets -set -filter {jtag_cable_name =~ "Avnet MiniZed V1 1234-oj1A" && level==0} -index 1
fpga -file C:/Users/20002890/MiniZED_FreeRTOS_Trace/MiniZED_FreeRTOS_Trace.sdk/design_1_wrapper_hw_platform_0/design_1_wrapper.bit
targets -set -nocase -filter {name =~"APU*" && jtag_cable_name =~ "Avnet MiniZed V1 1234-oj1A"} -index 0
loadhw -hw C:/Users/20002890/MiniZED_FreeRTOS_Trace/MiniZED_FreeRTOS_Trace.sdk/design_1_wrapper_hw_platform_0/system.hdf -mem-ranges [list {0x40000000 0xbfffffff}]
configparams force-mem-access 1
targets -set -nocase -filter {name =~"APU*" && jtag_cable_name =~ "Avnet MiniZed V1 1234-oj1A"} -index 0
ps7_init
ps7_post_config
targets -set -nocase -filter {name =~ "ARM*#0" && jtag_cable_name =~ "Avnet MiniZed V1 1234-oj1A"} -index 0
dow C:/Users/20002890/MiniZED_FreeRTOS_Trace/MiniZED_FreeRTOS_Trace.sdk/FreeRTOS_Trace/Debug/FreeRTOS_Trace.elf
configparams force-mem-access 0
----------------End of Script----------------

22:52:28 INFO  : Memory regions updated for context APU
22:52:28 INFO  : Context for processor 'ps7_cortexa9_0' is selected.
22:52:28 INFO  : 'con' command is executed.
22:52:28 INFO  : ----------------XSDB Script (After Launch)----------------
targets -set -nocase -filter {name =~ "ARM*#0" && jtag_cable_name =~ "Avnet MiniZed V1 1234-oj1A"} -index 0
con
----------------End of Script----------------

22:52:28 INFO  : Launch script is exported to file 'C:\Users\20002890\MiniZED_FreeRTOS_Trace\MiniZED_FreeRTOS_Trace.sdk\.sdk\launch_scripts\xilinx_c-c++_application_(system_debugger)\system_debugger_using_debug_freertos_trace.elf_on_local.tcl'
22:52:39 INFO  : Disconnected from the channel tcfchan#10.
22:53:12 INFO  : Registering command handlers for SDK TCF services
22:53:15 INFO  : Launching XSCT server: xsct.bat -interactive C:\Users\20002890\MiniZED_FreeRTOS_Trace\MiniZED_FreeRTOS_Trace.sdk\temp_xsdb_launch_script.tcl
22:53:23 INFO  : XSCT server has started successfully.
22:53:24 INFO  : Successfully done setting XSCT server connection channel  
22:53:33 INFO  : Successfully done setting SDK workspace  
22:53:45 INFO  : Connected to target on host '127.0.0.1' and port '3121'.
22:53:46 INFO  : Jtag cable 'Avnet MiniZed V1 1234-oj1A' is selected.
22:53:46 INFO  : 'jtag frequency' command is executed.
22:53:46 INFO  : Sourcing of 'C:/Users/20002890/MiniZED_FreeRTOS_Trace/MiniZED_FreeRTOS_Trace.sdk/design_1_wrapper_hw_platform_0/ps7_init.tcl' is done.
22:53:47 INFO  : Context for 'APU' is selected.
22:53:47 INFO  : System reset is completed.
22:53:50 INFO  : 'after 3000' command is executed.
22:53:50 INFO  : 'targets -set -filter {jtag_cable_name =~ "Avnet MiniZed V1 1234-oj1A" && level==0} -index 1' command is executed.
22:53:51 INFO  : FPGA configured successfully with bitstream "C:/Users/20002890/MiniZED_FreeRTOS_Trace/MiniZED_FreeRTOS_Trace.sdk/design_1_wrapper_hw_platform_0/design_1_wrapper.bit"
22:53:52 INFO  : Context for 'APU' is selected.
22:53:52 INFO  : Hardware design information is loaded from 'C:/Users/20002890/MiniZED_FreeRTOS_Trace/MiniZED_FreeRTOS_Trace.sdk/design_1_wrapper_hw_platform_0/system.hdf'.
22:53:52 INFO  : 'configparams force-mem-access 1' command is executed.
22:53:52 INFO  : Context for 'APU' is selected.
22:53:52 INFO  : 'ps7_init' command is executed.
22:53:53 INFO  : 'ps7_post_config' command is executed.
22:53:53 INFO  : Context for processor 'ps7_cortexa9_0' is selected.
22:53:53 INFO  : The application 'C:/Users/20002890/MiniZED_FreeRTOS_Trace/MiniZED_FreeRTOS_Trace.sdk/FreeRTOS_Trace/Debug/FreeRTOS_Trace.elf' is downloaded to processor 'ps7_cortexa9_0'.
22:53:53 INFO  : 'configparams force-mem-access 0' command is executed.
22:53:53 INFO  : ----------------XSDB Script----------------
connect -url tcp:127.0.0.1:3121
source C:/Users/20002890/MiniZED_FreeRTOS_Trace/MiniZED_FreeRTOS_Trace.sdk/design_1_wrapper_hw_platform_0/ps7_init.tcl
targets -set -nocase -filter {name =~"APU*" && jtag_cable_name =~ "Avnet MiniZed V1 1234-oj1A"} -index 0
rst -system
after 3000
targets -set -filter {jtag_cable_name =~ "Avnet MiniZed V1 1234-oj1A" && level==0} -index 1
fpga -file C:/Users/20002890/MiniZED_FreeRTOS_Trace/MiniZED_FreeRTOS_Trace.sdk/design_1_wrapper_hw_platform_0/design_1_wrapper.bit
targets -set -nocase -filter {name =~"APU*" && jtag_cable_name =~ "Avnet MiniZed V1 1234-oj1A"} -index 0
loadhw -hw C:/Users/20002890/MiniZED_FreeRTOS_Trace/MiniZED_FreeRTOS_Trace.sdk/design_1_wrapper_hw_platform_0/system.hdf -mem-ranges [list {0x40000000 0xbfffffff}]
configparams force-mem-access 1
targets -set -nocase -filter {name =~"APU*" && jtag_cable_name =~ "Avnet MiniZed V1 1234-oj1A"} -index 0
ps7_init
ps7_post_config
targets -set -nocase -filter {name =~ "ARM*#0" && jtag_cable_name =~ "Avnet MiniZed V1 1234-oj1A"} -index 0
dow C:/Users/20002890/MiniZED_FreeRTOS_Trace/MiniZED_FreeRTOS_Trace.sdk/FreeRTOS_Trace/Debug/FreeRTOS_Trace.elf
configparams force-mem-access 0
----------------End of Script----------------

22:53:54 INFO  : Memory regions updated for context APU
22:53:54 INFO  : Context for processor 'ps7_cortexa9_0' is selected.
22:53:54 INFO  : 'con' command is executed.
22:53:54 INFO  : ----------------XSDB Script (After Launch)----------------
targets -set -nocase -filter {name =~ "ARM*#0" && jtag_cable_name =~ "Avnet MiniZed V1 1234-oj1A"} -index 0
con
----------------End of Script----------------

22:53:54 INFO  : Launch script is exported to file 'C:\Users\20002890\MiniZED_FreeRTOS_Trace\MiniZED_FreeRTOS_Trace.sdk\.sdk\launch_scripts\xilinx_c-c++_application_(system_debugger)\system_debugger_using_debug_freertos_trace.elf_on_local.tcl'
22:54:38 INFO  : Disconnected from the channel tcfchan#1.
22:54:39 INFO  : Connected to target on host '127.0.0.1' and port '3121'.
22:54:39 INFO  : Jtag cable 'Avnet MiniZed V1 1234-oj1A' is selected.
22:54:39 INFO  : 'jtag frequency' command is executed.
22:54:39 INFO  : Sourcing of 'C:/Users/20002890/MiniZED_FreeRTOS_Trace/MiniZED_FreeRTOS_Trace.sdk/design_1_wrapper_hw_platform_0/ps7_init.tcl' is done.
22:54:39 INFO  : Context for 'APU' is selected.
22:54:40 INFO  : System reset is completed.
22:54:43 INFO  : 'after 3000' command is executed.
22:54:43 INFO  : 'targets -set -filter {jtag_cable_name =~ "Avnet MiniZed V1 1234-oj1A" && level==0} -index 1' command is executed.
22:54:44 INFO  : FPGA configured successfully with bitstream "C:/Users/20002890/MiniZED_FreeRTOS_Trace/MiniZED_FreeRTOS_Trace.sdk/design_1_wrapper_hw_platform_0/design_1_wrapper.bit"
22:54:44 INFO  : Context for 'APU' is selected.
22:54:46 INFO  : Hardware design information is loaded from 'C:/Users/20002890/MiniZED_FreeRTOS_Trace/MiniZED_FreeRTOS_Trace.sdk/design_1_wrapper_hw_platform_0/system.hdf'.
22:54:46 INFO  : 'configparams force-mem-access 1' command is executed.
22:54:46 INFO  : Context for 'APU' is selected.
22:54:47 INFO  : 'ps7_init' command is executed.
22:54:47 INFO  : 'ps7_post_config' command is executed.
22:54:47 INFO  : Context for processor 'ps7_cortexa9_0' is selected.
22:54:47 INFO  : The application 'C:/Users/20002890/MiniZED_FreeRTOS_Trace/MiniZED_FreeRTOS_Trace.sdk/FreeRTOS_Trace/Debug/FreeRTOS_Trace.elf' is downloaded to processor 'ps7_cortexa9_0'.
22:54:47 INFO  : 'configparams force-mem-access 0' command is executed.
22:54:47 INFO  : ----------------XSDB Script----------------
connect -url tcp:127.0.0.1:3121
source C:/Users/20002890/MiniZED_FreeRTOS_Trace/MiniZED_FreeRTOS_Trace.sdk/design_1_wrapper_hw_platform_0/ps7_init.tcl
targets -set -nocase -filter {name =~"APU*" && jtag_cable_name =~ "Avnet MiniZed V1 1234-oj1A"} -index 0
rst -system
after 3000
targets -set -filter {jtag_cable_name =~ "Avnet MiniZed V1 1234-oj1A" && level==0} -index 1
fpga -file C:/Users/20002890/MiniZED_FreeRTOS_Trace/MiniZED_FreeRTOS_Trace.sdk/design_1_wrapper_hw_platform_0/design_1_wrapper.bit
targets -set -nocase -filter {name =~"APU*" && jtag_cable_name =~ "Avnet MiniZed V1 1234-oj1A"} -index 0
loadhw -hw C:/Users/20002890/MiniZED_FreeRTOS_Trace/MiniZED_FreeRTOS_Trace.sdk/design_1_wrapper_hw_platform_0/system.hdf -mem-ranges [list {0x40000000 0xbfffffff}]
configparams force-mem-access 1
targets -set -nocase -filter {name =~"APU*" && jtag_cable_name =~ "Avnet MiniZed V1 1234-oj1A"} -index 0
ps7_init
ps7_post_config
targets -set -nocase -filter {name =~ "ARM*#0" && jtag_cable_name =~ "Avnet MiniZed V1 1234-oj1A"} -index 0
dow C:/Users/20002890/MiniZED_FreeRTOS_Trace/MiniZED_FreeRTOS_Trace.sdk/FreeRTOS_Trace/Debug/FreeRTOS_Trace.elf
configparams force-mem-access 0
----------------End of Script----------------

22:54:47 INFO  : Memory regions updated for context APU
22:54:47 INFO  : Context for processor 'ps7_cortexa9_0' is selected.
22:54:47 INFO  : 'con' command is executed.
22:54:47 INFO  : ----------------XSDB Script (After Launch)----------------
targets -set -nocase -filter {name =~ "ARM*#0" && jtag_cable_name =~ "Avnet MiniZed V1 1234-oj1A"} -index 0
con
----------------End of Script----------------

22:54:47 INFO  : Launch script is exported to file 'C:\Users\20002890\MiniZED_FreeRTOS_Trace\MiniZED_FreeRTOS_Trace.sdk\.sdk\launch_scripts\xilinx_c-c++_application_(system_debugger)\system_debugger_using_debug_freertos_trace.elf_on_local.tcl'
22:55:58 INFO  : Disconnected from the channel tcfchan#2.
22:55:59 INFO  : Connected to target on host '127.0.0.1' and port '3121'.
22:55:59 INFO  : Jtag cable 'Avnet MiniZed V1 1234-oj1A' is selected.
22:55:59 INFO  : 'jtag frequency' command is executed.
22:55:59 INFO  : Sourcing of 'C:/Users/20002890/MiniZED_FreeRTOS_Trace/MiniZED_FreeRTOS_Trace.sdk/design_1_wrapper_hw_platform_0/ps7_init.tcl' is done.
22:55:59 INFO  : Context for 'APU' is selected.
22:55:59 INFO  : System reset is completed.
22:56:02 INFO  : 'after 3000' command is executed.
22:56:02 INFO  : 'targets -set -filter {jtag_cable_name =~ "Avnet MiniZed V1 1234-oj1A" && level==0} -index 1' command is executed.
22:56:03 INFO  : FPGA configured successfully with bitstream "C:/Users/20002890/MiniZED_FreeRTOS_Trace/MiniZED_FreeRTOS_Trace.sdk/design_1_wrapper_hw_platform_0/design_1_wrapper.bit"
22:56:04 INFO  : Context for 'APU' is selected.
22:56:07 INFO  : Hardware design information is loaded from 'C:/Users/20002890/MiniZED_FreeRTOS_Trace/MiniZED_FreeRTOS_Trace.sdk/design_1_wrapper_hw_platform_0/system.hdf'.
22:56:07 INFO  : 'configparams force-mem-access 1' command is executed.
22:56:07 INFO  : Context for 'APU' is selected.
22:56:07 INFO  : 'ps7_init' command is executed.
22:56:07 INFO  : 'ps7_post_config' command is executed.
22:56:07 INFO  : Context for processor 'ps7_cortexa9_0' is selected.
22:56:08 INFO  : The application 'C:/Users/20002890/MiniZED_FreeRTOS_Trace/MiniZED_FreeRTOS_Trace.sdk/FreeRTOS_Trace/Debug/FreeRTOS_Trace.elf' is downloaded to processor 'ps7_cortexa9_0'.
22:56:08 INFO  : 'configparams force-mem-access 0' command is executed.
22:56:08 INFO  : ----------------XSDB Script----------------
connect -url tcp:127.0.0.1:3121
source C:/Users/20002890/MiniZED_FreeRTOS_Trace/MiniZED_FreeRTOS_Trace.sdk/design_1_wrapper_hw_platform_0/ps7_init.tcl
targets -set -nocase -filter {name =~"APU*" && jtag_cable_name =~ "Avnet MiniZed V1 1234-oj1A"} -index 0
rst -system
after 3000
targets -set -filter {jtag_cable_name =~ "Avnet MiniZed V1 1234-oj1A" && level==0} -index 1
fpga -file C:/Users/20002890/MiniZED_FreeRTOS_Trace/MiniZED_FreeRTOS_Trace.sdk/design_1_wrapper_hw_platform_0/design_1_wrapper.bit
targets -set -nocase -filter {name =~"APU*" && jtag_cable_name =~ "Avnet MiniZed V1 1234-oj1A"} -index 0
loadhw -hw C:/Users/20002890/MiniZED_FreeRTOS_Trace/MiniZED_FreeRTOS_Trace.sdk/design_1_wrapper_hw_platform_0/system.hdf -mem-ranges [list {0x40000000 0xbfffffff}]
configparams force-mem-access 1
targets -set -nocase -filter {name =~"APU*" && jtag_cable_name =~ "Avnet MiniZed V1 1234-oj1A"} -index 0
ps7_init
ps7_post_config
targets -set -nocase -filter {name =~ "ARM*#0" && jtag_cable_name =~ "Avnet MiniZed V1 1234-oj1A"} -index 0
dow C:/Users/20002890/MiniZED_FreeRTOS_Trace/MiniZED_FreeRTOS_Trace.sdk/FreeRTOS_Trace/Debug/FreeRTOS_Trace.elf
configparams force-mem-access 0
----------------End of Script----------------

22:56:08 INFO  : Memory regions updated for context APU
22:56:08 INFO  : Context for processor 'ps7_cortexa9_0' is selected.
22:56:08 INFO  : 'con' command is executed.
22:56:08 INFO  : ----------------XSDB Script (After Launch)----------------
targets -set -nocase -filter {name =~ "ARM*#0" && jtag_cable_name =~ "Avnet MiniZed V1 1234-oj1A"} -index 0
con
----------------End of Script----------------

22:56:08 INFO  : Launch script is exported to file 'C:\Users\20002890\MiniZED_FreeRTOS_Trace\MiniZED_FreeRTOS_Trace.sdk\.sdk\launch_scripts\xilinx_c-c++_application_(system_debugger)\system_debugger_using_debug_freertos_trace.elf_on_local.tcl'
22:56:59 INFO  : Disconnected from the channel tcfchan#3.
22:57:00 INFO  : Connected to target on host '127.0.0.1' and port '3121'.
22:57:01 INFO  : Jtag cable 'Avnet MiniZed V1 1234-oj1A' is selected.
22:57:01 INFO  : 'jtag frequency' command is executed.
22:57:01 INFO  : Sourcing of 'C:/Users/20002890/MiniZED_FreeRTOS_Trace/MiniZED_FreeRTOS_Trace.sdk/design_1_wrapper_hw_platform_0/ps7_init.tcl' is done.
22:57:01 INFO  : Context for 'APU' is selected.
22:57:01 INFO  : System reset is completed.
22:57:04 INFO  : 'after 3000' command is executed.
22:57:04 INFO  : 'targets -set -filter {jtag_cable_name =~ "Avnet MiniZed V1 1234-oj1A" && level==0} -index 1' command is executed.
22:57:05 INFO  : FPGA configured successfully with bitstream "C:/Users/20002890/MiniZED_FreeRTOS_Trace/MiniZED_FreeRTOS_Trace.sdk/design_1_wrapper_hw_platform_0/design_1_wrapper.bit"
22:57:05 INFO  : Context for 'APU' is selected.
22:57:08 INFO  : Hardware design information is loaded from 'C:/Users/20002890/MiniZED_FreeRTOS_Trace/MiniZED_FreeRTOS_Trace.sdk/design_1_wrapper_hw_platform_0/system.hdf'.
22:57:08 INFO  : 'configparams force-mem-access 1' command is executed.
22:57:08 INFO  : Context for 'APU' is selected.
22:57:09 INFO  : 'ps7_init' command is executed.
22:57:09 INFO  : 'ps7_post_config' command is executed.
22:57:09 INFO  : Context for processor 'ps7_cortexa9_0' is selected.
22:57:09 INFO  : The application 'C:/Users/20002890/MiniZED_FreeRTOS_Trace/MiniZED_FreeRTOS_Trace.sdk/FreeRTOS_Trace/Debug/FreeRTOS_Trace.elf' is downloaded to processor 'ps7_cortexa9_0'.
22:57:09 INFO  : 'configparams force-mem-access 0' command is executed.
22:57:09 INFO  : ----------------XSDB Script----------------
connect -url tcp:127.0.0.1:3121
source C:/Users/20002890/MiniZED_FreeRTOS_Trace/MiniZED_FreeRTOS_Trace.sdk/design_1_wrapper_hw_platform_0/ps7_init.tcl
targets -set -nocase -filter {name =~"APU*" && jtag_cable_name =~ "Avnet MiniZed V1 1234-oj1A"} -index 0
rst -system
after 3000
targets -set -filter {jtag_cable_name =~ "Avnet MiniZed V1 1234-oj1A" && level==0} -index 1
fpga -file C:/Users/20002890/MiniZED_FreeRTOS_Trace/MiniZED_FreeRTOS_Trace.sdk/design_1_wrapper_hw_platform_0/design_1_wrapper.bit
targets -set -nocase -filter {name =~"APU*" && jtag_cable_name =~ "Avnet MiniZed V1 1234-oj1A"} -index 0
loadhw -hw C:/Users/20002890/MiniZED_FreeRTOS_Trace/MiniZED_FreeRTOS_Trace.sdk/design_1_wrapper_hw_platform_0/system.hdf -mem-ranges [list {0x40000000 0xbfffffff}]
configparams force-mem-access 1
targets -set -nocase -filter {name =~"APU*" && jtag_cable_name =~ "Avnet MiniZed V1 1234-oj1A"} -index 0
ps7_init
ps7_post_config
targets -set -nocase -filter {name =~ "ARM*#0" && jtag_cable_name =~ "Avnet MiniZed V1 1234-oj1A"} -index 0
dow C:/Users/20002890/MiniZED_FreeRTOS_Trace/MiniZED_FreeRTOS_Trace.sdk/FreeRTOS_Trace/Debug/FreeRTOS_Trace.elf
configparams force-mem-access 0
----------------End of Script----------------

22:57:09 INFO  : Memory regions updated for context APU
22:57:10 INFO  : Context for processor 'ps7_cortexa9_0' is selected.
22:57:10 INFO  : 'con' command is executed.
22:57:10 INFO  : ----------------XSDB Script (After Launch)----------------
targets -set -nocase -filter {name =~ "ARM*#0" && jtag_cable_name =~ "Avnet MiniZed V1 1234-oj1A"} -index 0
con
----------------End of Script----------------

22:57:10 INFO  : Launch script is exported to file 'C:\Users\20002890\MiniZED_FreeRTOS_Trace\MiniZED_FreeRTOS_Trace.sdk\.sdk\launch_scripts\xilinx_c-c++_application_(system_debugger)\system_debugger_using_debug_freertos_trace.elf_on_local.tcl'
22:59:30 INFO  : Disconnected from the channel tcfchan#4.
22:59:59 INFO  : Connected to target on host '127.0.0.1' and port '3121'.
23:00:00 INFO  : Jtag cable 'Avnet MiniZed V1 1234-oj1A' is selected.
23:00:00 INFO  : 'jtag frequency' command is executed.
23:00:00 INFO  : Sourcing of 'C:/Users/20002890/MiniZED_FreeRTOS_Trace/MiniZED_FreeRTOS_Trace.sdk/design_1_wrapper_hw_platform_0/ps7_init.tcl' is done.
23:00:00 INFO  : Context for 'APU' is selected.
23:00:00 INFO  : System reset is completed.
23:00:03 INFO  : 'after 3000' command is executed.
23:00:03 INFO  : 'targets -set -filter {jtag_cable_name =~ "Avnet MiniZed V1 1234-oj1A" && level==0} -index 1' command is executed.
23:00:04 INFO  : FPGA configured successfully with bitstream "C:/Users/20002890/MiniZED_FreeRTOS_Trace/MiniZED_FreeRTOS_Trace.sdk/design_1_wrapper_hw_platform_0/design_1_wrapper.bit"
23:00:04 INFO  : Context for 'APU' is selected.
23:00:04 INFO  : Hardware design information is loaded from 'C:/Users/20002890/MiniZED_FreeRTOS_Trace/MiniZED_FreeRTOS_Trace.sdk/design_1_wrapper_hw_platform_0/system.hdf'.
23:00:04 INFO  : 'configparams force-mem-access 1' command is executed.
23:00:04 INFO  : Context for 'APU' is selected.
23:00:05 INFO  : 'ps7_init' command is executed.
23:00:05 INFO  : 'ps7_post_config' command is executed.
23:00:05 INFO  : Context for processor 'ps7_cortexa9_0' is selected.
23:00:05 INFO  : The application 'C:/Users/20002890/MiniZED_FreeRTOS_Trace/MiniZED_FreeRTOS_Trace.sdk/FreeRTOS_Trace/Debug/FreeRTOS_Trace.elf' is downloaded to processor 'ps7_cortexa9_0'.
23:00:05 INFO  : 'configparams force-mem-access 0' command is executed.
23:00:05 INFO  : ----------------XSDB Script----------------
connect -url tcp:127.0.0.1:3121
source C:/Users/20002890/MiniZED_FreeRTOS_Trace/MiniZED_FreeRTOS_Trace.sdk/design_1_wrapper_hw_platform_0/ps7_init.tcl
targets -set -nocase -filter {name =~"APU*" && jtag_cable_name =~ "Avnet MiniZed V1 1234-oj1A"} -index 0
rst -system
after 3000
targets -set -filter {jtag_cable_name =~ "Avnet MiniZed V1 1234-oj1A" && level==0} -index 1
fpga -file C:/Users/20002890/MiniZED_FreeRTOS_Trace/MiniZED_FreeRTOS_Trace.sdk/design_1_wrapper_hw_platform_0/design_1_wrapper.bit
targets -set -nocase -filter {name =~"APU*" && jtag_cable_name =~ "Avnet MiniZed V1 1234-oj1A"} -index 0
loadhw -hw C:/Users/20002890/MiniZED_FreeRTOS_Trace/MiniZED_FreeRTOS_Trace.sdk/design_1_wrapper_hw_platform_0/system.hdf -mem-ranges [list {0x40000000 0xbfffffff}]
configparams force-mem-access 1
targets -set -nocase -filter {name =~"APU*" && jtag_cable_name =~ "Avnet MiniZed V1 1234-oj1A"} -index 0
ps7_init
ps7_post_config
targets -set -nocase -filter {name =~ "ARM*#0" && jtag_cable_name =~ "Avnet MiniZed V1 1234-oj1A"} -index 0
dow C:/Users/20002890/MiniZED_FreeRTOS_Trace/MiniZED_FreeRTOS_Trace.sdk/FreeRTOS_Trace/Debug/FreeRTOS_Trace.elf
configparams force-mem-access 0
----------------End of Script----------------

23:00:05 INFO  : Memory regions updated for context APU
23:00:05 INFO  : Context for processor 'ps7_cortexa9_0' is selected.
23:00:05 INFO  : 'con' command is executed.
23:00:05 INFO  : ----------------XSDB Script (After Launch)----------------
targets -set -nocase -filter {name =~ "ARM*#0" && jtag_cable_name =~ "Avnet MiniZed V1 1234-oj1A"} -index 0
con
----------------End of Script----------------

23:00:05 INFO  : Launch script is exported to file 'C:\Users\20002890\MiniZED_FreeRTOS_Trace\MiniZED_FreeRTOS_Trace.sdk\.sdk\launch_scripts\xilinx_c-c++_application_(system_debugger)\system_debugger_using_debug_freertos_trace.elf_on_local.tcl'
23:03:08 INFO  : Disconnected from the channel tcfchan#5.
23:03:09 INFO  : 'targets -set -filter {jtag_cable_name =~ "Avnet MiniZed V1 1234-oj1A" && level==0} -index 1' command is executed.
23:03:09 INFO  : 'fpga -state' command is executed.
23:03:09 INFO  : Connected to target on host '127.0.0.1' and port '3121'.
23:03:09 INFO  : Jtag cable 'Avnet MiniZed V1 1234-oj1A' is selected.
23:03:09 INFO  : 'jtag frequency' command is executed.
23:03:09 INFO  : Sourcing of 'C:/Users/20002890/MiniZED_FreeRTOS_Trace/MiniZED_FreeRTOS_Trace.sdk/design_1_wrapper_hw_platform_0/ps7_init.tcl' is done.
23:03:09 INFO  : Context for 'APU' is selected.
23:03:11 INFO  : Hardware design information is loaded from 'C:/Users/20002890/MiniZED_FreeRTOS_Trace/MiniZED_FreeRTOS_Trace.sdk/design_1_wrapper_hw_platform_0/system.hdf'.
23:03:11 INFO  : 'configparams force-mem-access 1' command is executed.
23:03:11 INFO  : Context for 'APU' is selected.
23:03:11 INFO  : 'stop' command is executed.
23:03:12 INFO  : 'ps7_init' command is executed.
23:03:12 INFO  : 'ps7_post_config' command is executed.
23:03:12 INFO  : Context for processor 'ps7_cortexa9_0' is selected.
23:03:12 INFO  : Processor reset is completed for 'ps7_cortexa9_0'.
23:03:12 INFO  : Context for processor 'ps7_cortexa9_0' is selected.
23:03:12 INFO  : The application 'C:/Users/20002890/MiniZED_FreeRTOS_Trace/MiniZED_FreeRTOS_Trace.sdk/FreeRTOS_Trace/Debug/FreeRTOS_Trace.elf' is downloaded to processor 'ps7_cortexa9_0'.
23:03:12 INFO  : 'configparams force-mem-access 0' command is executed.
23:03:12 INFO  : ----------------XSDB Script----------------
connect -url tcp:127.0.0.1:3121
source C:/Users/20002890/MiniZED_FreeRTOS_Trace/MiniZED_FreeRTOS_Trace.sdk/design_1_wrapper_hw_platform_0/ps7_init.tcl
targets -set -nocase -filter {name =~"APU*" && jtag_cable_name =~ "Avnet MiniZed V1 1234-oj1A"} -index 0
loadhw -hw C:/Users/20002890/MiniZED_FreeRTOS_Trace/MiniZED_FreeRTOS_Trace.sdk/design_1_wrapper_hw_platform_0/system.hdf -mem-ranges [list {0x40000000 0xbfffffff}]
configparams force-mem-access 1
targets -set -nocase -filter {name =~"APU*" && jtag_cable_name =~ "Avnet MiniZed V1 1234-oj1A"} -index 0
stop
ps7_init
ps7_post_config
targets -set -nocase -filter {name =~ "ARM*#0" && jtag_cable_name =~ "Avnet MiniZed V1 1234-oj1A"} -index 0
rst -processor
targets -set -nocase -filter {name =~ "ARM*#0" && jtag_cable_name =~ "Avnet MiniZed V1 1234-oj1A"} -index 0
dow C:/Users/20002890/MiniZED_FreeRTOS_Trace/MiniZED_FreeRTOS_Trace.sdk/FreeRTOS_Trace/Debug/FreeRTOS_Trace.elf
configparams force-mem-access 0
----------------End of Script----------------

23:03:13 INFO  : Memory regions updated for context APU
23:03:13 INFO  : Context for processor 'ps7_cortexa9_0' is selected.
23:03:13 INFO  : 'con' command is executed.
23:03:13 INFO  : ----------------XSDB Script (After Launch)----------------
targets -set -nocase -filter {name =~ "ARM*#0" && jtag_cable_name =~ "Avnet MiniZed V1 1234-oj1A"} -index 0
con
----------------End of Script----------------

23:03:13 INFO  : Launch script is exported to file 'C:\Users\20002890\MiniZED_FreeRTOS_Trace\MiniZED_FreeRTOS_Trace.sdk\.sdk\launch_scripts\xilinx_c-c++_application_(system_debugger)\system_debugger_using_debug_freertos_trace.elf_on_local.tcl'
23:05:16 INFO  : Dumping Memory Contents ...
23:05:16 INFO  : Dumped Memory Contents Successfully to C:\Github\Own\Embedded-Operating-System\Zynq\MiniZED_FreeRTOS_Trace\MiniZED_FreeRTOS_Trace.sdk\trace001.bin
23:06:04 INFO  : Disconnected from the channel tcfchan#6.
23:06:05 INFO  : 'targets -set -filter {jtag_cable_name =~ "Avnet MiniZed V1 1234-oj1A" && level==0} -index 1' command is executed.
23:06:05 INFO  : 'fpga -state' command is executed.
23:06:05 INFO  : Connected to target on host '127.0.0.1' and port '3121'.
23:06:05 INFO  : Jtag cable 'Avnet MiniZed V1 1234-oj1A' is selected.
23:06:05 INFO  : 'jtag frequency' command is executed.
23:06:05 INFO  : Sourcing of 'C:/Users/20002890/MiniZED_FreeRTOS_Trace/MiniZED_FreeRTOS_Trace.sdk/design_1_wrapper_hw_platform_0/ps7_init.tcl' is done.
23:06:05 INFO  : Context for 'APU' is selected.
23:06:08 INFO  : Hardware design information is loaded from 'C:/Users/20002890/MiniZED_FreeRTOS_Trace/MiniZED_FreeRTOS_Trace.sdk/design_1_wrapper_hw_platform_0/system.hdf'.
23:06:08 INFO  : 'configparams force-mem-access 1' command is executed.
23:06:08 INFO  : Context for 'APU' is selected.
23:06:08 INFO  : 'stop' command is executed.
23:06:08 INFO  : 'ps7_init' command is executed.
23:06:08 INFO  : 'ps7_post_config' command is executed.
23:06:08 INFO  : Context for processor 'ps7_cortexa9_0' is selected.
23:06:08 INFO  : Processor reset is completed for 'ps7_cortexa9_0'.
23:06:08 INFO  : Context for processor 'ps7_cortexa9_0' is selected.
23:06:09 INFO  : The application 'C:/Users/20002890/MiniZED_FreeRTOS_Trace/MiniZED_FreeRTOS_Trace.sdk/FreeRTOS_Trace/Debug/FreeRTOS_Trace.elf' is downloaded to processor 'ps7_cortexa9_0'.
23:06:09 INFO  : 'configparams force-mem-access 0' command is executed.
23:06:09 INFO  : ----------------XSDB Script----------------
connect -url tcp:127.0.0.1:3121
source C:/Users/20002890/MiniZED_FreeRTOS_Trace/MiniZED_FreeRTOS_Trace.sdk/design_1_wrapper_hw_platform_0/ps7_init.tcl
targets -set -nocase -filter {name =~"APU*" && jtag_cable_name =~ "Avnet MiniZed V1 1234-oj1A"} -index 0
loadhw -hw C:/Users/20002890/MiniZED_FreeRTOS_Trace/MiniZED_FreeRTOS_Trace.sdk/design_1_wrapper_hw_platform_0/system.hdf -mem-ranges [list {0x40000000 0xbfffffff}]
configparams force-mem-access 1
targets -set -nocase -filter {name =~"APU*" && jtag_cable_name =~ "Avnet MiniZed V1 1234-oj1A"} -index 0
stop
ps7_init
ps7_post_config
targets -set -nocase -filter {name =~ "ARM*#0" && jtag_cable_name =~ "Avnet MiniZed V1 1234-oj1A"} -index 0
rst -processor
targets -set -nocase -filter {name =~ "ARM*#0" && jtag_cable_name =~ "Avnet MiniZed V1 1234-oj1A"} -index 0
dow C:/Users/20002890/MiniZED_FreeRTOS_Trace/MiniZED_FreeRTOS_Trace.sdk/FreeRTOS_Trace/Debug/FreeRTOS_Trace.elf
configparams force-mem-access 0
----------------End of Script----------------

23:06:09 INFO  : Memory regions updated for context APU
23:06:09 INFO  : Context for processor 'ps7_cortexa9_0' is selected.
23:06:09 INFO  : 'con' command is executed.
23:06:09 INFO  : ----------------XSDB Script (After Launch)----------------
targets -set -nocase -filter {name =~ "ARM*#0" && jtag_cable_name =~ "Avnet MiniZed V1 1234-oj1A"} -index 0
con
----------------End of Script----------------

23:06:09 INFO  : Launch script is exported to file 'C:\Users\20002890\MiniZED_FreeRTOS_Trace\MiniZED_FreeRTOS_Trace.sdk\.sdk\launch_scripts\xilinx_c-c++_application_(system_debugger)\system_debugger_using_debug_freertos_trace.elf_on_local.tcl'
23:07:07 INFO  : Disconnected from the channel tcfchan#8.
23:07:08 INFO  : 'targets -set -filter {jtag_cable_name =~ "Avnet MiniZed V1 1234-oj1A" && level==0} -index 1' command is executed.
23:07:08 INFO  : 'fpga -state' command is executed.
23:07:08 INFO  : Connected to target on host '127.0.0.1' and port '3121'.
23:07:08 INFO  : Jtag cable 'Avnet MiniZed V1 1234-oj1A' is selected.
23:07:08 INFO  : 'jtag frequency' command is executed.
23:07:08 INFO  : Sourcing of 'C:/Users/20002890/MiniZED_FreeRTOS_Trace/MiniZED_FreeRTOS_Trace.sdk/design_1_wrapper_hw_platform_0/ps7_init.tcl' is done.
23:07:08 INFO  : Context for 'APU' is selected.
23:07:10 INFO  : Hardware design information is loaded from 'C:/Users/20002890/MiniZED_FreeRTOS_Trace/MiniZED_FreeRTOS_Trace.sdk/design_1_wrapper_hw_platform_0/system.hdf'.
23:07:10 INFO  : 'configparams force-mem-access 1' command is executed.
23:07:10 INFO  : Context for 'APU' is selected.
23:07:10 INFO  : 'stop' command is executed.
23:07:11 INFO  : 'ps7_init' command is executed.
23:07:11 INFO  : 'ps7_post_config' command is executed.
23:07:11 INFO  : Context for processor 'ps7_cortexa9_0' is selected.
23:07:11 INFO  : Processor reset is completed for 'ps7_cortexa9_0'.
23:07:11 INFO  : Context for processor 'ps7_cortexa9_0' is selected.
23:07:11 INFO  : The application 'C:/Users/20002890/MiniZED_FreeRTOS_Trace/MiniZED_FreeRTOS_Trace.sdk/FreeRTOS_Trace/Debug/FreeRTOS_Trace.elf' is downloaded to processor 'ps7_cortexa9_0'.
23:07:11 INFO  : 'configparams force-mem-access 0' command is executed.
23:07:11 INFO  : ----------------XSDB Script----------------
connect -url tcp:127.0.0.1:3121
source C:/Users/20002890/MiniZED_FreeRTOS_Trace/MiniZED_FreeRTOS_Trace.sdk/design_1_wrapper_hw_platform_0/ps7_init.tcl
targets -set -nocase -filter {name =~"APU*" && jtag_cable_name =~ "Avnet MiniZed V1 1234-oj1A"} -index 0
loadhw -hw C:/Users/20002890/MiniZED_FreeRTOS_Trace/MiniZED_FreeRTOS_Trace.sdk/design_1_wrapper_hw_platform_0/system.hdf -mem-ranges [list {0x40000000 0xbfffffff}]
configparams force-mem-access 1
targets -set -nocase -filter {name =~"APU*" && jtag_cable_name =~ "Avnet MiniZed V1 1234-oj1A"} -index 0
stop
ps7_init
ps7_post_config
targets -set -nocase -filter {name =~ "ARM*#0" && jtag_cable_name =~ "Avnet MiniZed V1 1234-oj1A"} -index 0
rst -processor
targets -set -nocase -filter {name =~ "ARM*#0" && jtag_cable_name =~ "Avnet MiniZed V1 1234-oj1A"} -index 0
dow C:/Users/20002890/MiniZED_FreeRTOS_Trace/MiniZED_FreeRTOS_Trace.sdk/FreeRTOS_Trace/Debug/FreeRTOS_Trace.elf
configparams force-mem-access 0
----------------End of Script----------------

23:07:11 INFO  : Memory regions updated for context APU
23:07:11 INFO  : Context for processor 'ps7_cortexa9_0' is selected.
23:07:11 INFO  : 'con' command is executed.
23:07:11 INFO  : ----------------XSDB Script (After Launch)----------------
targets -set -nocase -filter {name =~ "ARM*#0" && jtag_cable_name =~ "Avnet MiniZed V1 1234-oj1A"} -index 0
con
----------------End of Script----------------

23:07:11 INFO  : Launch script is exported to file 'C:\Users\20002890\MiniZED_FreeRTOS_Trace\MiniZED_FreeRTOS_Trace.sdk\.sdk\launch_scripts\xilinx_c-c++_application_(system_debugger)\system_debugger_using_debug_freertos_trace.elf_on_local.tcl'
23:07:35 INFO  : Registering command handlers for SDK TCF services
23:07:38 INFO  : Launching XSCT server: xsct.bat -interactive C:\Users\20002890\MiniZED_FreeRTOS_Trace\MiniZED_FreeRTOS_Trace.sdk\temp_xsdb_launch_script.tcl
23:07:44 INFO  : XSCT server has started successfully.
23:07:46 INFO  : Successfully done setting XSCT server connection channel  
23:07:46 INFO  : Successfully done setting SDK workspace  
23:08:40 INFO  : Connected to target on host '127.0.0.1' and port '3121'.
23:08:41 INFO  : Jtag cable 'Avnet MiniZed V1 1234-oj1A' is selected.
23:08:41 INFO  : 'jtag frequency' command is executed.
23:08:41 INFO  : Sourcing of 'C:/Users/20002890/MiniZED_FreeRTOS_Trace/MiniZED_FreeRTOS_Trace.sdk/design_1_wrapper_hw_platform_0/ps7_init.tcl' is done.
23:08:42 INFO  : Context for 'APU' is selected.
23:08:42 INFO  : System reset is completed.
23:08:45 INFO  : 'after 3000' command is executed.
23:08:45 INFO  : 'targets -set -filter {jtag_cable_name =~ "Avnet MiniZed V1 1234-oj1A" && level==0} -index 1' command is executed.
23:08:47 INFO  : FPGA configured successfully with bitstream "C:/Users/20002890/MiniZED_FreeRTOS_Trace/MiniZED_FreeRTOS_Trace.sdk/design_1_wrapper_hw_platform_0/design_1_wrapper.bit"
23:08:47 INFO  : Context for 'APU' is selected.
23:08:47 INFO  : Hardware design information is loaded from 'C:/Users/20002890/MiniZED_FreeRTOS_Trace/MiniZED_FreeRTOS_Trace.sdk/design_1_wrapper_hw_platform_0/system.hdf'.
23:08:47 INFO  : 'configparams force-mem-access 1' command is executed.
23:08:47 INFO  : Context for 'APU' is selected.
23:08:48 INFO  : 'ps7_init' command is executed.
23:08:48 INFO  : 'ps7_post_config' command is executed.
23:08:48 INFO  : Context for processor 'ps7_cortexa9_0' is selected.
23:08:48 INFO  : The application 'C:/Users/20002890/MiniZED_FreeRTOS_Trace/MiniZED_FreeRTOS_Trace.sdk/FreeRTOS_Trace/Debug/FreeRTOS_Trace.elf' is downloaded to processor 'ps7_cortexa9_0'.
23:08:48 INFO  : 'configparams force-mem-access 0' command is executed.
23:08:48 INFO  : ----------------XSDB Script----------------
connect -url tcp:127.0.0.1:3121
source C:/Users/20002890/MiniZED_FreeRTOS_Trace/MiniZED_FreeRTOS_Trace.sdk/design_1_wrapper_hw_platform_0/ps7_init.tcl
targets -set -nocase -filter {name =~"APU*" && jtag_cable_name =~ "Avnet MiniZed V1 1234-oj1A"} -index 0
rst -system
after 3000
targets -set -filter {jtag_cable_name =~ "Avnet MiniZed V1 1234-oj1A" && level==0} -index 1
fpga -file C:/Users/20002890/MiniZED_FreeRTOS_Trace/MiniZED_FreeRTOS_Trace.sdk/design_1_wrapper_hw_platform_0/design_1_wrapper.bit
targets -set -nocase -filter {name =~"APU*" && jtag_cable_name =~ "Avnet MiniZed V1 1234-oj1A"} -index 0
loadhw -hw C:/Users/20002890/MiniZED_FreeRTOS_Trace/MiniZED_FreeRTOS_Trace.sdk/design_1_wrapper_hw_platform_0/system.hdf -mem-ranges [list {0x40000000 0xbfffffff}]
configparams force-mem-access 1
targets -set -nocase -filter {name =~"APU*" && jtag_cable_name =~ "Avnet MiniZed V1 1234-oj1A"} -index 0
ps7_init
ps7_post_config
targets -set -nocase -filter {name =~ "ARM*#0" && jtag_cable_name =~ "Avnet MiniZed V1 1234-oj1A"} -index 0
dow C:/Users/20002890/MiniZED_FreeRTOS_Trace/MiniZED_FreeRTOS_Trace.sdk/FreeRTOS_Trace/Debug/FreeRTOS_Trace.elf
configparams force-mem-access 0
----------------End of Script----------------

23:10:50 INFO  : Disconnected from the channel tcfchan#1.
23:10:54 INFO  : Connected to target on host '127.0.0.1' and port '3121'.
23:10:55 INFO  : Jtag cable 'Avnet MiniZed V1 1234-oj1A' is selected.
23:10:55 INFO  : 'jtag frequency' command is executed.
23:10:55 INFO  : Sourcing of 'C:/Users/20002890/MiniZED_FreeRTOS_Trace/MiniZED_FreeRTOS_Trace.sdk/design_1_wrapper_hw_platform_0/ps7_init.tcl' is done.
23:10:55 INFO  : Context for 'APU' is selected.
23:10:55 INFO  : System reset is completed.
23:10:58 INFO  : 'after 3000' command is executed.
23:10:58 INFO  : 'targets -set -filter {jtag_cable_name =~ "Avnet MiniZed V1 1234-oj1A" && level==0} -index 1' command is executed.
23:10:59 INFO  : FPGA configured successfully with bitstream "C:/Users/20002890/MiniZED_FreeRTOS_Trace/MiniZED_FreeRTOS_Trace.sdk/design_1_wrapper_hw_platform_0/design_1_wrapper.bit"
23:11:00 INFO  : Context for 'APU' is selected.
23:11:02 INFO  : Hardware design information is loaded from 'C:/Users/20002890/MiniZED_FreeRTOS_Trace/MiniZED_FreeRTOS_Trace.sdk/design_1_wrapper_hw_platform_0/system.hdf'.
23:11:02 INFO  : 'configparams force-mem-access 1' command is executed.
23:11:02 INFO  : Context for 'APU' is selected.
23:11:03 INFO  : 'ps7_init' command is executed.
23:11:03 INFO  : 'ps7_post_config' command is executed.
23:11:03 INFO  : Context for processor 'ps7_cortexa9_0' is selected.
23:11:03 INFO  : The application 'C:/Users/20002890/MiniZED_FreeRTOS_Trace/MiniZED_FreeRTOS_Trace.sdk/FreeRTOS_Trace/Debug/FreeRTOS_Trace.elf' is downloaded to processor 'ps7_cortexa9_0'.
23:11:03 INFO  : 'configparams force-mem-access 0' command is executed.
23:11:03 INFO  : ----------------XSDB Script----------------
connect -url tcp:127.0.0.1:3121
source C:/Users/20002890/MiniZED_FreeRTOS_Trace/MiniZED_FreeRTOS_Trace.sdk/design_1_wrapper_hw_platform_0/ps7_init.tcl
targets -set -nocase -filter {name =~"APU*" && jtag_cable_name =~ "Avnet MiniZed V1 1234-oj1A"} -index 0
rst -system
after 3000
targets -set -filter {jtag_cable_name =~ "Avnet MiniZed V1 1234-oj1A" && level==0} -index 1
fpga -file C:/Users/20002890/MiniZED_FreeRTOS_Trace/MiniZED_FreeRTOS_Trace.sdk/design_1_wrapper_hw_platform_0/design_1_wrapper.bit
targets -set -nocase -filter {name =~"APU*" && jtag_cable_name =~ "Avnet MiniZed V1 1234-oj1A"} -index 0
loadhw -hw C:/Users/20002890/MiniZED_FreeRTOS_Trace/MiniZED_FreeRTOS_Trace.sdk/design_1_wrapper_hw_platform_0/system.hdf -mem-ranges [list {0x40000000 0xbfffffff}]
configparams force-mem-access 1
targets -set -nocase -filter {name =~"APU*" && jtag_cable_name =~ "Avnet MiniZed V1 1234-oj1A"} -index 0
ps7_init
ps7_post_config
targets -set -nocase -filter {name =~ "ARM*#0" && jtag_cable_name =~ "Avnet MiniZed V1 1234-oj1A"} -index 0
dow C:/Users/20002890/MiniZED_FreeRTOS_Trace/MiniZED_FreeRTOS_Trace.sdk/FreeRTOS_Trace/Debug/FreeRTOS_Trace.elf
configparams force-mem-access 0
----------------End of Script----------------

23:12:21 INFO  : Disconnected from the channel tcfchan#2.
23:12:26 INFO  : Connected to target on host '127.0.0.1' and port '3121'.
23:12:26 INFO  : Jtag cable 'Avnet MiniZed V1 1234-oj1A' is selected.
23:12:26 INFO  : 'jtag frequency' command is executed.
23:12:26 INFO  : Sourcing of 'C:/Users/20002890/MiniZED_FreeRTOS_Trace/MiniZED_FreeRTOS_Trace.sdk/design_1_wrapper_hw_platform_0/ps7_init.tcl' is done.
23:12:26 INFO  : Context for 'APU' is selected.
23:12:26 INFO  : System reset is completed.
23:12:29 INFO  : 'after 3000' command is executed.
23:12:29 INFO  : 'targets -set -filter {jtag_cable_name =~ "Avnet MiniZed V1 1234-oj1A" && level==0} -index 1' command is executed.
23:12:31 INFO  : FPGA configured successfully with bitstream "C:/Users/20002890/MiniZED_FreeRTOS_Trace/MiniZED_FreeRTOS_Trace.sdk/design_1_wrapper_hw_platform_0/design_1_wrapper.bit"
23:12:31 INFO  : Context for 'APU' is selected.
23:12:34 INFO  : Hardware design information is loaded from 'C:/Users/20002890/MiniZED_FreeRTOS_Trace/MiniZED_FreeRTOS_Trace.sdk/design_1_wrapper_hw_platform_0/system.hdf'.
23:12:34 INFO  : 'configparams force-mem-access 1' command is executed.
23:12:34 INFO  : Context for 'APU' is selected.
23:12:34 INFO  : 'ps7_init' command is executed.
23:12:34 INFO  : 'ps7_post_config' command is executed.
23:12:34 INFO  : Context for processor 'ps7_cortexa9_0' is selected.
23:12:35 INFO  : The application 'C:/Users/20002890/MiniZED_FreeRTOS_Trace/MiniZED_FreeRTOS_Trace.sdk/FreeRTOS_Trace/Debug/FreeRTOS_Trace.elf' is downloaded to processor 'ps7_cortexa9_0'.
23:12:35 INFO  : 'configparams force-mem-access 0' command is executed.
23:12:35 INFO  : ----------------XSDB Script----------------
connect -url tcp:127.0.0.1:3121
source C:/Users/20002890/MiniZED_FreeRTOS_Trace/MiniZED_FreeRTOS_Trace.sdk/design_1_wrapper_hw_platform_0/ps7_init.tcl
targets -set -nocase -filter {name =~"APU*" && jtag_cable_name =~ "Avnet MiniZed V1 1234-oj1A"} -index 0
rst -system
after 3000
targets -set -filter {jtag_cable_name =~ "Avnet MiniZed V1 1234-oj1A" && level==0} -index 1
fpga -file C:/Users/20002890/MiniZED_FreeRTOS_Trace/MiniZED_FreeRTOS_Trace.sdk/design_1_wrapper_hw_platform_0/design_1_wrapper.bit
targets -set -nocase -filter {name =~"APU*" && jtag_cable_name =~ "Avnet MiniZed V1 1234-oj1A"} -index 0
loadhw -hw C:/Users/20002890/MiniZED_FreeRTOS_Trace/MiniZED_FreeRTOS_Trace.sdk/design_1_wrapper_hw_platform_0/system.hdf -mem-ranges [list {0x40000000 0xbfffffff}]
configparams force-mem-access 1
targets -set -nocase -filter {name =~"APU*" && jtag_cable_name =~ "Avnet MiniZed V1 1234-oj1A"} -index 0
ps7_init
ps7_post_config
targets -set -nocase -filter {name =~ "ARM*#0" && jtag_cable_name =~ "Avnet MiniZed V1 1234-oj1A"} -index 0
dow C:/Users/20002890/MiniZED_FreeRTOS_Trace/MiniZED_FreeRTOS_Trace.sdk/FreeRTOS_Trace/Debug/FreeRTOS_Trace.elf
configparams force-mem-access 0
----------------End of Script----------------

23:22:47 ERROR : (XSDB Server)invalid command name "task-stats"

23:23:06 ERROR : (XSDB Server)wrong # args: should be "device subcommand ?argument ...?"

23:23:19 ERROR : (XSDB Server)invalid command name "task-stats"

23:23:51 ERROR : (XSDB Server)invalid command name "task"

23:23:56 ERROR : (XSDB Server)invalid command name "memory"

