11:29:00 INFO  : Registering command handlers for SDK TCF services
11:29:01 INFO  : Launching XSCT server: xsct.bat -interactive D:\FPGA\ZYBO_UDP\ZYBO_UDP.sdk\temp_xsdb_launch_script.tcl
11:29:06 INFO  : XSCT server has started successfully.
11:29:08 INFO  : Successfully done setting XSCT server connection channel  
11:29:08 INFO  : Processing command line option -hwspec D:/FPGA/ZYBO_UDP/ZYBO_UDP.sdk/design_1_wrapper.hdf.
11:29:08 INFO  : Successfully done setting SDK workspace  
12:19:46 INFO  : Connected to target on host '127.0.0.1' and port '3121'.
12:19:46 INFO  : 'targets -set -filter {jtag_cable_name =~ "Digilent Zybo 210279574222A" && level==0} -index 1' command is executed.
12:19:48 INFO  : FPGA configured successfully with bitstream "D:/FPGA/ZYBO_UDP/ZYBO_UDP.sdk/design_1_wrapper_hw_platform_0/design_1_wrapper.bit"
12:23:48 INFO  : 'targets -set -filter {jtag_cable_name =~ "Digilent Zybo 210279574222A" && level==0} -index 1' command is executed.
12:23:48 INFO  : 'fpga -state' command is executed.
12:23:48 INFO  : Connected to target on host '127.0.0.1' and port '3121'.
12:23:48 INFO  : Jtag cable 'Digilent Zybo 210279574222A' is selected.
12:23:48 INFO  : 'jtag frequency' command is executed.
12:23:48 INFO  : Sourcing of 'D:/FPGA/ZYBO_UDP/ZYBO_UDP.sdk/design_1_wrapper_hw_platform_0/ps7_init.tcl' is done.
12:23:48 INFO  : Context for 'APU' is selected.
12:23:48 INFO  : Hardware design information is loaded from 'D:/FPGA/ZYBO_UDP/ZYBO_UDP.sdk/design_1_wrapper_hw_platform_0/system.hdf'.
12:23:48 INFO  : 'configparams force-mem-access 1' command is executed.
12:23:48 INFO  : Context for 'APU' is selected.
12:23:48 INFO  : 'stop' command is executed.
12:23:49 INFO  : 'ps7_init' command is executed.
12:23:49 INFO  : 'ps7_post_config' command is executed.
12:23:49 INFO  : Context for processor 'ps7_cortexa9_0' is selected.
12:23:49 INFO  : Processor reset is completed for 'ps7_cortexa9_0'.
12:23:49 INFO  : Context for processor 'ps7_cortexa9_0' is selected.
12:23:50 INFO  : The application 'D:/FPGA/ZYBO_UDP/ZYBO_UDP.sdk/ZYBO_UDP/Debug/ZYBO_UDP.elf' is downloaded to processor 'ps7_cortexa9_0'.
12:23:50 INFO  : 'configparams force-mem-access 0' command is executed.
12:23:50 INFO  : ----------------XSDB Script----------------
connect -url tcp:127.0.0.1:3121
source D:/FPGA/ZYBO_UDP/ZYBO_UDP.sdk/design_1_wrapper_hw_platform_0/ps7_init.tcl
targets -set -nocase -filter {name =~"APU*" && jtag_cable_name =~ "Digilent Zybo 210279574222A"} -index 0
loadhw -hw D:/FPGA/ZYBO_UDP/ZYBO_UDP.sdk/design_1_wrapper_hw_platform_0/system.hdf -mem-ranges [list {0x40000000 0xbfffffff}]
configparams force-mem-access 1
targets -set -nocase -filter {name =~"APU*" && jtag_cable_name =~ "Digilent Zybo 210279574222A"} -index 0
stop
ps7_init
ps7_post_config
targets -set -nocase -filter {name =~ "ARM*#0" && jtag_cable_name =~ "Digilent Zybo 210279574222A"} -index 0
rst -processor
targets -set -nocase -filter {name =~ "ARM*#0" && jtag_cable_name =~ "Digilent Zybo 210279574222A"} -index 0
dow D:/FPGA/ZYBO_UDP/ZYBO_UDP.sdk/ZYBO_UDP/Debug/ZYBO_UDP.elf
configparams force-mem-access 0
----------------End of Script----------------

12:23:50 INFO  : Memory regions updated for context APU
12:23:50 INFO  : Context for processor 'ps7_cortexa9_0' is selected.
12:23:50 INFO  : 'con' command is executed.
12:23:50 INFO  : ----------------XSDB Script (After Launch)----------------
targets -set -nocase -filter {name =~ "ARM*#0" && jtag_cable_name =~ "Digilent Zybo 210279574222A"} -index 0
con
----------------End of Script----------------

12:23:50 INFO  : Launch script is exported to file 'D:\FPGA\ZYBO_UDP\ZYBO_UDP.sdk\.sdk\launch_scripts\xilinx_c-c++_application_(system_debugger)\system_debugger_using_debug_zybo_udp.elf_on_local.tcl'
12:25:31 INFO  : Disconnected from the channel tcfchan#1.
12:25:32 INFO  : 'targets -set -filter {jtag_cable_name =~ "Digilent Zybo 210279574222A" && level==0} -index 1' command is executed.
12:25:32 INFO  : 'fpga -state' command is executed.
12:25:32 INFO  : Connected to target on host '127.0.0.1' and port '3121'.
12:25:33 INFO  : Jtag cable 'Digilent Zybo 210279574222A' is selected.
12:25:33 INFO  : 'jtag frequency' command is executed.
12:25:33 INFO  : Sourcing of 'D:/FPGA/ZYBO_UDP/ZYBO_UDP.sdk/design_1_wrapper_hw_platform_0/ps7_init.tcl' is done.
12:25:33 INFO  : Context for 'APU' is selected.
12:25:35 INFO  : Hardware design information is loaded from 'D:/FPGA/ZYBO_UDP/ZYBO_UDP.sdk/design_1_wrapper_hw_platform_0/system.hdf'.
12:25:35 INFO  : 'configparams force-mem-access 1' command is executed.
12:25:35 INFO  : Context for 'APU' is selected.
12:25:35 INFO  : 'stop' command is executed.
12:25:36 INFO  : 'ps7_init' command is executed.
12:25:36 INFO  : 'ps7_post_config' command is executed.
12:25:36 INFO  : Context for processor 'ps7_cortexa9_0' is selected.
12:25:36 INFO  : Processor reset is completed for 'ps7_cortexa9_0'.
12:25:36 INFO  : Context for processor 'ps7_cortexa9_0' is selected.
12:25:36 INFO  : The application 'D:/FPGA/ZYBO_UDP/ZYBO_UDP.sdk/ZYBO_UDP/Debug/ZYBO_UDP.elf' is downloaded to processor 'ps7_cortexa9_0'.
12:25:36 INFO  : 'configparams force-mem-access 0' command is executed.
12:25:36 INFO  : ----------------XSDB Script----------------
connect -url tcp:127.0.0.1:3121
source D:/FPGA/ZYBO_UDP/ZYBO_UDP.sdk/design_1_wrapper_hw_platform_0/ps7_init.tcl
targets -set -nocase -filter {name =~"APU*" && jtag_cable_name =~ "Digilent Zybo 210279574222A"} -index 0
loadhw -hw D:/FPGA/ZYBO_UDP/ZYBO_UDP.sdk/design_1_wrapper_hw_platform_0/system.hdf -mem-ranges [list {0x40000000 0xbfffffff}]
configparams force-mem-access 1
targets -set -nocase -filter {name =~"APU*" && jtag_cable_name =~ "Digilent Zybo 210279574222A"} -index 0
stop
ps7_init
ps7_post_config
targets -set -nocase -filter {name =~ "ARM*#0" && jtag_cable_name =~ "Digilent Zybo 210279574222A"} -index 0
rst -processor
targets -set -nocase -filter {name =~ "ARM*#0" && jtag_cable_name =~ "Digilent Zybo 210279574222A"} -index 0
dow D:/FPGA/ZYBO_UDP/ZYBO_UDP.sdk/ZYBO_UDP/Debug/ZYBO_UDP.elf
configparams force-mem-access 0
----------------End of Script----------------

12:25:36 INFO  : Memory regions updated for context APU
12:25:36 INFO  : Context for processor 'ps7_cortexa9_0' is selected.
12:25:36 INFO  : 'con' command is executed.
12:25:36 INFO  : ----------------XSDB Script (After Launch)----------------
targets -set -nocase -filter {name =~ "ARM*#0" && jtag_cable_name =~ "Digilent Zybo 210279574222A"} -index 0
con
----------------End of Script----------------

12:25:36 INFO  : Launch script is exported to file 'D:\FPGA\ZYBO_UDP\ZYBO_UDP.sdk\.sdk\launch_scripts\xilinx_c-c++_application_(system_debugger)\system_debugger_using_debug_zybo_udp.elf_on_local.tcl'
12:34:20 INFO  : Disconnected from the channel tcfchan#2.
12:34:21 INFO  : 'targets -set -filter {jtag_cable_name =~ "Digilent Zybo 210279574222A" && level==0} -index 1' command is executed.
12:34:21 INFO  : 'fpga -state' command is executed.
12:34:21 INFO  : Connected to target on host '127.0.0.1' and port '3121'.
12:34:22 INFO  : Jtag cable 'Digilent Zybo 210279574222A' is selected.
12:34:22 INFO  : 'jtag frequency' command is executed.
12:34:22 INFO  : Sourcing of 'D:/FPGA/ZYBO_UDP/ZYBO_UDP.sdk/design_1_wrapper_hw_platform_0/ps7_init.tcl' is done.
12:34:22 INFO  : Context for 'APU' is selected.
12:34:24 INFO  : Hardware design information is loaded from 'D:/FPGA/ZYBO_UDP/ZYBO_UDP.sdk/design_1_wrapper_hw_platform_0/system.hdf'.
12:34:24 INFO  : 'configparams force-mem-access 1' command is executed.
12:34:24 INFO  : Context for 'APU' is selected.
12:34:24 INFO  : 'stop' command is executed.
12:34:25 INFO  : 'ps7_init' command is executed.
12:34:25 INFO  : 'ps7_post_config' command is executed.
12:34:25 INFO  : Context for processor 'ps7_cortexa9_0' is selected.
12:34:25 INFO  : Processor reset is completed for 'ps7_cortexa9_0'.
12:34:25 INFO  : Context for processor 'ps7_cortexa9_0' is selected.
12:34:25 INFO  : The application 'D:/FPGA/ZYBO_UDP/ZYBO_UDP.sdk/ZYBO_UDP/Debug/ZYBO_UDP.elf' is downloaded to processor 'ps7_cortexa9_0'.
12:34:25 INFO  : 'configparams force-mem-access 0' command is executed.
12:34:25 INFO  : ----------------XSDB Script----------------
connect -url tcp:127.0.0.1:3121
source D:/FPGA/ZYBO_UDP/ZYBO_UDP.sdk/design_1_wrapper_hw_platform_0/ps7_init.tcl
targets -set -nocase -filter {name =~"APU*" && jtag_cable_name =~ "Digilent Zybo 210279574222A"} -index 0
loadhw -hw D:/FPGA/ZYBO_UDP/ZYBO_UDP.sdk/design_1_wrapper_hw_platform_0/system.hdf -mem-ranges [list {0x40000000 0xbfffffff}]
configparams force-mem-access 1
targets -set -nocase -filter {name =~"APU*" && jtag_cable_name =~ "Digilent Zybo 210279574222A"} -index 0
stop
ps7_init
ps7_post_config
targets -set -nocase -filter {name =~ "ARM*#0" && jtag_cable_name =~ "Digilent Zybo 210279574222A"} -index 0
rst -processor
targets -set -nocase -filter {name =~ "ARM*#0" && jtag_cable_name =~ "Digilent Zybo 210279574222A"} -index 0
dow D:/FPGA/ZYBO_UDP/ZYBO_UDP.sdk/ZYBO_UDP/Debug/ZYBO_UDP.elf
configparams force-mem-access 0
----------------End of Script----------------

12:34:25 INFO  : Memory regions updated for context APU
12:34:25 INFO  : Context for processor 'ps7_cortexa9_0' is selected.
12:34:25 INFO  : 'con' command is executed.
12:34:25 INFO  : ----------------XSDB Script (After Launch)----------------
targets -set -nocase -filter {name =~ "ARM*#0" && jtag_cable_name =~ "Digilent Zybo 210279574222A"} -index 0
con
----------------End of Script----------------

12:34:25 INFO  : Launch script is exported to file 'D:\FPGA\ZYBO_UDP\ZYBO_UDP.sdk\.sdk\launch_scripts\xilinx_c-c++_application_(system_debugger)\system_debugger_using_debug_zybo_udp.elf_on_local.tcl'
12:37:38 INFO  : Disconnected from the channel tcfchan#3.
12:37:39 INFO  : 'targets -set -filter {jtag_cable_name =~ "Digilent Zybo 210279574222A" && level==0} -index 1' command is executed.
12:37:39 INFO  : 'fpga -state' command is executed.
12:37:39 INFO  : Connected to target on host '127.0.0.1' and port '3121'.
12:37:40 INFO  : Jtag cable 'Digilent Zybo 210279574222A' is selected.
12:37:40 INFO  : 'jtag frequency' command is executed.
12:37:40 INFO  : Sourcing of 'D:/FPGA/ZYBO_UDP/ZYBO_UDP.sdk/design_1_wrapper_hw_platform_0/ps7_init.tcl' is done.
12:37:40 INFO  : Context for 'APU' is selected.
12:37:42 INFO  : Hardware design information is loaded from 'D:/FPGA/ZYBO_UDP/ZYBO_UDP.sdk/design_1_wrapper_hw_platform_0/system.hdf'.
12:37:42 INFO  : 'configparams force-mem-access 1' command is executed.
12:37:42 INFO  : Context for 'APU' is selected.
12:37:42 INFO  : 'stop' command is executed.
12:37:43 INFO  : 'ps7_init' command is executed.
12:37:43 INFO  : 'ps7_post_config' command is executed.
12:37:43 INFO  : Context for processor 'ps7_cortexa9_0' is selected.
12:37:43 INFO  : Processor reset is completed for 'ps7_cortexa9_0'.
12:37:43 INFO  : Context for processor 'ps7_cortexa9_0' is selected.
12:37:43 INFO  : The application 'D:/FPGA/ZYBO_UDP/ZYBO_UDP.sdk/ZYBO_UDP/Debug/ZYBO_UDP.elf' is downloaded to processor 'ps7_cortexa9_0'.
12:37:43 INFO  : 'configparams force-mem-access 0' command is executed.
12:37:43 INFO  : ----------------XSDB Script----------------
connect -url tcp:127.0.0.1:3121
source D:/FPGA/ZYBO_UDP/ZYBO_UDP.sdk/design_1_wrapper_hw_platform_0/ps7_init.tcl
targets -set -nocase -filter {name =~"APU*" && jtag_cable_name =~ "Digilent Zybo 210279574222A"} -index 0
loadhw -hw D:/FPGA/ZYBO_UDP/ZYBO_UDP.sdk/design_1_wrapper_hw_platform_0/system.hdf -mem-ranges [list {0x40000000 0xbfffffff}]
configparams force-mem-access 1
targets -set -nocase -filter {name =~"APU*" && jtag_cable_name =~ "Digilent Zybo 210279574222A"} -index 0
stop
ps7_init
ps7_post_config
targets -set -nocase -filter {name =~ "ARM*#0" && jtag_cable_name =~ "Digilent Zybo 210279574222A"} -index 0
rst -processor
targets -set -nocase -filter {name =~ "ARM*#0" && jtag_cable_name =~ "Digilent Zybo 210279574222A"} -index 0
dow D:/FPGA/ZYBO_UDP/ZYBO_UDP.sdk/ZYBO_UDP/Debug/ZYBO_UDP.elf
configparams force-mem-access 0
----------------End of Script----------------

12:37:44 INFO  : Memory regions updated for context APU
12:37:44 INFO  : Context for processor 'ps7_cortexa9_0' is selected.
12:37:44 INFO  : 'con' command is executed.
12:37:44 INFO  : ----------------XSDB Script (After Launch)----------------
targets -set -nocase -filter {name =~ "ARM*#0" && jtag_cable_name =~ "Digilent Zybo 210279574222A"} -index 0
con
----------------End of Script----------------

12:37:44 INFO  : Launch script is exported to file 'D:\FPGA\ZYBO_UDP\ZYBO_UDP.sdk\.sdk\launch_scripts\xilinx_c-c++_application_(system_debugger)\system_debugger_using_debug_zybo_udp.elf_on_local.tcl'
12:43:37 INFO  : Disconnected from the channel tcfchan#4.
12:43:38 INFO  : 'targets -set -filter {jtag_cable_name =~ "Digilent Zybo 210279574222A" && level==0} -index 1' command is executed.
12:43:38 INFO  : 'fpga -state' command is executed.
12:43:38 INFO  : Connected to target on host '127.0.0.1' and port '3121'.
12:43:38 INFO  : Jtag cable 'Digilent Zybo 210279574222A' is selected.
12:43:38 INFO  : 'jtag frequency' command is executed.
12:43:38 INFO  : Sourcing of 'D:/FPGA/ZYBO_UDP/ZYBO_UDP.sdk/design_1_wrapper_hw_platform_0/ps7_init.tcl' is done.
12:43:38 INFO  : Context for 'APU' is selected.
12:43:41 INFO  : Hardware design information is loaded from 'D:/FPGA/ZYBO_UDP/ZYBO_UDP.sdk/design_1_wrapper_hw_platform_0/system.hdf'.
12:43:41 INFO  : 'configparams force-mem-access 1' command is executed.
12:43:41 INFO  : Context for 'APU' is selected.
12:43:41 INFO  : 'stop' command is executed.
12:43:41 INFO  : 'ps7_init' command is executed.
12:43:41 INFO  : 'ps7_post_config' command is executed.
12:43:41 INFO  : Context for processor 'ps7_cortexa9_0' is selected.
12:43:41 INFO  : Processor reset is completed for 'ps7_cortexa9_0'.
12:43:41 INFO  : Context for processor 'ps7_cortexa9_0' is selected.
12:43:42 INFO  : The application 'D:/FPGA/ZYBO_UDP/ZYBO_UDP.sdk/ZYBO_UDP/Debug/ZYBO_UDP.elf' is downloaded to processor 'ps7_cortexa9_0'.
12:43:42 INFO  : 'configparams force-mem-access 0' command is executed.
12:43:42 INFO  : ----------------XSDB Script----------------
connect -url tcp:127.0.0.1:3121
source D:/FPGA/ZYBO_UDP/ZYBO_UDP.sdk/design_1_wrapper_hw_platform_0/ps7_init.tcl
targets -set -nocase -filter {name =~"APU*" && jtag_cable_name =~ "Digilent Zybo 210279574222A"} -index 0
loadhw -hw D:/FPGA/ZYBO_UDP/ZYBO_UDP.sdk/design_1_wrapper_hw_platform_0/system.hdf -mem-ranges [list {0x40000000 0xbfffffff}]
configparams force-mem-access 1
targets -set -nocase -filter {name =~"APU*" && jtag_cable_name =~ "Digilent Zybo 210279574222A"} -index 0
stop
ps7_init
ps7_post_config
targets -set -nocase -filter {name =~ "ARM*#0" && jtag_cable_name =~ "Digilent Zybo 210279574222A"} -index 0
rst -processor
targets -set -nocase -filter {name =~ "ARM*#0" && jtag_cable_name =~ "Digilent Zybo 210279574222A"} -index 0
dow D:/FPGA/ZYBO_UDP/ZYBO_UDP.sdk/ZYBO_UDP/Debug/ZYBO_UDP.elf
configparams force-mem-access 0
----------------End of Script----------------

12:43:42 INFO  : Memory regions updated for context APU
12:43:42 INFO  : Context for processor 'ps7_cortexa9_0' is selected.
12:43:42 INFO  : 'con' command is executed.
12:43:42 INFO  : ----------------XSDB Script (After Launch)----------------
targets -set -nocase -filter {name =~ "ARM*#0" && jtag_cable_name =~ "Digilent Zybo 210279574222A"} -index 0
con
----------------End of Script----------------

12:43:42 INFO  : Launch script is exported to file 'D:\FPGA\ZYBO_UDP\ZYBO_UDP.sdk\.sdk\launch_scripts\xilinx_c-c++_application_(system_debugger)\system_debugger_using_debug_zybo_udp.elf_on_local.tcl'
