10:16:08 INFO  : Registering command handlers for SDK TCF services
10:16:11 INFO  : Launching XSCT server: xsct.bat -interactive C:\FPGA\NOsLwIp\NOsLwIp.sdk\temp_xsdb_launch_script.tcl
10:16:16 INFO  : XSCT server has started successfully.
10:16:18 INFO  : Successfully done setting XSCT server connection channel  
10:16:18 INFO  : Processing command line option -hwspec C:/FPGA/NOsLwIp/NOsLwIp.sdk/design_1_wrapper.hdf.
10:16:18 INFO  : Successfully done setting SDK workspace  
10:19:24 INFO  : Connected to target on host '127.0.0.1' and port '3121'.
10:19:27 INFO  : 'targets -set -filter {jtag_cable_name =~ "Digilent Zybo 210279574222A" && level==0} -index 1' command is executed.
10:19:28 INFO  : FPGA configured successfully with bitstream "C:/FPGA/NOsLwIp/NOsLwIp.sdk/design_1_wrapper_hw_platform_0/design_1_wrapper.bit"
10:21:47 INFO  : 'targets -set -filter {jtag_cable_name =~ "Digilent Zybo 210279574222A" && level==0} -index 1' command is executed.
10:21:47 INFO  : 'fpga -state' command is executed.
10:21:47 INFO  : Connected to target on host '127.0.0.1' and port '3121'.
10:21:48 INFO  : Jtag cable 'Digilent Zybo 210279574222A' is selected.
10:21:48 INFO  : 'jtag frequency' command is executed.
10:21:48 INFO  : Sourcing of 'C:/FPGA/NOsLwIp/NOsLwIp.sdk/design_1_wrapper_hw_platform_0/ps7_init.tcl' is done.
10:21:48 INFO  : Context for 'APU' is selected.
10:21:48 INFO  : Hardware design information is loaded from 'C:/FPGA/NOsLwIp/NOsLwIp.sdk/design_1_wrapper_hw_platform_0/system.hdf'.
10:21:48 INFO  : 'configparams force-mem-access 1' command is executed.
10:21:48 INFO  : Context for 'APU' is selected.
10:21:48 INFO  : 'stop' command is executed.
10:21:48 INFO  : 'ps7_init' command is executed.
10:21:49 INFO  : 'ps7_post_config' command is executed.
10:21:49 INFO  : Context for processor 'ps7_cortexa9_0' is selected.
10:21:49 INFO  : Processor reset is completed for 'ps7_cortexa9_0'.
10:21:49 INFO  : Context for processor 'ps7_cortexa9_0' is selected.
10:21:49 INFO  : The application 'C:/FPGA/NOsLwIp/NOsLwIp.sdk/NOsLwIp/Debug/NOsLwIp.elf' is downloaded to processor 'ps7_cortexa9_0'.
10:21:49 INFO  : 'configparams force-mem-access 0' command is executed.
10:21:49 INFO  : ----------------XSDB Script----------------
connect -url tcp:127.0.0.1:3121
source C:/FPGA/NOsLwIp/NOsLwIp.sdk/design_1_wrapper_hw_platform_0/ps7_init.tcl
targets -set -nocase -filter {name =~"APU*" && jtag_cable_name =~ "Digilent Zybo 210279574222A"} -index 0
loadhw -hw C:/FPGA/NOsLwIp/NOsLwIp.sdk/design_1_wrapper_hw_platform_0/system.hdf -mem-ranges [list {0x40000000 0xbfffffff}]
configparams force-mem-access 1
targets -set -nocase -filter {name =~"APU*" && jtag_cable_name =~ "Digilent Zybo 210279574222A"} -index 0
stop
ps7_init
ps7_post_config
targets -set -nocase -filter {name =~ "ARM*#0" && jtag_cable_name =~ "Digilent Zybo 210279574222A"} -index 0
rst -processor
targets -set -nocase -filter {name =~ "ARM*#0" && jtag_cable_name =~ "Digilent Zybo 210279574222A"} -index 0
dow C:/FPGA/NOsLwIp/NOsLwIp.sdk/NOsLwIp/Debug/NOsLwIp.elf
configparams force-mem-access 0
----------------End of Script----------------

10:21:49 INFO  : Memory regions updated for context APU
10:21:49 INFO  : Context for processor 'ps7_cortexa9_0' is selected.
10:21:49 INFO  : 'con' command is executed.
10:21:49 INFO  : ----------------XSDB Script (After Launch)----------------
targets -set -nocase -filter {name =~ "ARM*#0" && jtag_cable_name =~ "Digilent Zybo 210279574222A"} -index 0
con
----------------End of Script----------------

10:21:49 INFO  : Launch script is exported to file 'C:\FPGA\NOsLwIp\NOsLwIp.sdk\.sdk\launch_scripts\xilinx_c-c++_application_(system_debugger)\system_debugger_using_debug_noslwip.elf_on_local.tcl'
10:38:46 INFO  : Disconnected from the channel tcfchan#1.
