#-----------------------------------------------------------
# Webtalk v2018.2 (64-bit)
# SW Build 2258646 on Thu Jun 14 20:03:12 MDT 2018
# 
# Start of session at: Mon Nov  5 14:16:07 2018
# Process ID: 47100
# Current directory: D:/FPGA/ZYBO_UDP/SDK2/webtalk
# Command line: wbtcv.exe -mode batch -source sdk_webtalk.tcl
# Log file: D:/FPGA/ZYBO_UDP/SDK2/webtalk/webtalk.log
# Journal file: D:/FPGA/ZYBO_UDP/SDK2/webtalk\webtalk.jou
#-----------------------------------------------------------
source sdk_webtalk.tcl
# webtalk_init -webtalk_dir D:\\FPGA\\ZYBO_UDP\\SDK2\\webtalk
# webtalk_register_client -client project
# webtalk_add_data -client project -key date_generated -value "2018-11-05 14:16:03" -context "software_version_and_target_device"
# webtalk_add_data -client project -key product_version -value "SDK v2018.2" -context "software_version_and_target_device"
# webtalk_add_data -client project -key build_version -value "2018.2" -context "software_version_and_target_device"
# webtalk_add_data -client project -key os_platform -value "amd64" -context "software_version_and_target_device"
# webtalk_add_data -client project -key registration_id -value "" -context "software_version_and_target_device"
# webtalk_add_data -client project -key tool_flow -value "SDK" -context "software_version_and_target_device"
# webtalk_add_data -client project -key beta -value "false" -context "software_version_and_target_device"
# webtalk_add_data -client project -key route_design -value "NA" -context "software_version_and_target_device"
# webtalk_add_data -client project -key target_family -value "NA" -context "software_version_and_target_device"
# webtalk_add_data -client project -key target_device -value "NA" -context "software_version_and_target_device"
# webtalk_add_data -client project -key target_package -value "NA" -context "software_version_and_target_device"
# webtalk_add_data -client project -key target_speed -value "NA" -context "software_version_and_target_device"
# webtalk_add_data -client project -key random_id -value "gg6j4lktvm9hu1el850knr8bpd" -context "software_version_and_target_device"
# webtalk_add_data -client project -key project_id -value "2018.2_3" -context "software_version_and_target_device"
# webtalk_add_data -client project -key project_iteration -value "3" -context "software_version_and_target_device"
# webtalk_add_data -client project -key os_name -value "Microsoft Windows 8 or later , 64-bit" -context "user_environment"
# webtalk_add_data -client project -key os_release -value "major release  (build 9200)" -context "user_environment"
# webtalk_add_data -client project -key cpu_name -value "Intel(R) Core(TM) i5-6200U CPU @ 2.30GHz" -context "user_environment"
# webtalk_add_data -client project -key cpu_speed -value "2400 MHz" -context "user_environment"
# webtalk_add_data -client project -key total_processors -value "1" -context "user_environment"
# webtalk_add_data -client project -key system_ram -value "17.055 GB" -context "user_environment"
# webtalk_register_client -client sdk
# webtalk_add_data -client sdk -key uid -value "1541418919988" -context "sdk\\\\bsp/1541418919988"
# webtalk_add_data -client sdk -key hwid -value "1541418632411" -context "sdk\\\\bsp/1541418919988"
# webtalk_add_data -client sdk -key os -value "standalone" -context "sdk\\\\bsp/1541418919988"
# webtalk_add_data -client sdk -key apptemplate -value "lwip_echo_server" -context "sdk\\\\bsp/1541418919988"
# webtalk_add_data -client sdk -key RecordType -value "BSPCreation" -context "sdk\\\\bsp/1541418919988"
# webtalk_add_data -client sdk -key uid -value "1541418925802" -context "sdk\\\\application/1541418925802"
# webtalk_add_data -client sdk -key hwid -value "1541418632411" -context "sdk\\\\application/1541418925802"
# webtalk_add_data -client sdk -key bspid -value "1541418919988" -context "sdk\\\\application/1541418925802"
# webtalk_add_data -client sdk -key newbsp -value "true" -context "sdk\\\\application/1541418925802"
# webtalk_add_data -client sdk -key os -value "standalone" -context "sdk\\\\application/1541418925802"
# webtalk_add_data -client sdk -key apptemplate -value "lwip_echo_server" -context "sdk\\\\application/1541418925802"
# webtalk_add_data -client sdk -key RecordType -value "APPCreation" -context "sdk\\\\application/1541418925802"
# webtalk_add_data -client sdk -key LangUsed -value "C" -context "sdk\\\\application/1541418925802"
# webtalk_add_data -client sdk -key Procused -value "ps7_cortexa9" -context "sdk\\\\application/1541418925802"
# webtalk_add_data -client sdk -key projSize -value "1035.92578125" -context "sdk\\\\application/1541418925802"
# webtalk_add_data -client sdk -key uid -value "NA" -context "sdk\\\\bsp/1541423763473"
# webtalk_add_data -client sdk -key RecordType -value "ToolUsage" -context "sdk\\\\bsp/1541423763473"
# webtalk_add_data -client sdk -key BootgenCount -value "0" -context "sdk\\\\bsp/1541423763473"
# webtalk_add_data -client sdk -key DebugCount -value "14" -context "sdk\\\\bsp/1541423763473"
# webtalk_add_data -client sdk -key PerfCount -value "0" -context "sdk\\\\bsp/1541423763473"
# webtalk_add_data -client sdk -key FlashCount -value "0" -context "sdk\\\\bsp/1541423763473"
# webtalk_add_data -client sdk -key CrossTriggCount -value "0" -context "sdk\\\\bsp/1541423763473"
# webtalk_add_data -client sdk -key QemuDebugCount -value "0" -context "sdk\\\\bsp/1541423763473"
# webtalk_transmit -clientid 372051043 -regid "" -xml D:\\FPGA\\ZYBO_UDP\\SDK2\\webtalk\\usage_statistics_ext_sdk.xml -html D:\\FPGA\\ZYBO_UDP\\SDK2\\webtalk\\usage_statistics_ext_sdk.html -wdm D:\\FPGA\\ZYBO_UDP\\SDK2\\webtalk\\sdk_webtalk.wdm -intro "<H3>SDK Usage Report</H3><BR>"
INFO: [Common 17-186] 'D:\FPGA\ZYBO_UDP\SDK2\webtalk\usage_statistics_ext_sdk.xml' has been successfully sent to Xilinx on Mon Nov  5 14:16:12 2018. For additional details about this file, please refer to the WebTalk help file at C:/Xilinx/SDK/2018.2/doc/webtalk_introduction.html.
# webtalk_terminate
INFO: [Common 17-206] Exiting Webtalk at Mon Nov  5 14:16:12 2018...
