22:24:36 INFO  : Registering command handlers for SDK TCF services
22:24:37 INFO  : Launching XSCT server: xsct.bat -interactive C:\Users\20002890\zybo_ws2812\zybo_ws2812.sdk\temp_xsdb_launch_script.tcl
22:24:41 INFO  : XSCT server has started successfully.
22:24:52 INFO  : Successfully done setting XSCT server connection channel  
22:24:52 INFO  : Processing command line option -hwspec C:/Users/20002890/zybo_ws2812/zybo_ws2812.sdk/design_1_wrapper.hdf.
22:24:52 INFO  : Successfully done setting SDK workspace  
22:26:01 INFO  : Connected to target on host '127.0.0.1' and port '3121'.
22:26:02 INFO  : 'targets -set -filter {jtag_cable_name =~ "Digilent Zybo 210279572676A" && level==0} -index 1' command is executed.
22:26:03 INFO  : FPGA configured successfully with bitstream "C:/Users/20002890/zybo_ws2812/zybo_ws2812.sdk/design_1_wrapper_hw_platform_0/design_1_wrapper.bit"
22:28:04 INFO  : 'targets -set -filter {jtag_cable_name =~ "Digilent Zybo 210279572676A" && level==0} -index 1' command is executed.
22:28:04 INFO  : 'fpga -state' command is executed.
22:28:04 INFO  : Connected to target on host '127.0.0.1' and port '3121'.
22:28:05 INFO  : Jtag cable 'Digilent Zybo 210279572676A' is selected.
22:28:05 INFO  : 'jtag frequency' command is executed.
22:28:05 INFO  : Sourcing of 'C:/Users/20002890/zybo_ws2812/zybo_ws2812.sdk/design_1_wrapper_hw_platform_0/ps7_init.tcl' is done.
22:28:05 INFO  : Context for 'APU' is selected.
22:28:05 INFO  : Hardware design information is loaded from 'C:/Users/20002890/zybo_ws2812/zybo_ws2812.sdk/design_1_wrapper_hw_platform_0/system.hdf'.
22:28:05 INFO  : 'configparams force-mem-access 1' command is executed.
22:28:05 INFO  : Context for 'APU' is selected.
22:28:05 INFO  : 'stop' command is executed.
22:28:06 INFO  : 'ps7_init' command is executed.
22:28:06 INFO  : 'ps7_post_config' command is executed.
22:28:06 INFO  : Context for processor 'ps7_cortexa9_0' is selected.
22:28:06 INFO  : Processor reset is completed for 'ps7_cortexa9_0'.
22:28:06 INFO  : Context for processor 'ps7_cortexa9_0' is selected.
22:28:06 INFO  : The application 'C:/Users/20002890/zybo_ws2812/zybo_ws2812.sdk/test/Debug/test.elf' is downloaded to processor 'ps7_cortexa9_0'.
22:28:06 INFO  : 'configparams force-mem-access 0' command is executed.
22:28:06 INFO  : ----------------XSDB Script----------------
connect -url tcp:127.0.0.1:3121
source C:/Users/20002890/zybo_ws2812/zybo_ws2812.sdk/design_1_wrapper_hw_platform_0/ps7_init.tcl
targets -set -nocase -filter {name =~"APU*" && jtag_cable_name =~ "Digilent Zybo 210279572676A"} -index 0
loadhw -hw C:/Users/20002890/zybo_ws2812/zybo_ws2812.sdk/design_1_wrapper_hw_platform_0/system.hdf -mem-ranges [list {0x40000000 0xbfffffff}]
configparams force-mem-access 1
targets -set -nocase -filter {name =~"APU*" && jtag_cable_name =~ "Digilent Zybo 210279572676A"} -index 0
stop
ps7_init
ps7_post_config
targets -set -nocase -filter {name =~ "ARM*#0" && jtag_cable_name =~ "Digilent Zybo 210279572676A"} -index 0
rst -processor
targets -set -nocase -filter {name =~ "ARM*#0" && jtag_cable_name =~ "Digilent Zybo 210279572676A"} -index 0
dow C:/Users/20002890/zybo_ws2812/zybo_ws2812.sdk/test/Debug/test.elf
configparams force-mem-access 0
----------------End of Script----------------

22:28:06 INFO  : Memory regions updated for context APU
22:28:07 INFO  : Context for processor 'ps7_cortexa9_0' is selected.
22:28:07 INFO  : 'con' command is executed.
22:28:07 INFO  : ----------------XSDB Script (After Launch)----------------
targets -set -nocase -filter {name =~ "ARM*#0" && jtag_cable_name =~ "Digilent Zybo 210279572676A"} -index 0
con
----------------End of Script----------------

22:28:07 INFO  : Launch script is exported to file 'C:\Users\20002890\zybo_ws2812\zybo_ws2812.sdk\.sdk\launch_scripts\xilinx_c-c++_application_(system_debugger)\system_debugger_using_debug_test.elf_on_local.tcl'
22:28:48 INFO  : Disconnected from the channel tcfchan#1.
22:28:49 INFO  : 'targets -set -filter {jtag_cable_name =~ "Digilent Zybo 210279572676A" && level==0} -index 1' command is executed.
22:28:49 INFO  : 'fpga -state' command is executed.
22:28:49 INFO  : Connected to target on host '127.0.0.1' and port '3121'.
22:28:50 INFO  : Jtag cable 'Digilent Zybo 210279572676A' is selected.
22:28:50 INFO  : 'jtag frequency' command is executed.
22:28:50 INFO  : Sourcing of 'C:/Users/20002890/zybo_ws2812/zybo_ws2812.sdk/design_1_wrapper_hw_platform_0/ps7_init.tcl' is done.
22:28:50 INFO  : Context for 'APU' is selected.
22:28:53 INFO  : Hardware design information is loaded from 'C:/Users/20002890/zybo_ws2812/zybo_ws2812.sdk/design_1_wrapper_hw_platform_0/system.hdf'.
22:28:53 INFO  : 'configparams force-mem-access 1' command is executed.
22:28:53 INFO  : Context for 'APU' is selected.
22:28:53 INFO  : 'stop' command is executed.
22:28:54 INFO  : 'ps7_init' command is executed.
22:28:54 INFO  : 'ps7_post_config' command is executed.
22:28:54 INFO  : Context for processor 'ps7_cortexa9_0' is selected.
22:28:54 INFO  : Processor reset is completed for 'ps7_cortexa9_0'.
22:28:54 INFO  : Context for processor 'ps7_cortexa9_0' is selected.
22:28:54 INFO  : The application 'C:/Users/20002890/zybo_ws2812/zybo_ws2812.sdk/test/Debug/test.elf' is downloaded to processor 'ps7_cortexa9_0'.
22:28:54 INFO  : 'configparams force-mem-access 0' command is executed.
22:28:54 INFO  : ----------------XSDB Script----------------
connect -url tcp:127.0.0.1:3121
source C:/Users/20002890/zybo_ws2812/zybo_ws2812.sdk/design_1_wrapper_hw_platform_0/ps7_init.tcl
targets -set -nocase -filter {name =~"APU*" && jtag_cable_name =~ "Digilent Zybo 210279572676A"} -index 0
loadhw -hw C:/Users/20002890/zybo_ws2812/zybo_ws2812.sdk/design_1_wrapper_hw_platform_0/system.hdf -mem-ranges [list {0x40000000 0xbfffffff}]
configparams force-mem-access 1
targets -set -nocase -filter {name =~"APU*" && jtag_cable_name =~ "Digilent Zybo 210279572676A"} -index 0
stop
ps7_init
ps7_post_config
targets -set -nocase -filter {name =~ "ARM*#0" && jtag_cable_name =~ "Digilent Zybo 210279572676A"} -index 0
rst -processor
targets -set -nocase -filter {name =~ "ARM*#0" && jtag_cable_name =~ "Digilent Zybo 210279572676A"} -index 0
dow C:/Users/20002890/zybo_ws2812/zybo_ws2812.sdk/test/Debug/test.elf
configparams force-mem-access 0
----------------End of Script----------------

22:28:54 INFO  : Memory regions updated for context APU
22:28:54 INFO  : Context for processor 'ps7_cortexa9_0' is selected.
22:28:54 INFO  : 'con' command is executed.
22:28:54 INFO  : ----------------XSDB Script (After Launch)----------------
targets -set -nocase -filter {name =~ "ARM*#0" && jtag_cable_name =~ "Digilent Zybo 210279572676A"} -index 0
con
----------------End of Script----------------

22:28:54 INFO  : Launch script is exported to file 'C:\Users\20002890\zybo_ws2812\zybo_ws2812.sdk\.sdk\launch_scripts\xilinx_c-c++_application_(system_debugger)\system_debugger_using_debug_test.elf_on_local.tcl'
22:29:15 INFO  : Connected to target on host '127.0.0.1' and port '3121'.
22:29:15 INFO  : 'targets -set -filter {jtag_cable_name =~ "Digilent Zybo 210279572676A" && level==0} -index 1' command is executed.
22:29:16 INFO  : FPGA configured successfully with bitstream "C:/Users/20002890/zybo_ws2812/zybo_ws2812.sdk/design_1_wrapper_hw_platform_0/design_1_wrapper.bit"
22:29:30 INFO  : Disconnected from the channel tcfchan#2.
22:29:32 INFO  : 'targets -set -filter {jtag_cable_name =~ "Digilent Zybo 210279572676A" && level==0} -index 1' command is executed.
22:29:32 INFO  : 'fpga -state' command is executed.
22:29:32 INFO  : Connected to target on host '127.0.0.1' and port '3121'.
22:29:32 INFO  : Jtag cable 'Digilent Zybo 210279572676A' is selected.
22:29:32 INFO  : 'jtag frequency' command is executed.
22:29:32 INFO  : Sourcing of 'C:/Users/20002890/zybo_ws2812/zybo_ws2812.sdk/design_1_wrapper_hw_platform_0/ps7_init.tcl' is done.
22:29:32 INFO  : Context for 'APU' is selected.
22:29:34 INFO  : Hardware design information is loaded from 'C:/Users/20002890/zybo_ws2812/zybo_ws2812.sdk/design_1_wrapper_hw_platform_0/system.hdf'.
22:29:34 INFO  : 'configparams force-mem-access 1' command is executed.
22:29:35 INFO  : Context for 'APU' is selected.
22:29:35 INFO  : 'stop' command is executed.
22:29:35 INFO  : 'ps7_init' command is executed.
22:29:35 INFO  : 'ps7_post_config' command is executed.
22:29:35 INFO  : Context for processor 'ps7_cortexa9_0' is selected.
22:29:36 INFO  : Processor reset is completed for 'ps7_cortexa9_0'.
22:29:36 INFO  : Context for processor 'ps7_cortexa9_0' is selected.
22:29:36 INFO  : The application 'C:/Users/20002890/zybo_ws2812/zybo_ws2812.sdk/test/Debug/test.elf' is downloaded to processor 'ps7_cortexa9_0'.
22:29:36 INFO  : 'configparams force-mem-access 0' command is executed.
22:29:36 INFO  : ----------------XSDB Script----------------
connect -url tcp:127.0.0.1:3121
source C:/Users/20002890/zybo_ws2812/zybo_ws2812.sdk/design_1_wrapper_hw_platform_0/ps7_init.tcl
targets -set -nocase -filter {name =~"APU*" && jtag_cable_name =~ "Digilent Zybo 210279572676A"} -index 0
loadhw -hw C:/Users/20002890/zybo_ws2812/zybo_ws2812.sdk/design_1_wrapper_hw_platform_0/system.hdf -mem-ranges [list {0x40000000 0xbfffffff}]
configparams force-mem-access 1
targets -set -nocase -filter {name =~"APU*" && jtag_cable_name =~ "Digilent Zybo 210279572676A"} -index 0
stop
ps7_init
ps7_post_config
targets -set -nocase -filter {name =~ "ARM*#0" && jtag_cable_name =~ "Digilent Zybo 210279572676A"} -index 0
rst -processor
targets -set -nocase -filter {name =~ "ARM*#0" && jtag_cable_name =~ "Digilent Zybo 210279572676A"} -index 0
dow C:/Users/20002890/zybo_ws2812/zybo_ws2812.sdk/test/Debug/test.elf
configparams force-mem-access 0
----------------End of Script----------------

22:29:36 INFO  : Memory regions updated for context APU
22:29:36 INFO  : Context for processor 'ps7_cortexa9_0' is selected.
22:29:36 INFO  : 'con' command is executed.
22:29:36 INFO  : ----------------XSDB Script (After Launch)----------------
targets -set -nocase -filter {name =~ "ARM*#0" && jtag_cable_name =~ "Digilent Zybo 210279572676A"} -index 0
con
----------------End of Script----------------

22:29:36 INFO  : Launch script is exported to file 'C:\Users\20002890\zybo_ws2812\zybo_ws2812.sdk\.sdk\launch_scripts\xilinx_c-c++_application_(system_debugger)\system_debugger_using_debug_test.elf_on_local.tcl'
22:29:59 INFO  : Connected to target on host '127.0.0.1' and port '3121'.
22:29:59 INFO  : 'targets -set -filter {jtag_cable_name =~ "Digilent Zybo 210279572676A" && level==0} -index 1' command is executed.
22:30:01 INFO  : FPGA configured successfully with bitstream "C:/Users/20002890/zybo_ws2812/zybo_ws2812.sdk/design_1_wrapper_hw_platform_0/design_1_wrapper.bit"
22:30:37 INFO  : Disconnected from the channel tcfchan#3.
22:30:38 INFO  : 'targets -set -filter {jtag_cable_name =~ "Digilent Zybo 210279572676A" && level==0} -index 1' command is executed.
22:30:38 INFO  : 'fpga -state' command is executed.
22:30:38 INFO  : Connected to target on host '127.0.0.1' and port '3121'.
22:30:38 INFO  : Jtag cable 'Digilent Zybo 210279572676A' is selected.
22:30:38 INFO  : 'jtag frequency' command is executed.
22:30:38 INFO  : Sourcing of 'C:/Users/20002890/zybo_ws2812/zybo_ws2812.sdk/design_1_wrapper_hw_platform_0/ps7_init.tcl' is done.
22:30:38 INFO  : Context for 'APU' is selected.
22:30:41 INFO  : Hardware design information is loaded from 'C:/Users/20002890/zybo_ws2812/zybo_ws2812.sdk/design_1_wrapper_hw_platform_0/system.hdf'.
22:30:41 INFO  : 'configparams force-mem-access 1' command is executed.
22:30:41 INFO  : Context for 'APU' is selected.
22:30:41 INFO  : 'stop' command is executed.
22:30:42 INFO  : 'ps7_init' command is executed.
22:30:42 INFO  : 'ps7_post_config' command is executed.
22:30:42 INFO  : Context for processor 'ps7_cortexa9_0' is selected.
22:30:42 INFO  : Processor reset is completed for 'ps7_cortexa9_0'.
22:30:42 INFO  : Context for processor 'ps7_cortexa9_0' is selected.
22:30:42 INFO  : The application 'C:/Users/20002890/zybo_ws2812/zybo_ws2812.sdk/test/Debug/test.elf' is downloaded to processor 'ps7_cortexa9_0'.
22:30:42 INFO  : 'configparams force-mem-access 0' command is executed.
22:30:42 INFO  : ----------------XSDB Script----------------
connect -url tcp:127.0.0.1:3121
source C:/Users/20002890/zybo_ws2812/zybo_ws2812.sdk/design_1_wrapper_hw_platform_0/ps7_init.tcl
targets -set -nocase -filter {name =~"APU*" && jtag_cable_name =~ "Digilent Zybo 210279572676A"} -index 0
loadhw -hw C:/Users/20002890/zybo_ws2812/zybo_ws2812.sdk/design_1_wrapper_hw_platform_0/system.hdf -mem-ranges [list {0x40000000 0xbfffffff}]
configparams force-mem-access 1
targets -set -nocase -filter {name =~"APU*" && jtag_cable_name =~ "Digilent Zybo 210279572676A"} -index 0
stop
ps7_init
ps7_post_config
targets -set -nocase -filter {name =~ "ARM*#0" && jtag_cable_name =~ "Digilent Zybo 210279572676A"} -index 0
rst -processor
targets -set -nocase -filter {name =~ "ARM*#0" && jtag_cable_name =~ "Digilent Zybo 210279572676A"} -index 0
dow C:/Users/20002890/zybo_ws2812/zybo_ws2812.sdk/test/Debug/test.elf
configparams force-mem-access 0
----------------End of Script----------------

22:30:43 INFO  : Memory regions updated for context APU
22:30:43 INFO  : Context for processor 'ps7_cortexa9_0' is selected.
22:30:43 INFO  : 'con' command is executed.
22:30:43 INFO  : ----------------XSDB Script (After Launch)----------------
targets -set -nocase -filter {name =~ "ARM*#0" && jtag_cable_name =~ "Digilent Zybo 210279572676A"} -index 0
con
----------------End of Script----------------

22:30:43 INFO  : Launch script is exported to file 'C:\Users\20002890\zybo_ws2812\zybo_ws2812.sdk\.sdk\launch_scripts\xilinx_c-c++_application_(system_debugger)\system_debugger_using_debug_test.elf_on_local.tcl'
22:31:14 INFO  : Disconnected from the channel tcfchan#4.
22:31:15 INFO  : 'targets -set -filter {jtag_cable_name =~ "Digilent Zybo 210279572676A" && level==0} -index 1' command is executed.
22:31:15 INFO  : 'fpga -state' command is executed.
22:31:15 INFO  : Connected to target on host '127.0.0.1' and port '3121'.
22:31:16 INFO  : Jtag cable 'Digilent Zybo 210279572676A' is selected.
22:31:16 INFO  : 'jtag frequency' command is executed.
22:31:16 INFO  : Sourcing of 'C:/Users/20002890/zybo_ws2812/zybo_ws2812.sdk/design_1_wrapper_hw_platform_0/ps7_init.tcl' is done.
22:31:16 INFO  : Context for 'APU' is selected.
22:31:19 INFO  : Hardware design information is loaded from 'C:/Users/20002890/zybo_ws2812/zybo_ws2812.sdk/design_1_wrapper_hw_platform_0/system.hdf'.
22:31:19 INFO  : 'configparams force-mem-access 1' command is executed.
22:31:19 INFO  : Context for 'APU' is selected.
22:31:19 INFO  : 'stop' command is executed.
22:31:19 INFO  : 'ps7_init' command is executed.
22:31:20 INFO  : 'ps7_post_config' command is executed.
22:31:20 INFO  : Context for processor 'ps7_cortexa9_0' is selected.
22:31:20 INFO  : Processor reset is completed for 'ps7_cortexa9_0'.
22:31:20 INFO  : Context for processor 'ps7_cortexa9_0' is selected.
22:31:20 INFO  : The application 'C:/Users/20002890/zybo_ws2812/zybo_ws2812.sdk/test/Debug/test.elf' is downloaded to processor 'ps7_cortexa9_0'.
22:31:20 INFO  : 'configparams force-mem-access 0' command is executed.
22:31:20 INFO  : ----------------XSDB Script----------------
connect -url tcp:127.0.0.1:3121
source C:/Users/20002890/zybo_ws2812/zybo_ws2812.sdk/design_1_wrapper_hw_platform_0/ps7_init.tcl
targets -set -nocase -filter {name =~"APU*" && jtag_cable_name =~ "Digilent Zybo 210279572676A"} -index 0
loadhw -hw C:/Users/20002890/zybo_ws2812/zybo_ws2812.sdk/design_1_wrapper_hw_platform_0/system.hdf -mem-ranges [list {0x40000000 0xbfffffff}]
configparams force-mem-access 1
targets -set -nocase -filter {name =~"APU*" && jtag_cable_name =~ "Digilent Zybo 210279572676A"} -index 0
stop
ps7_init
ps7_post_config
targets -set -nocase -filter {name =~ "ARM*#0" && jtag_cable_name =~ "Digilent Zybo 210279572676A"} -index 0
rst -processor
targets -set -nocase -filter {name =~ "ARM*#0" && jtag_cable_name =~ "Digilent Zybo 210279572676A"} -index 0
dow C:/Users/20002890/zybo_ws2812/zybo_ws2812.sdk/test/Debug/test.elf
configparams force-mem-access 0
----------------End of Script----------------

22:31:20 INFO  : Memory regions updated for context APU
22:31:20 INFO  : Context for processor 'ps7_cortexa9_0' is selected.
22:31:20 INFO  : 'con' command is executed.
22:31:20 INFO  : ----------------XSDB Script (After Launch)----------------
targets -set -nocase -filter {name =~ "ARM*#0" && jtag_cable_name =~ "Digilent Zybo 210279572676A"} -index 0
con
----------------End of Script----------------

22:31:20 INFO  : Launch script is exported to file 'C:\Users\20002890\zybo_ws2812\zybo_ws2812.sdk\.sdk\launch_scripts\xilinx_c-c++_application_(system_debugger)\system_debugger_using_debug_test.elf_on_local.tcl'
22:31:32 INFO  : Disconnected from the channel tcfchan#5.
22:31:57 INFO  : Connected to target on host '127.0.0.1' and port '3121'.
22:31:57 INFO  : 'targets -set -filter {jtag_cable_name =~ "Digilent Zybo 210279572676A" && level==0} -index 1' command is executed.
22:31:59 INFO  : FPGA configured successfully with bitstream "C:/Users/20002890/zybo_ws2812/zybo_ws2812.sdk/design_1_wrapper_hw_platform_0/design_1_wrapper.bit"
22:32:17 INFO  : 'targets -set -filter {jtag_cable_name =~ "Digilent Zybo 210279572676A" && level==0} -index 1' command is executed.
22:32:17 INFO  : 'fpga -state' command is executed.
22:32:17 INFO  : Connected to target on host '127.0.0.1' and port '3121'.
22:32:17 INFO  : Jtag cable 'Digilent Zybo 210279572676A' is selected.
22:32:17 INFO  : 'jtag frequency' command is executed.
22:32:17 INFO  : Sourcing of 'C:/Users/20002890/zybo_ws2812/zybo_ws2812.sdk/design_1_wrapper_hw_platform_0/ps7_init.tcl' is done.
22:32:17 INFO  : Context for 'APU' is selected.
22:32:17 INFO  : Hardware design information is loaded from 'C:/Users/20002890/zybo_ws2812/zybo_ws2812.sdk/design_1_wrapper_hw_platform_0/system.hdf'.
22:32:17 INFO  : 'configparams force-mem-access 1' command is executed.
22:32:17 INFO  : Context for 'APU' is selected.
22:32:17 INFO  : 'stop' command is executed.
22:32:18 INFO  : 'ps7_init' command is executed.
22:32:18 INFO  : 'ps7_post_config' command is executed.
22:32:18 INFO  : Context for processor 'ps7_cortexa9_0' is selected.
22:32:19 INFO  : Processor reset is completed for 'ps7_cortexa9_0'.
22:32:19 INFO  : Context for processor 'ps7_cortexa9_0' is selected.
22:32:19 INFO  : The application 'C:/Users/20002890/zybo_ws2812/zybo_ws2812.sdk/test/Debug/test.elf' is downloaded to processor 'ps7_cortexa9_0'.
22:32:19 INFO  : 'configparams force-mem-access 0' command is executed.
22:32:19 INFO  : ----------------XSDB Script----------------
connect -url tcp:127.0.0.1:3121
source C:/Users/20002890/zybo_ws2812/zybo_ws2812.sdk/design_1_wrapper_hw_platform_0/ps7_init.tcl
targets -set -nocase -filter {name =~"APU*" && jtag_cable_name =~ "Digilent Zybo 210279572676A"} -index 0
loadhw -hw C:/Users/20002890/zybo_ws2812/zybo_ws2812.sdk/design_1_wrapper_hw_platform_0/system.hdf -mem-ranges [list {0x40000000 0xbfffffff}]
configparams force-mem-access 1
targets -set -nocase -filter {name =~"APU*" && jtag_cable_name =~ "Digilent Zybo 210279572676A"} -index 0
stop
ps7_init
ps7_post_config
targets -set -nocase -filter {name =~ "ARM*#0" && jtag_cable_name =~ "Digilent Zybo 210279572676A"} -index 0
rst -processor
targets -set -nocase -filter {name =~ "ARM*#0" && jtag_cable_name =~ "Digilent Zybo 210279572676A"} -index 0
dow C:/Users/20002890/zybo_ws2812/zybo_ws2812.sdk/test/Debug/test.elf
configparams force-mem-access 0
----------------End of Script----------------

22:32:19 INFO  : Memory regions updated for context APU
22:32:19 INFO  : Context for processor 'ps7_cortexa9_0' is selected.
22:32:19 INFO  : 'con' command is executed.
22:32:19 INFO  : ----------------XSDB Script (After Launch)----------------
targets -set -nocase -filter {name =~ "ARM*#0" && jtag_cable_name =~ "Digilent Zybo 210279572676A"} -index 0
con
----------------End of Script----------------

22:32:19 INFO  : Launch script is exported to file 'C:\Users\20002890\zybo_ws2812\zybo_ws2812.sdk\.sdk\launch_scripts\xilinx_c-c++_application_(system_debugger)\system_debugger_using_debug_test.elf_on_local.tcl'
22:32:33 INFO  : Connected to target on host '127.0.0.1' and port '3121'.
22:32:33 INFO  : 'targets -set -filter {jtag_cable_name =~ "Digilent Zybo 210279572676A" && level==0} -index 1' command is executed.
22:32:34 INFO  : FPGA configured successfully with bitstream "C:/Users/20002890/zybo_ws2812/zybo_ws2812.sdk/design_1_wrapper_hw_platform_0/design_1_wrapper.bit"
22:32:42 INFO  : Connected to target on host '127.0.0.1' and port '3121'.
22:32:42 INFO  : 'targets -set -filter {jtag_cable_name =~ "Digilent Zybo 210279572676A" && level==0} -index 1' command is executed.
22:32:43 INFO  : FPGA configured successfully with bitstream "C:/Users/20002890/zybo_ws2812/zybo_ws2812.sdk/design_1_wrapper_hw_platform_0/design_1_wrapper.bit"
22:32:52 INFO  : Connected to target on host '127.0.0.1' and port '3121'.
22:32:52 INFO  : 'targets -set -filter {jtag_cable_name =~ "Digilent Zybo 210279572676A" && level==0} -index 1' command is executed.
22:32:53 INFO  : FPGA configured successfully with bitstream "C:/Users/20002890/zybo_ws2812/zybo_ws2812.sdk/design_1_wrapper_hw_platform_0/design_1_wrapper.bit"
22:33:14 INFO  : Connected to target on host '127.0.0.1' and port '3121'.
22:33:14 INFO  : 'targets -set -filter {jtag_cable_name =~ "Digilent Zybo 210279572676A" && level==0} -index 1' command is executed.
22:33:15 INFO  : FPGA configured successfully with bitstream "C:/Users/20002890/zybo_ws2812/zybo_ws2812.sdk/design_1_wrapper_hw_platform_0/design_1_wrapper.bit"
22:33:54 INFO  : Connected to target on host '127.0.0.1' and port '3121'.
22:33:55 INFO  : 'targets -set -filter {jtag_cable_name =~ "Digilent Zybo 210279572676A" && level==0} -index 1' command is executed.
22:33:56 INFO  : FPGA configured successfully with bitstream "C:/Users/20002890/zybo_ws2812/zybo_ws2812.sdk/design_1_wrapper_hw_platform_0/design_1_wrapper.bit"
22:34:02 INFO  : Connected to target on host '127.0.0.1' and port '3121'.
22:34:03 INFO  : 'targets -set -filter {jtag_cable_name =~ "Digilent Zybo 210279572676A" && level==0} -index 1' command is executed.
22:34:04 INFO  : FPGA configured successfully with bitstream "C:/Users/20002890/zybo_ws2812/zybo_ws2812.sdk/design_1_wrapper_hw_platform_0/design_1_wrapper.bit"
22:34:13 INFO  : Connected to target on host '127.0.0.1' and port '3121'.
22:34:13 INFO  : 'targets -set -filter {jtag_cable_name =~ "Digilent Zybo 210279572676A" && level==0} -index 1' command is executed.
22:34:14 INFO  : FPGA configured successfully with bitstream "C:/Users/20002890/zybo_ws2812/zybo_ws2812.sdk/design_1_wrapper_hw_platform_0/design_1_wrapper.bit"
22:34:33 INFO  : Connected to target on host '127.0.0.1' and port '3121'.
22:34:33 INFO  : 'targets -set -filter {jtag_cable_name =~ "Digilent Zybo 210279572676A" && level==0} -index 1' command is executed.
22:34:34 INFO  : FPGA configured successfully with bitstream "C:/Users/20002890/zybo_ws2812/zybo_ws2812.sdk/design_1_wrapper_hw_platform_0/design_1_wrapper.bit"
22:34:42 INFO  : Connected to target on host '127.0.0.1' and port '3121'.
22:34:42 INFO  : 'targets -set -filter {jtag_cable_name =~ "Digilent Zybo 210279572676A" && level==0} -index 1' command is executed.
22:34:43 INFO  : FPGA configured successfully with bitstream "C:/Users/20002890/zybo_ws2812/zybo_ws2812.sdk/design_1_wrapper_hw_platform_0/design_1_wrapper.bit"
22:35:15 INFO  : Disconnected from the channel tcfchan#6.
