12:50:15 INFO  : Registering command handlers for SDK TCF services
12:50:16 INFO  : Launching XSCT server: xsct.bat -interactive D:\FPGA\ZYBO_UDP\SDK2\temp_xsdb_launch_script.tcl
12:50:23 INFO  : XSCT server has started successfully.
12:50:25 INFO  : Successfully done setting XSCT server connection channel  
12:50:25 INFO  : Successfully done setting SDK workspace  
12:50:25 INFO  : Processing command line option -hwspec D:/FPGA/ZYBO_UDP/SDK2/design_1_wrapper.hdf.
12:54:27 INFO  : Launching XSCT server: xsct.bat -interactive D:\FPGA\ZYBO_UDP\SDK2\temp_xsdb_launch_script.tcl
12:54:31 INFO  : XSCT server has started successfully.
12:54:36 INFO  : Successfully done setting XSCT server connection channel  
12:54:37 INFO  : Successfully done setting SDK workspace  
12:54:39 INFO  : Registering command handlers for SDK TCF services
12:54:42 INFO  : Processing command line option -hwspec D:/FPGA/ZYBO_UDP/SDK2/design_1_wrapper.hdf.
12:54:42 INFO  : Checking for hwspec changes in the project design_1_wrapper_hw_platform_0.
13:05:00 INFO  : 'targets -set -filter {jtag_cable_name =~ "Digilent Zybo 210279574222A" && level==0} -index 1' command is executed.
13:05:00 INFO  : 'fpga -state' command is executed.
13:05:00 INFO  : Connected to target on host '127.0.0.1' and port '3121'.
13:05:00 INFO  : Jtag cable 'Digilent Zybo 210279574222A' is selected.
13:05:00 INFO  : 'jtag frequency' command is executed.
13:05:00 INFO  : Sourcing of 'D:/FPGA/ZYBO_UDP/SDK2/design_1_wrapper_hw_platform_0/ps7_init.tcl' is done.
13:05:00 INFO  : Context for 'APU' is selected.
13:05:00 INFO  : Hardware design information is loaded from 'D:/FPGA/ZYBO_UDP/SDK2/design_1_wrapper_hw_platform_0/system.hdf'.
13:05:00 INFO  : 'configparams force-mem-access 1' command is executed.
13:05:00 INFO  : Context for 'APU' is selected.
13:05:00 INFO  : 'stop' command is executed.
13:05:01 INFO  : 'ps7_init' command is executed.
13:05:01 INFO  : 'ps7_post_config' command is executed.
13:05:01 INFO  : Context for processor 'ps7_cortexa9_0' is selected.
13:05:01 INFO  : Processor reset is completed for 'ps7_cortexa9_0'.
13:05:01 INFO  : Context for processor 'ps7_cortexa9_0' is selected.
13:05:02 INFO  : The application 'D:/FPGA/ZYBO_UDP/SDK2/HelloWorld/Debug/HelloWorld.elf' is downloaded to processor 'ps7_cortexa9_0'.
13:05:02 INFO  : 'configparams force-mem-access 0' command is executed.
13:05:02 INFO  : ----------------XSDB Script----------------
connect -url tcp:127.0.0.1:3121
source D:/FPGA/ZYBO_UDP/SDK2/design_1_wrapper_hw_platform_0/ps7_init.tcl
targets -set -nocase -filter {name =~"APU*" && jtag_cable_name =~ "Digilent Zybo 210279574222A"} -index 0
loadhw -hw D:/FPGA/ZYBO_UDP/SDK2/design_1_wrapper_hw_platform_0/system.hdf -mem-ranges [list {0x40000000 0xbfffffff}]
configparams force-mem-access 1
targets -set -nocase -filter {name =~"APU*" && jtag_cable_name =~ "Digilent Zybo 210279574222A"} -index 0
stop
ps7_init
ps7_post_config
targets -set -nocase -filter {name =~ "ARM*#0" && jtag_cable_name =~ "Digilent Zybo 210279574222A"} -index 0
rst -processor
targets -set -nocase -filter {name =~ "ARM*#0" && jtag_cable_name =~ "Digilent Zybo 210279574222A"} -index 0
dow D:/FPGA/ZYBO_UDP/SDK2/HelloWorld/Debug/HelloWorld.elf
configparams force-mem-access 0
----------------End of Script----------------

13:05:02 INFO  : Memory regions updated for context APU
13:05:02 INFO  : Context for processor 'ps7_cortexa9_0' is selected.
13:05:02 INFO  : 'con' command is executed.
13:05:02 INFO  : ----------------XSDB Script (After Launch)----------------
targets -set -nocase -filter {name =~ "ARM*#0" && jtag_cable_name =~ "Digilent Zybo 210279574222A"} -index 0
con
----------------End of Script----------------

13:05:02 INFO  : Launch script is exported to file 'D:\FPGA\ZYBO_UDP\SDK2\.sdk\launch_scripts\xilinx_c-c++_application_(system_debugger)\system_debugger_using_debug_helloworld.elf_on_local.tcl'
13:13:31 INFO  : Disconnected from the channel tcfchan#1.
13:13:33 INFO  : 'targets -set -filter {jtag_cable_name =~ "Digilent Zybo 210279574222A" && level==0} -index 1' command is executed.
13:13:33 INFO  : 'fpga -state' command is executed.
13:13:33 INFO  : Connected to target on host '127.0.0.1' and port '3121'.
13:13:33 INFO  : Jtag cable 'Digilent Zybo 210279574222A' is selected.
13:13:33 INFO  : 'jtag frequency' command is executed.
13:13:33 INFO  : Sourcing of 'D:/FPGA/ZYBO_UDP/SDK2/design_1_wrapper_hw_platform_0/ps7_init.tcl' is done.
13:13:33 INFO  : Context for 'APU' is selected.
13:13:36 INFO  : Hardware design information is loaded from 'D:/FPGA/ZYBO_UDP/SDK2/design_1_wrapper_hw_platform_0/system.hdf'.
13:13:36 INFO  : 'configparams force-mem-access 1' command is executed.
13:13:36 INFO  : Context for 'APU' is selected.
13:13:36 INFO  : 'stop' command is executed.
13:13:36 INFO  : 'ps7_init' command is executed.
13:13:36 INFO  : 'ps7_post_config' command is executed.
13:13:36 INFO  : Context for processor 'ps7_cortexa9_0' is selected.
13:13:36 INFO  : Processor reset is completed for 'ps7_cortexa9_0'.
13:13:36 INFO  : Context for processor 'ps7_cortexa9_0' is selected.
13:13:37 INFO  : The application 'D:/FPGA/ZYBO_UDP/SDK2/ZYBO_UDP/Debug/ZYBO_UDP.elf' is downloaded to processor 'ps7_cortexa9_0'.
13:13:37 INFO  : 'configparams force-mem-access 0' command is executed.
13:13:37 INFO  : ----------------XSDB Script----------------
connect -url tcp:127.0.0.1:3121
source D:/FPGA/ZYBO_UDP/SDK2/design_1_wrapper_hw_platform_0/ps7_init.tcl
targets -set -nocase -filter {name =~"APU*" && jtag_cable_name =~ "Digilent Zybo 210279574222A"} -index 0
loadhw -hw D:/FPGA/ZYBO_UDP/SDK2/design_1_wrapper_hw_platform_0/system.hdf -mem-ranges [list {0x40000000 0xbfffffff}]
configparams force-mem-access 1
targets -set -nocase -filter {name =~"APU*" && jtag_cable_name =~ "Digilent Zybo 210279574222A"} -index 0
stop
ps7_init
ps7_post_config
targets -set -nocase -filter {name =~ "ARM*#0" && jtag_cable_name =~ "Digilent Zybo 210279574222A"} -index 0
rst -processor
targets -set -nocase -filter {name =~ "ARM*#0" && jtag_cable_name =~ "Digilent Zybo 210279574222A"} -index 0
dow D:/FPGA/ZYBO_UDP/SDK2/ZYBO_UDP/Debug/ZYBO_UDP.elf
configparams force-mem-access 0
----------------End of Script----------------

13:13:37 INFO  : Memory regions updated for context APU
13:13:37 INFO  : Context for processor 'ps7_cortexa9_0' is selected.
13:13:37 INFO  : 'con' command is executed.
13:13:37 INFO  : ----------------XSDB Script (After Launch)----------------
targets -set -nocase -filter {name =~ "ARM*#0" && jtag_cable_name =~ "Digilent Zybo 210279574222A"} -index 0
con
----------------End of Script----------------

13:13:37 INFO  : Launch script is exported to file 'D:\FPGA\ZYBO_UDP\SDK2\.sdk\launch_scripts\xilinx_c-c++_application_(system_debugger)\system_debugger_using_debug_zybo_udp.elf_on_local.tcl'
13:23:28 INFO  : Disconnected from the channel tcfchan#2.
13:23:29 INFO  : 'targets -set -filter {jtag_cable_name =~ "Digilent Zybo 210279574222A" && level==0} -index 1' command is executed.
13:23:29 INFO  : 'fpga -state' command is executed.
13:23:29 INFO  : Connected to target on host '127.0.0.1' and port '3121'.
13:23:29 INFO  : Jtag cable 'Digilent Zybo 210279574222A' is selected.
13:23:29 INFO  : 'jtag frequency' command is executed.
13:23:29 INFO  : Sourcing of 'D:/FPGA/ZYBO_UDP/SDK2/design_1_wrapper_hw_platform_0/ps7_init.tcl' is done.
13:23:29 INFO  : Context for 'APU' is selected.
13:23:31 INFO  : Hardware design information is loaded from 'D:/FPGA/ZYBO_UDP/SDK2/design_1_wrapper_hw_platform_0/system.hdf'.
13:23:31 INFO  : 'configparams force-mem-access 1' command is executed.
13:23:31 INFO  : Context for 'APU' is selected.
13:23:31 INFO  : 'stop' command is executed.
13:23:32 INFO  : 'ps7_init' command is executed.
13:23:32 INFO  : 'ps7_post_config' command is executed.
13:23:32 INFO  : Context for processor 'ps7_cortexa9_0' is selected.
13:23:32 INFO  : Processor reset is completed for 'ps7_cortexa9_0'.
13:23:32 INFO  : Context for processor 'ps7_cortexa9_0' is selected.
13:23:32 INFO  : The application 'D:/FPGA/ZYBO_UDP/SDK2/ZYBO_UDP/Debug/ZYBO_UDP.elf' is downloaded to processor 'ps7_cortexa9_0'.
13:23:32 INFO  : 'configparams force-mem-access 0' command is executed.
13:23:32 INFO  : ----------------XSDB Script----------------
connect -url tcp:127.0.0.1:3121
source D:/FPGA/ZYBO_UDP/SDK2/design_1_wrapper_hw_platform_0/ps7_init.tcl
targets -set -nocase -filter {name =~"APU*" && jtag_cable_name =~ "Digilent Zybo 210279574222A"} -index 0
loadhw -hw D:/FPGA/ZYBO_UDP/SDK2/design_1_wrapper_hw_platform_0/system.hdf -mem-ranges [list {0x40000000 0xbfffffff}]
configparams force-mem-access 1
targets -set -nocase -filter {name =~"APU*" && jtag_cable_name =~ "Digilent Zybo 210279574222A"} -index 0
stop
ps7_init
ps7_post_config
targets -set -nocase -filter {name =~ "ARM*#0" && jtag_cable_name =~ "Digilent Zybo 210279574222A"} -index 0
rst -processor
targets -set -nocase -filter {name =~ "ARM*#0" && jtag_cable_name =~ "Digilent Zybo 210279574222A"} -index 0
dow D:/FPGA/ZYBO_UDP/SDK2/ZYBO_UDP/Debug/ZYBO_UDP.elf
configparams force-mem-access 0
----------------End of Script----------------

13:23:32 INFO  : Memory regions updated for context APU
13:23:32 INFO  : Context for processor 'ps7_cortexa9_0' is selected.
13:23:32 INFO  : 'con' command is executed.
13:23:32 INFO  : ----------------XSDB Script (After Launch)----------------
targets -set -nocase -filter {name =~ "ARM*#0" && jtag_cable_name =~ "Digilent Zybo 210279574222A"} -index 0
con
----------------End of Script----------------

13:23:32 INFO  : Launch script is exported to file 'D:\FPGA\ZYBO_UDP\SDK2\.sdk\launch_scripts\xilinx_c-c++_application_(system_debugger)\system_debugger_using_debug_zybo_udp.elf_on_local.tcl'
13:26:04 INFO  : Disconnected from the channel tcfchan#3.
13:26:05 INFO  : 'targets -set -filter {jtag_cable_name =~ "Digilent Zybo 210279574222A" && level==0} -index 1' command is executed.
13:26:05 INFO  : 'fpga -state' command is executed.
13:26:05 INFO  : Connected to target on host '127.0.0.1' and port '3121'.
13:26:05 INFO  : Jtag cable 'Digilent Zybo 210279574222A' is selected.
13:26:05 INFO  : 'jtag frequency' command is executed.
13:26:05 INFO  : Sourcing of 'D:/FPGA/ZYBO_UDP/SDK2/design_1_wrapper_hw_platform_0/ps7_init.tcl' is done.
13:26:05 INFO  : Context for 'APU' is selected.
13:26:07 INFO  : Hardware design information is loaded from 'D:/FPGA/ZYBO_UDP/SDK2/design_1_wrapper_hw_platform_0/system.hdf'.
13:26:07 INFO  : 'configparams force-mem-access 1' command is executed.
13:26:07 INFO  : Context for 'APU' is selected.
13:26:07 INFO  : 'stop' command is executed.
13:26:08 INFO  : 'ps7_init' command is executed.
13:26:08 INFO  : 'ps7_post_config' command is executed.
13:26:08 INFO  : Context for processor 'ps7_cortexa9_0' is selected.
13:26:08 INFO  : Processor reset is completed for 'ps7_cortexa9_0'.
13:26:08 INFO  : Context for processor 'ps7_cortexa9_0' is selected.
13:26:08 INFO  : The application 'D:/FPGA/ZYBO_UDP/SDK2/ZYBO_UDP/Debug/ZYBO_UDP.elf' is downloaded to processor 'ps7_cortexa9_0'.
13:26:08 INFO  : 'configparams force-mem-access 0' command is executed.
13:26:08 INFO  : ----------------XSDB Script----------------
connect -url tcp:127.0.0.1:3121
source D:/FPGA/ZYBO_UDP/SDK2/design_1_wrapper_hw_platform_0/ps7_init.tcl
targets -set -nocase -filter {name =~"APU*" && jtag_cable_name =~ "Digilent Zybo 210279574222A"} -index 0
loadhw -hw D:/FPGA/ZYBO_UDP/SDK2/design_1_wrapper_hw_platform_0/system.hdf -mem-ranges [list {0x40000000 0xbfffffff}]
configparams force-mem-access 1
targets -set -nocase -filter {name =~"APU*" && jtag_cable_name =~ "Digilent Zybo 210279574222A"} -index 0
stop
ps7_init
ps7_post_config
targets -set -nocase -filter {name =~ "ARM*#0" && jtag_cable_name =~ "Digilent Zybo 210279574222A"} -index 0
rst -processor
targets -set -nocase -filter {name =~ "ARM*#0" && jtag_cable_name =~ "Digilent Zybo 210279574222A"} -index 0
dow D:/FPGA/ZYBO_UDP/SDK2/ZYBO_UDP/Debug/ZYBO_UDP.elf
configparams force-mem-access 0
----------------End of Script----------------

13:26:08 INFO  : Memory regions updated for context APU
13:26:08 INFO  : Context for processor 'ps7_cortexa9_0' is selected.
13:26:08 INFO  : 'con' command is executed.
13:26:08 INFO  : ----------------XSDB Script (After Launch)----------------
targets -set -nocase -filter {name =~ "ARM*#0" && jtag_cable_name =~ "Digilent Zybo 210279574222A"} -index 0
con
----------------End of Script----------------

13:26:08 INFO  : Launch script is exported to file 'D:\FPGA\ZYBO_UDP\SDK2\.sdk\launch_scripts\xilinx_c-c++_application_(system_debugger)\system_debugger_using_debug_zybo_udp.elf_on_local.tcl'
13:30:35 INFO  : Disconnected from the channel tcfchan#4.
13:30:36 INFO  : 'targets -set -filter {jtag_cable_name =~ "Digilent Zybo 210279574222A" && level==0} -index 1' command is executed.
13:30:36 INFO  : 'fpga -state' command is executed.
13:30:36 INFO  : Connected to target on host '127.0.0.1' and port '3121'.
13:30:36 INFO  : Jtag cable 'Digilent Zybo 210279574222A' is selected.
13:30:36 INFO  : 'jtag frequency' command is executed.
13:30:36 INFO  : Sourcing of 'D:/FPGA/ZYBO_UDP/SDK2/design_1_wrapper_hw_platform_0/ps7_init.tcl' is done.
13:30:36 INFO  : Context for 'APU' is selected.
13:30:38 INFO  : Hardware design information is loaded from 'D:/FPGA/ZYBO_UDP/SDK2/design_1_wrapper_hw_platform_0/system.hdf'.
13:30:38 INFO  : 'configparams force-mem-access 1' command is executed.
13:30:38 INFO  : Context for 'APU' is selected.
13:30:38 INFO  : 'stop' command is executed.
13:30:39 INFO  : 'ps7_init' command is executed.
13:30:39 INFO  : 'ps7_post_config' command is executed.
13:30:39 INFO  : Context for processor 'ps7_cortexa9_0' is selected.
13:30:39 INFO  : Processor reset is completed for 'ps7_cortexa9_0'.
13:30:39 INFO  : Context for processor 'ps7_cortexa9_0' is selected.
13:30:39 INFO  : The application 'D:/FPGA/ZYBO_UDP/SDK2/ZYBO_UDP/Debug/ZYBO_UDP.elf' is downloaded to processor 'ps7_cortexa9_0'.
13:30:39 INFO  : 'configparams force-mem-access 0' command is executed.
13:30:39 INFO  : ----------------XSDB Script----------------
connect -url tcp:127.0.0.1:3121
source D:/FPGA/ZYBO_UDP/SDK2/design_1_wrapper_hw_platform_0/ps7_init.tcl
targets -set -nocase -filter {name =~"APU*" && jtag_cable_name =~ "Digilent Zybo 210279574222A"} -index 0
loadhw -hw D:/FPGA/ZYBO_UDP/SDK2/design_1_wrapper_hw_platform_0/system.hdf -mem-ranges [list {0x40000000 0xbfffffff}]
configparams force-mem-access 1
targets -set -nocase -filter {name =~"APU*" && jtag_cable_name =~ "Digilent Zybo 210279574222A"} -index 0
stop
ps7_init
ps7_post_config
targets -set -nocase -filter {name =~ "ARM*#0" && jtag_cable_name =~ "Digilent Zybo 210279574222A"} -index 0
rst -processor
targets -set -nocase -filter {name =~ "ARM*#0" && jtag_cable_name =~ "Digilent Zybo 210279574222A"} -index 0
dow D:/FPGA/ZYBO_UDP/SDK2/ZYBO_UDP/Debug/ZYBO_UDP.elf
configparams force-mem-access 0
----------------End of Script----------------

13:30:40 INFO  : Memory regions updated for context APU
13:30:40 INFO  : Context for processor 'ps7_cortexa9_0' is selected.
13:30:40 INFO  : 'con' command is executed.
13:30:40 INFO  : ----------------XSDB Script (After Launch)----------------
targets -set -nocase -filter {name =~ "ARM*#0" && jtag_cable_name =~ "Digilent Zybo 210279574222A"} -index 0
con
----------------End of Script----------------

13:30:40 INFO  : Launch script is exported to file 'D:\FPGA\ZYBO_UDP\SDK2\.sdk\launch_scripts\xilinx_c-c++_application_(system_debugger)\system_debugger_using_debug_zybo_udp.elf_on_local.tcl'
13:33:24 INFO  : Disconnected from the channel tcfchan#5.
13:33:25 INFO  : 'targets -set -filter {jtag_cable_name =~ "Digilent Zybo 210279574222A" && level==0} -index 1' command is executed.
13:33:25 INFO  : 'fpga -state' command is executed.
13:33:25 INFO  : Connected to target on host '127.0.0.1' and port '3121'.
13:33:26 INFO  : Jtag cable 'Digilent Zybo 210279574222A' is selected.
13:33:26 INFO  : 'jtag frequency' command is executed.
13:33:26 INFO  : Sourcing of 'D:/FPGA/ZYBO_UDP/SDK2/design_1_wrapper_hw_platform_0/ps7_init.tcl' is done.
13:33:26 INFO  : Context for 'APU' is selected.
13:33:28 INFO  : Hardware design information is loaded from 'D:/FPGA/ZYBO_UDP/SDK2/design_1_wrapper_hw_platform_0/system.hdf'.
13:33:28 INFO  : 'configparams force-mem-access 1' command is executed.
13:33:28 INFO  : Context for 'APU' is selected.
13:33:28 INFO  : 'stop' command is executed.
13:33:29 INFO  : 'ps7_init' command is executed.
13:33:29 INFO  : 'ps7_post_config' command is executed.
13:33:29 INFO  : Context for processor 'ps7_cortexa9_0' is selected.
13:33:29 INFO  : Processor reset is completed for 'ps7_cortexa9_0'.
13:33:29 INFO  : Context for processor 'ps7_cortexa9_0' is selected.
13:33:29 INFO  : The application 'D:/FPGA/ZYBO_UDP/SDK2/ZYBO_UDP/Debug/ZYBO_UDP.elf' is downloaded to processor 'ps7_cortexa9_0'.
13:33:29 INFO  : 'configparams force-mem-access 0' command is executed.
13:33:29 INFO  : ----------------XSDB Script----------------
connect -url tcp:127.0.0.1:3121
source D:/FPGA/ZYBO_UDP/SDK2/design_1_wrapper_hw_platform_0/ps7_init.tcl
targets -set -nocase -filter {name =~"APU*" && jtag_cable_name =~ "Digilent Zybo 210279574222A"} -index 0
loadhw -hw D:/FPGA/ZYBO_UDP/SDK2/design_1_wrapper_hw_platform_0/system.hdf -mem-ranges [list {0x40000000 0xbfffffff}]
configparams force-mem-access 1
targets -set -nocase -filter {name =~"APU*" && jtag_cable_name =~ "Digilent Zybo 210279574222A"} -index 0
stop
ps7_init
ps7_post_config
targets -set -nocase -filter {name =~ "ARM*#0" && jtag_cable_name =~ "Digilent Zybo 210279574222A"} -index 0
rst -processor
targets -set -nocase -filter {name =~ "ARM*#0" && jtag_cable_name =~ "Digilent Zybo 210279574222A"} -index 0
dow D:/FPGA/ZYBO_UDP/SDK2/ZYBO_UDP/Debug/ZYBO_UDP.elf
configparams force-mem-access 0
----------------End of Script----------------

13:33:30 INFO  : Memory regions updated for context APU
13:33:30 INFO  : Context for processor 'ps7_cortexa9_0' is selected.
13:33:30 INFO  : 'con' command is executed.
13:33:30 INFO  : ----------------XSDB Script (After Launch)----------------
targets -set -nocase -filter {name =~ "ARM*#0" && jtag_cable_name =~ "Digilent Zybo 210279574222A"} -index 0
con
----------------End of Script----------------

13:33:30 INFO  : Launch script is exported to file 'D:\FPGA\ZYBO_UDP\SDK2\.sdk\launch_scripts\xilinx_c-c++_application_(system_debugger)\system_debugger_using_debug_zybo_udp.elf_on_local.tcl'
13:34:56 INFO  : Disconnected from the channel tcfchan#6.
13:34:57 INFO  : 'targets -set -filter {jtag_cable_name =~ "Digilent Zybo 210279574222A" && level==0} -index 1' command is executed.
13:34:57 INFO  : 'fpga -state' command is executed.
13:34:57 INFO  : Connected to target on host '127.0.0.1' and port '3121'.
13:34:57 INFO  : Jtag cable 'Digilent Zybo 210279574222A' is selected.
13:34:57 INFO  : 'jtag frequency' command is executed.
13:34:57 INFO  : Sourcing of 'D:/FPGA/ZYBO_UDP/SDK2/design_1_wrapper_hw_platform_0/ps7_init.tcl' is done.
13:34:57 INFO  : Context for 'APU' is selected.
13:35:00 INFO  : Hardware design information is loaded from 'D:/FPGA/ZYBO_UDP/SDK2/design_1_wrapper_hw_platform_0/system.hdf'.
13:35:00 INFO  : 'configparams force-mem-access 1' command is executed.
13:35:00 INFO  : Context for 'APU' is selected.
13:35:00 INFO  : 'stop' command is executed.
13:35:01 INFO  : 'ps7_init' command is executed.
13:35:01 INFO  : 'ps7_post_config' command is executed.
13:35:01 INFO  : Context for processor 'ps7_cortexa9_0' is selected.
13:35:01 INFO  : Processor reset is completed for 'ps7_cortexa9_0'.
13:35:01 INFO  : Context for processor 'ps7_cortexa9_0' is selected.
13:35:01 INFO  : The application 'D:/FPGA/ZYBO_UDP/SDK2/ZYBO_UDP/Debug/ZYBO_UDP.elf' is downloaded to processor 'ps7_cortexa9_0'.
13:35:01 INFO  : 'configparams force-mem-access 0' command is executed.
13:35:01 INFO  : ----------------XSDB Script----------------
connect -url tcp:127.0.0.1:3121
source D:/FPGA/ZYBO_UDP/SDK2/design_1_wrapper_hw_platform_0/ps7_init.tcl
targets -set -nocase -filter {name =~"APU*" && jtag_cable_name =~ "Digilent Zybo 210279574222A"} -index 0
loadhw -hw D:/FPGA/ZYBO_UDP/SDK2/design_1_wrapper_hw_platform_0/system.hdf -mem-ranges [list {0x40000000 0xbfffffff}]
configparams force-mem-access 1
targets -set -nocase -filter {name =~"APU*" && jtag_cable_name =~ "Digilent Zybo 210279574222A"} -index 0
stop
ps7_init
ps7_post_config
targets -set -nocase -filter {name =~ "ARM*#0" && jtag_cable_name =~ "Digilent Zybo 210279574222A"} -index 0
rst -processor
targets -set -nocase -filter {name =~ "ARM*#0" && jtag_cable_name =~ "Digilent Zybo 210279574222A"} -index 0
dow D:/FPGA/ZYBO_UDP/SDK2/ZYBO_UDP/Debug/ZYBO_UDP.elf
configparams force-mem-access 0
----------------End of Script----------------

13:35:01 INFO  : Memory regions updated for context APU
13:35:01 INFO  : Context for processor 'ps7_cortexa9_0' is selected.
13:35:01 INFO  : 'con' command is executed.
13:35:01 INFO  : ----------------XSDB Script (After Launch)----------------
targets -set -nocase -filter {name =~ "ARM*#0" && jtag_cable_name =~ "Digilent Zybo 210279574222A"} -index 0
con
----------------End of Script----------------

13:35:01 INFO  : Launch script is exported to file 'D:\FPGA\ZYBO_UDP\SDK2\.sdk\launch_scripts\xilinx_c-c++_application_(system_debugger)\system_debugger_using_debug_zybo_udp.elf_on_local.tcl'
13:39:20 INFO  : Disconnected from the channel tcfchan#7.
13:39:22 INFO  : 'targets -set -filter {jtag_cable_name =~ "Digilent Zybo 210279574222A" && level==0} -index 1' command is executed.
13:39:22 INFO  : 'fpga -state' command is executed.
13:39:22 INFO  : Connected to target on host '127.0.0.1' and port '3121'.
13:39:22 INFO  : Jtag cable 'Digilent Zybo 210279574222A' is selected.
13:39:22 INFO  : 'jtag frequency' command is executed.
13:39:22 INFO  : Sourcing of 'D:/FPGA/ZYBO_UDP/SDK2/design_1_wrapper_hw_platform_0/ps7_init.tcl' is done.
13:39:22 INFO  : Context for 'APU' is selected.
13:39:25 INFO  : Hardware design information is loaded from 'D:/FPGA/ZYBO_UDP/SDK2/design_1_wrapper_hw_platform_0/system.hdf'.
13:39:25 INFO  : 'configparams force-mem-access 1' command is executed.
13:39:25 INFO  : Context for 'APU' is selected.
13:39:25 INFO  : 'stop' command is executed.
13:39:25 INFO  : 'ps7_init' command is executed.
13:39:25 INFO  : 'ps7_post_config' command is executed.
13:39:25 INFO  : Context for processor 'ps7_cortexa9_0' is selected.
13:39:25 INFO  : Processor reset is completed for 'ps7_cortexa9_0'.
13:39:25 INFO  : Context for processor 'ps7_cortexa9_0' is selected.
13:39:26 INFO  : The application 'D:/FPGA/ZYBO_UDP/SDK2/ZYBO_UDP/Debug/ZYBO_UDP.elf' is downloaded to processor 'ps7_cortexa9_0'.
13:39:26 INFO  : 'configparams force-mem-access 0' command is executed.
13:39:26 INFO  : ----------------XSDB Script----------------
connect -url tcp:127.0.0.1:3121
source D:/FPGA/ZYBO_UDP/SDK2/design_1_wrapper_hw_platform_0/ps7_init.tcl
targets -set -nocase -filter {name =~"APU*" && jtag_cable_name =~ "Digilent Zybo 210279574222A"} -index 0
loadhw -hw D:/FPGA/ZYBO_UDP/SDK2/design_1_wrapper_hw_platform_0/system.hdf -mem-ranges [list {0x40000000 0xbfffffff}]
configparams force-mem-access 1
targets -set -nocase -filter {name =~"APU*" && jtag_cable_name =~ "Digilent Zybo 210279574222A"} -index 0
stop
ps7_init
ps7_post_config
targets -set -nocase -filter {name =~ "ARM*#0" && jtag_cable_name =~ "Digilent Zybo 210279574222A"} -index 0
rst -processor
targets -set -nocase -filter {name =~ "ARM*#0" && jtag_cable_name =~ "Digilent Zybo 210279574222A"} -index 0
dow D:/FPGA/ZYBO_UDP/SDK2/ZYBO_UDP/Debug/ZYBO_UDP.elf
configparams force-mem-access 0
----------------End of Script----------------

13:39:26 INFO  : Memory regions updated for context APU
13:39:26 INFO  : Context for processor 'ps7_cortexa9_0' is selected.
13:39:26 INFO  : 'con' command is executed.
13:39:26 INFO  : ----------------XSDB Script (After Launch)----------------
targets -set -nocase -filter {name =~ "ARM*#0" && jtag_cable_name =~ "Digilent Zybo 210279574222A"} -index 0
con
----------------End of Script----------------

13:39:26 INFO  : Launch script is exported to file 'D:\FPGA\ZYBO_UDP\SDK2\.sdk\launch_scripts\xilinx_c-c++_application_(system_debugger)\system_debugger_using_debug_zybo_udp.elf_on_local.tcl'
13:42:15 INFO  : Disconnected from the channel tcfchan#8.
13:42:17 INFO  : 'targets -set -filter {jtag_cable_name =~ "Digilent Zybo 210279574222A" && level==0} -index 1' command is executed.
13:42:17 INFO  : 'fpga -state' command is executed.
13:42:17 INFO  : Connected to target on host '127.0.0.1' and port '3121'.
13:42:17 INFO  : Jtag cable 'Digilent Zybo 210279574222A' is selected.
13:42:17 INFO  : 'jtag frequency' command is executed.
13:42:17 INFO  : Sourcing of 'D:/FPGA/ZYBO_UDP/SDK2/design_1_wrapper_hw_platform_0/ps7_init.tcl' is done.
13:42:17 INFO  : Context for 'APU' is selected.
13:42:20 INFO  : Hardware design information is loaded from 'D:/FPGA/ZYBO_UDP/SDK2/design_1_wrapper_hw_platform_0/system.hdf'.
13:42:20 INFO  : 'configparams force-mem-access 1' command is executed.
13:42:20 INFO  : Context for 'APU' is selected.
13:42:20 INFO  : 'stop' command is executed.
13:42:21 INFO  : 'ps7_init' command is executed.
13:42:21 INFO  : 'ps7_post_config' command is executed.
13:42:21 INFO  : Context for processor 'ps7_cortexa9_0' is selected.
13:42:21 INFO  : Processor reset is completed for 'ps7_cortexa9_0'.
13:42:21 INFO  : Context for processor 'ps7_cortexa9_0' is selected.
13:42:22 INFO  : The application 'D:/FPGA/ZYBO_UDP/SDK2/ZYBO_UDP/Debug/ZYBO_UDP.elf' is downloaded to processor 'ps7_cortexa9_0'.
13:42:22 INFO  : 'configparams force-mem-access 0' command is executed.
13:42:22 INFO  : ----------------XSDB Script----------------
connect -url tcp:127.0.0.1:3121
source D:/FPGA/ZYBO_UDP/SDK2/design_1_wrapper_hw_platform_0/ps7_init.tcl
targets -set -nocase -filter {name =~"APU*" && jtag_cable_name =~ "Digilent Zybo 210279574222A"} -index 0
loadhw -hw D:/FPGA/ZYBO_UDP/SDK2/design_1_wrapper_hw_platform_0/system.hdf -mem-ranges [list {0x40000000 0xbfffffff}]
configparams force-mem-access 1
targets -set -nocase -filter {name =~"APU*" && jtag_cable_name =~ "Digilent Zybo 210279574222A"} -index 0
stop
ps7_init
ps7_post_config
targets -set -nocase -filter {name =~ "ARM*#0" && jtag_cable_name =~ "Digilent Zybo 210279574222A"} -index 0
rst -processor
targets -set -nocase -filter {name =~ "ARM*#0" && jtag_cable_name =~ "Digilent Zybo 210279574222A"} -index 0
dow D:/FPGA/ZYBO_UDP/SDK2/ZYBO_UDP/Debug/ZYBO_UDP.elf
configparams force-mem-access 0
----------------End of Script----------------

13:42:22 INFO  : Memory regions updated for context APU
13:42:22 INFO  : Context for processor 'ps7_cortexa9_0' is selected.
13:42:22 INFO  : 'con' command is executed.
13:42:22 INFO  : ----------------XSDB Script (After Launch)----------------
targets -set -nocase -filter {name =~ "ARM*#0" && jtag_cable_name =~ "Digilent Zybo 210279574222A"} -index 0
con
----------------End of Script----------------

13:42:22 INFO  : Launch script is exported to file 'D:\FPGA\ZYBO_UDP\SDK2\.sdk\launch_scripts\xilinx_c-c++_application_(system_debugger)\system_debugger_using_debug_zybo_udp.elf_on_local.tcl'
13:49:53 INFO  : Disconnected from the channel tcfchan#9.
13:49:54 INFO  : 'targets -set -filter {jtag_cable_name =~ "Digilent Zybo 210279574222A" && level==0} -index 1' command is executed.
13:49:54 INFO  : 'fpga -state' command is executed.
13:49:54 INFO  : Connected to target on host '127.0.0.1' and port '3121'.
13:49:55 INFO  : Jtag cable 'Digilent Zybo 210279574222A' is selected.
13:49:55 INFO  : 'jtag frequency' command is executed.
13:49:55 INFO  : Sourcing of 'D:/FPGA/ZYBO_UDP/SDK2/design_1_wrapper_hw_platform_0/ps7_init.tcl' is done.
13:49:55 INFO  : Context for 'APU' is selected.
13:49:57 INFO  : Hardware design information is loaded from 'D:/FPGA/ZYBO_UDP/SDK2/design_1_wrapper_hw_platform_0/system.hdf'.
13:49:57 INFO  : 'configparams force-mem-access 1' command is executed.
13:49:57 INFO  : Context for 'APU' is selected.
13:49:57 INFO  : 'stop' command is executed.
13:49:57 INFO  : 'ps7_init' command is executed.
13:49:57 INFO  : 'ps7_post_config' command is executed.
13:49:57 INFO  : Context for processor 'ps7_cortexa9_0' is selected.
13:49:57 INFO  : Processor reset is completed for 'ps7_cortexa9_0'.
13:49:57 INFO  : Context for processor 'ps7_cortexa9_0' is selected.
13:49:58 INFO  : The application 'D:/FPGA/ZYBO_UDP/SDK2/ZYBO_UDP/Debug/ZYBO_UDP.elf' is downloaded to processor 'ps7_cortexa9_0'.
13:49:58 INFO  : 'configparams force-mem-access 0' command is executed.
13:49:58 INFO  : ----------------XSDB Script----------------
connect -url tcp:127.0.0.1:3121
source D:/FPGA/ZYBO_UDP/SDK2/design_1_wrapper_hw_platform_0/ps7_init.tcl
targets -set -nocase -filter {name =~"APU*" && jtag_cable_name =~ "Digilent Zybo 210279574222A"} -index 0
loadhw -hw D:/FPGA/ZYBO_UDP/SDK2/design_1_wrapper_hw_platform_0/system.hdf -mem-ranges [list {0x40000000 0xbfffffff}]
configparams force-mem-access 1
targets -set -nocase -filter {name =~"APU*" && jtag_cable_name =~ "Digilent Zybo 210279574222A"} -index 0
stop
ps7_init
ps7_post_config
targets -set -nocase -filter {name =~ "ARM*#0" && jtag_cable_name =~ "Digilent Zybo 210279574222A"} -index 0
rst -processor
targets -set -nocase -filter {name =~ "ARM*#0" && jtag_cable_name =~ "Digilent Zybo 210279574222A"} -index 0
dow D:/FPGA/ZYBO_UDP/SDK2/ZYBO_UDP/Debug/ZYBO_UDP.elf
configparams force-mem-access 0
----------------End of Script----------------

13:49:58 INFO  : Memory regions updated for context APU
13:49:58 INFO  : Context for processor 'ps7_cortexa9_0' is selected.
13:49:58 INFO  : 'con' command is executed.
13:49:58 INFO  : ----------------XSDB Script (After Launch)----------------
targets -set -nocase -filter {name =~ "ARM*#0" && jtag_cable_name =~ "Digilent Zybo 210279574222A"} -index 0
con
----------------End of Script----------------

13:49:58 INFO  : Launch script is exported to file 'D:\FPGA\ZYBO_UDP\SDK2\.sdk\launch_scripts\xilinx_c-c++_application_(system_debugger)\system_debugger_using_debug_zybo_udp.elf_on_local.tcl'
14:04:01 INFO  : Disconnected from the channel tcfchan#10.
14:04:03 INFO  : 'targets -set -filter {jtag_cable_name =~ "Digilent Zybo 210279574222A" && level==0} -index 1' command is executed.
14:04:03 INFO  : 'fpga -state' command is executed.
14:04:03 INFO  : Connected to target on host '127.0.0.1' and port '3121'.
14:04:03 INFO  : Jtag cable 'Digilent Zybo 210279574222A' is selected.
14:04:03 INFO  : 'jtag frequency' command is executed.
14:04:03 INFO  : Sourcing of 'D:/FPGA/ZYBO_UDP/SDK2/design_1_wrapper_hw_platform_0/ps7_init.tcl' is done.
14:04:03 INFO  : Context for 'APU' is selected.
14:04:06 INFO  : Hardware design information is loaded from 'D:/FPGA/ZYBO_UDP/SDK2/design_1_wrapper_hw_platform_0/system.hdf'.
14:04:06 INFO  : 'configparams force-mem-access 1' command is executed.
14:04:06 INFO  : Context for 'APU' is selected.
14:04:06 INFO  : 'stop' command is executed.
14:04:06 INFO  : 'ps7_init' command is executed.
14:04:06 INFO  : 'ps7_post_config' command is executed.
14:04:06 INFO  : Context for processor 'ps7_cortexa9_0' is selected.
14:04:06 INFO  : Processor reset is completed for 'ps7_cortexa9_0'.
14:04:06 INFO  : Context for processor 'ps7_cortexa9_0' is selected.
14:04:06 INFO  : The application 'D:/FPGA/ZYBO_UDP/SDK2/ZYBO_UDP/Debug/ZYBO_UDP.elf' is downloaded to processor 'ps7_cortexa9_0'.
14:04:06 INFO  : 'configparams force-mem-access 0' command is executed.
14:04:06 INFO  : ----------------XSDB Script----------------
connect -url tcp:127.0.0.1:3121
source D:/FPGA/ZYBO_UDP/SDK2/design_1_wrapper_hw_platform_0/ps7_init.tcl
targets -set -nocase -filter {name =~"APU*" && jtag_cable_name =~ "Digilent Zybo 210279574222A"} -index 0
loadhw -hw D:/FPGA/ZYBO_UDP/SDK2/design_1_wrapper_hw_platform_0/system.hdf -mem-ranges [list {0x40000000 0xbfffffff}]
configparams force-mem-access 1
targets -set -nocase -filter {name =~"APU*" && jtag_cable_name =~ "Digilent Zybo 210279574222A"} -index 0
stop
ps7_init
ps7_post_config
targets -set -nocase -filter {name =~ "ARM*#0" && jtag_cable_name =~ "Digilent Zybo 210279574222A"} -index 0
rst -processor
targets -set -nocase -filter {name =~ "ARM*#0" && jtag_cable_name =~ "Digilent Zybo 210279574222A"} -index 0
dow D:/FPGA/ZYBO_UDP/SDK2/ZYBO_UDP/Debug/ZYBO_UDP.elf
configparams force-mem-access 0
----------------End of Script----------------

14:04:07 INFO  : Memory regions updated for context APU
14:04:07 INFO  : Context for processor 'ps7_cortexa9_0' is selected.
14:04:07 INFO  : 'con' command is executed.
14:04:07 INFO  : ----------------XSDB Script (After Launch)----------------
targets -set -nocase -filter {name =~ "ARM*#0" && jtag_cable_name =~ "Digilent Zybo 210279574222A"} -index 0
con
----------------End of Script----------------

14:04:07 INFO  : Launch script is exported to file 'D:\FPGA\ZYBO_UDP\SDK2\.sdk\launch_scripts\xilinx_c-c++_application_(system_debugger)\system_debugger_using_debug_zybo_udp.elf_on_local.tcl'
14:07:11 INFO  : Disconnected from the channel tcfchan#11.
14:07:12 INFO  : 'targets -set -filter {jtag_cable_name =~ "Digilent Zybo 210279574222A" && level==0} -index 1' command is executed.
14:07:12 INFO  : 'fpga -state' command is executed.
14:07:12 INFO  : Connected to target on host '127.0.0.1' and port '3121'.
14:07:13 INFO  : Jtag cable 'Digilent Zybo 210279574222A' is selected.
14:07:13 INFO  : 'jtag frequency' command is executed.
14:07:13 INFO  : Sourcing of 'D:/FPGA/ZYBO_UDP/SDK2/design_1_wrapper_hw_platform_0/ps7_init.tcl' is done.
14:07:13 INFO  : Context for 'APU' is selected.
14:07:15 INFO  : Hardware design information is loaded from 'D:/FPGA/ZYBO_UDP/SDK2/design_1_wrapper_hw_platform_0/system.hdf'.
14:07:15 INFO  : 'configparams force-mem-access 1' command is executed.
14:07:15 INFO  : Context for 'APU' is selected.
14:07:15 INFO  : 'stop' command is executed.
14:07:16 INFO  : 'ps7_init' command is executed.
14:07:16 INFO  : 'ps7_post_config' command is executed.
14:07:16 INFO  : Context for processor 'ps7_cortexa9_0' is selected.
14:07:16 INFO  : Processor reset is completed for 'ps7_cortexa9_0'.
14:07:16 INFO  : Context for processor 'ps7_cortexa9_0' is selected.
14:07:16 INFO  : The application 'D:/FPGA/ZYBO_UDP/SDK2/ZYBO_UDP/Debug/ZYBO_UDP.elf' is downloaded to processor 'ps7_cortexa9_0'.
14:07:16 INFO  : 'configparams force-mem-access 0' command is executed.
14:07:16 INFO  : ----------------XSDB Script----------------
connect -url tcp:127.0.0.1:3121
source D:/FPGA/ZYBO_UDP/SDK2/design_1_wrapper_hw_platform_0/ps7_init.tcl
targets -set -nocase -filter {name =~"APU*" && jtag_cable_name =~ "Digilent Zybo 210279574222A"} -index 0
loadhw -hw D:/FPGA/ZYBO_UDP/SDK2/design_1_wrapper_hw_platform_0/system.hdf -mem-ranges [list {0x40000000 0xbfffffff}]
configparams force-mem-access 1
targets -set -nocase -filter {name =~"APU*" && jtag_cable_name =~ "Digilent Zybo 210279574222A"} -index 0
stop
ps7_init
ps7_post_config
targets -set -nocase -filter {name =~ "ARM*#0" && jtag_cable_name =~ "Digilent Zybo 210279574222A"} -index 0
rst -processor
targets -set -nocase -filter {name =~ "ARM*#0" && jtag_cable_name =~ "Digilent Zybo 210279574222A"} -index 0
dow D:/FPGA/ZYBO_UDP/SDK2/ZYBO_UDP/Debug/ZYBO_UDP.elf
configparams force-mem-access 0
----------------End of Script----------------

14:07:16 INFO  : Memory regions updated for context APU
14:07:16 INFO  : Context for processor 'ps7_cortexa9_0' is selected.
14:07:16 INFO  : 'con' command is executed.
14:07:16 INFO  : ----------------XSDB Script (After Launch)----------------
targets -set -nocase -filter {name =~ "ARM*#0" && jtag_cable_name =~ "Digilent Zybo 210279574222A"} -index 0
con
----------------End of Script----------------

14:07:16 INFO  : Launch script is exported to file 'D:\FPGA\ZYBO_UDP\SDK2\.sdk\launch_scripts\xilinx_c-c++_application_(system_debugger)\system_debugger_using_debug_zybo_udp.elf_on_local.tcl'
14:09:54 INFO  : Disconnected from the channel tcfchan#12.
14:09:55 INFO  : 'targets -set -filter {jtag_cable_name =~ "Digilent Zybo 210279574222A" && level==0} -index 1' command is executed.
14:09:55 INFO  : 'fpga -state' command is executed.
14:09:55 INFO  : Connected to target on host '127.0.0.1' and port '3121'.
14:09:55 INFO  : Jtag cable 'Digilent Zybo 210279574222A' is selected.
14:09:55 INFO  : 'jtag frequency' command is executed.
14:09:55 INFO  : Sourcing of 'D:/FPGA/ZYBO_UDP/SDK2/design_1_wrapper_hw_platform_0/ps7_init.tcl' is done.
14:09:55 INFO  : Context for 'APU' is selected.
14:09:57 INFO  : Hardware design information is loaded from 'D:/FPGA/ZYBO_UDP/SDK2/design_1_wrapper_hw_platform_0/system.hdf'.
14:09:57 INFO  : 'configparams force-mem-access 1' command is executed.
14:09:57 INFO  : Context for 'APU' is selected.
14:09:57 INFO  : 'stop' command is executed.
14:09:58 INFO  : 'ps7_init' command is executed.
14:09:58 INFO  : 'ps7_post_config' command is executed.
14:09:58 INFO  : Context for processor 'ps7_cortexa9_0' is selected.
14:09:58 INFO  : Processor reset is completed for 'ps7_cortexa9_0'.
14:09:58 INFO  : Context for processor 'ps7_cortexa9_0' is selected.
14:09:58 INFO  : The application 'D:/FPGA/ZYBO_UDP/SDK2/ZYBO_UDP/Debug/ZYBO_UDP.elf' is downloaded to processor 'ps7_cortexa9_0'.
14:09:58 INFO  : 'configparams force-mem-access 0' command is executed.
14:09:58 INFO  : ----------------XSDB Script----------------
connect -url tcp:127.0.0.1:3121
source D:/FPGA/ZYBO_UDP/SDK2/design_1_wrapper_hw_platform_0/ps7_init.tcl
targets -set -nocase -filter {name =~"APU*" && jtag_cable_name =~ "Digilent Zybo 210279574222A"} -index 0
loadhw -hw D:/FPGA/ZYBO_UDP/SDK2/design_1_wrapper_hw_platform_0/system.hdf -mem-ranges [list {0x40000000 0xbfffffff}]
configparams force-mem-access 1
targets -set -nocase -filter {name =~"APU*" && jtag_cable_name =~ "Digilent Zybo 210279574222A"} -index 0
stop
ps7_init
ps7_post_config
targets -set -nocase -filter {name =~ "ARM*#0" && jtag_cable_name =~ "Digilent Zybo 210279574222A"} -index 0
rst -processor
targets -set -nocase -filter {name =~ "ARM*#0" && jtag_cable_name =~ "Digilent Zybo 210279574222A"} -index 0
dow D:/FPGA/ZYBO_UDP/SDK2/ZYBO_UDP/Debug/ZYBO_UDP.elf
configparams force-mem-access 0
----------------End of Script----------------

14:09:59 INFO  : Memory regions updated for context APU
14:09:59 INFO  : Context for processor 'ps7_cortexa9_0' is selected.
14:09:59 INFO  : 'con' command is executed.
14:09:59 INFO  : ----------------XSDB Script (After Launch)----------------
targets -set -nocase -filter {name =~ "ARM*#0" && jtag_cable_name =~ "Digilent Zybo 210279574222A"} -index 0
con
----------------End of Script----------------

14:09:59 INFO  : Launch script is exported to file 'D:\FPGA\ZYBO_UDP\SDK2\.sdk\launch_scripts\xilinx_c-c++_application_(system_debugger)\system_debugger_using_debug_zybo_udp.elf_on_local.tcl'
14:13:54 INFO  : Disconnected from the channel tcfchan#13.
14:13:55 INFO  : 'targets -set -filter {jtag_cable_name =~ "Digilent Zybo 210279574222A" && level==0} -index 1' command is executed.
14:13:55 INFO  : 'fpga -state' command is executed.
14:13:55 INFO  : Connected to target on host '127.0.0.1' and port '3121'.
14:13:55 INFO  : Jtag cable 'Digilent Zybo 210279574222A' is selected.
14:13:55 INFO  : 'jtag frequency' command is executed.
14:13:55 INFO  : Sourcing of 'D:/FPGA/ZYBO_UDP/SDK2/design_1_wrapper_hw_platform_0/ps7_init.tcl' is done.
14:13:55 INFO  : Context for 'APU' is selected.
14:13:58 INFO  : Hardware design information is loaded from 'D:/FPGA/ZYBO_UDP/SDK2/design_1_wrapper_hw_platform_0/system.hdf'.
14:13:58 INFO  : 'configparams force-mem-access 1' command is executed.
14:13:58 INFO  : Context for 'APU' is selected.
14:13:58 INFO  : 'stop' command is executed.
14:13:58 INFO  : 'ps7_init' command is executed.
14:13:58 INFO  : 'ps7_post_config' command is executed.
14:13:58 INFO  : Context for processor 'ps7_cortexa9_0' is selected.
14:13:58 INFO  : Processor reset is completed for 'ps7_cortexa9_0'.
14:13:58 INFO  : Context for processor 'ps7_cortexa9_0' is selected.
14:13:59 INFO  : The application 'D:/FPGA/ZYBO_UDP/SDK2/ZYBO_UDP/Debug/ZYBO_UDP.elf' is downloaded to processor 'ps7_cortexa9_0'.
14:13:59 INFO  : 'configparams force-mem-access 0' command is executed.
14:13:59 INFO  : ----------------XSDB Script----------------
connect -url tcp:127.0.0.1:3121
source D:/FPGA/ZYBO_UDP/SDK2/design_1_wrapper_hw_platform_0/ps7_init.tcl
targets -set -nocase -filter {name =~"APU*" && jtag_cable_name =~ "Digilent Zybo 210279574222A"} -index 0
loadhw -hw D:/FPGA/ZYBO_UDP/SDK2/design_1_wrapper_hw_platform_0/system.hdf -mem-ranges [list {0x40000000 0xbfffffff}]
configparams force-mem-access 1
targets -set -nocase -filter {name =~"APU*" && jtag_cable_name =~ "Digilent Zybo 210279574222A"} -index 0
stop
ps7_init
ps7_post_config
targets -set -nocase -filter {name =~ "ARM*#0" && jtag_cable_name =~ "Digilent Zybo 210279574222A"} -index 0
rst -processor
targets -set -nocase -filter {name =~ "ARM*#0" && jtag_cable_name =~ "Digilent Zybo 210279574222A"} -index 0
dow D:/FPGA/ZYBO_UDP/SDK2/ZYBO_UDP/Debug/ZYBO_UDP.elf
configparams force-mem-access 0
----------------End of Script----------------

14:13:59 INFO  : Memory regions updated for context APU
14:13:59 INFO  : Context for processor 'ps7_cortexa9_0' is selected.
14:13:59 INFO  : 'con' command is executed.
14:13:59 INFO  : ----------------XSDB Script (After Launch)----------------
targets -set -nocase -filter {name =~ "ARM*#0" && jtag_cable_name =~ "Digilent Zybo 210279574222A"} -index 0
con
----------------End of Script----------------

14:13:59 INFO  : Launch script is exported to file 'D:\FPGA\ZYBO_UDP\SDK2\.sdk\launch_scripts\xilinx_c-c++_application_(system_debugger)\system_debugger_using_debug_zybo_udp.elf_on_local.tcl'
14:16:04 INFO  : Disconnected from the channel tcfchan#14.
